{"/Users/jakepeterson/Sprint4-Demo/frontend/src/App.jsx": {"path":"/Users/jakepeterson/Sprint4-Demo/frontend/src/App.jsx","statementMap":{"0":{"start":{"line":20,"column":21},"end":{"line":31,"column":1}},"1":{"start":{"line":21,"column":2},"end":{"line":30,"column":6}},"2":{"start":{"line":24,"column":6},"end":{"line":28,"column":5}},"3":{"start":{"line":35,"column":41},"end":{"line":35,"column":95}},"4":{"start":{"line":38,"column":2},"end":{"line":47,"column":9}},"5":{"start":{"line":40,"column":17},"end":{"line":40,"column":45}},"6":{"start":{"line":41,"column":4},"end":{"line":46,"column":5}},"7":{"start":{"line":42,"column":6},"end":{"line":45,"column":9}},"8":{"start":{"line":49,"column":17},"end":{"line":52,"column":3}},"9":{"start":{"line":50,"column":4},"end":{"line":50,"column":25}},"10":{"start":{"line":51,"column":4},"end":{"line":51,"column":40}},"11":{"start":{"line":55,"column":42},"end":{"line":55,"column":54}},"12":{"start":{"line":57,"column":2},"end":{"line":161,"column":4}}},"fnMap":{"0":{"name":"(anonymous_0)","decl":{"start":{"line":20,"column":21},"end":{"line":20,"column":22}},"loc":{"start":{"line":21,"column":2},"end":{"line":30,"column":6}},"line":21},"1":{"name":"(anonymous_1)","decl":{"start":{"line":23,"column":12},"end":{"line":23,"column":13}},"loc":{"start":{"line":24,"column":6},"end":{"line":28,"column":5}},"line":24},"2":{"name":"App","decl":{"start":{"line":33,"column":9},"end":{"line":33,"column":12}},"loc":{"start":{"line":33,"column":20},"end":{"line":163,"column":1}},"line":33},"3":{"name":"(anonymous_3)","decl":{"start":{"line":38,"column":12},"end":{"line":38,"column":13}},"loc":{"start":{"line":38,"column":18},"end":{"line":47,"column":3}},"line":38},"4":{"name":"(anonymous_4)","decl":{"start":{"line":49,"column":17},"end":{"line":49,"column":18}},"loc":{"start":{"line":49,"column":23},"end":{"line":52,"column":3}},"line":49}},"branchMap":{"0":{"loc":{"start":{"line":24,"column":6},"end":{"line":28,"column":5}},"type":"cond-expr","locations":[{"start":{"line":25,"column":6},"end":{"line":25,"column":30}},{"start":{"line":27,"column":6},"end":{"line":27,"column":32}}],"line":24},"1":{"loc":{"start":{"line":41,"column":4},"end":{"line":46,"column":5}},"type":"if","locations":[{"start":{"line":41,"column":4},"end":{"line":46,"column":5}},{"start":{"line":41,"column":4},"end":{"line":46,"column":5}}],"line":41},"2":{"loc":{"start":{"line":66,"column":11},"end":{"line":80,"column":11}},"type":"binary-expr","locations":[{"start":{"line":66,"column":11},"end":{"line":66,"column":25}},{"start":{"line":67,"column":12},"end":{"line":78,"column":18}}],"line":66},"3":{"loc":{"start":{"line":81,"column":11},"end":{"line":99,"column":11}},"type":"binary-expr","locations":[{"start":{"line":81,"column":11},"end":{"line":81,"column":22}},{"start":{"line":82,"column":12},"end":{"line":98,"column":18}}],"line":81},"4":{"loc":{"start":{"line":103,"column":9},"end":{"line":139,"column":11}},"type":"cond-expr","locations":[{"start":{"line":104,"column":10},"end":{"line":124,"column":16}},{"start":{"line":126,"column":12},"end":{"line":138,"column":18}}],"line":103}},"s":{"0":0,"1":0,"2":0,"3":0,"4":0,"5":0,"6":0,"7":0,"8":0,"9":0,"10":0,"11":0,"12":0},"f":{"0":0,"1":0,"2":0,"3":0,"4":0},"b":{"0":[0,0],"1":[0,0],"2":[0,0],"3":[0,0],"4":[0,0]},"hash":"718df1ef8c6404a84eb3f15b6e0a346ae9350369"}
,"/Users/jakepeterson/Sprint4-Demo/frontend/src/index.js": {"path":"/Users/jakepeterson/Sprint4-Demo/frontend/src/index.js","statementMap":{"0":{"start":{"line":7,"column":0},"end":{"line":11,"column":37}}},"fnMap":{},"branchMap":{},"s":{"0":0},"f":{},"b":{},"hash":"3a807dd7a17ad9c6869e311f42027255ce0941ca"}
,"/Users/jakepeterson/Sprint4-Demo/frontend/src/Components/About.js": {"path":"/Users/jakepeterson/Sprint4-Demo/frontend/src/Components/About.js","statementMap":{"0":{"start":{"line":9,"column":80},"end":{"line":9,"column":96}},"1":{"start":{"line":11,"column":4},"end":{"line":38,"column":5}}},"fnMap":{"0":{"name":"AboutPage","decl":{"start":{"line":6,"column":9},"end":{"line":6,"column":18}},"loc":{"start":{"line":6,"column":27},"end":{"line":39,"column":1}},"line":6}},"branchMap":{},"s":{"0":0,"1":0},"f":{"0":0},"b":{},"hash":"7f1be79ca1e9016ec5f417b9cc3c7df17c16fc20"}
,"/Users/jakepeterson/Sprint4-Demo/frontend/src/Components/AddParameterCard2.js": {"path":"/Users/jakepeterson/Sprint4-Demo/frontend/src/Components/AddParameterCard2.js","statementMap":{"0":{"start":{"line":7,"column":30},"end":{"line":7,"column":40}},"1":{"start":{"line":11,"column":24},"end":{"line":14,"column":5}},"2":{"start":{"line":12,"column":32},"end":{"line":12,"column":40}},"3":{"start":{"line":13,"column":8},"end":{"line":13,"column":46}},"4":{"start":{"line":18,"column":25},"end":{"line":90,"column":5}},"5":{"start":{"line":20,"column":8},"end":{"line":84,"column":9}},"6":{"start":{"line":22,"column":16},"end":{"line":26,"column":17}},"7":{"start":{"line":23,"column":20},"end":{"line":23,"column":69}},"8":{"start":{"line":25,"column":20},"end":{"line":25,"column":37}},"9":{"start":{"line":27,"column":12},"end":{"line":27,"column":18}},"10":{"start":{"line":29,"column":16},"end":{"line":33,"column":17}},"11":{"start":{"line":30,"column":20},"end":{"line":30,"column":68}},"12":{"start":{"line":32,"column":20},"end":{"line":32,"column":37}},"13":{"start":{"line":34,"column":12},"end":{"line":34,"column":18}},"14":{"start":{"line":36,"column":16},"end":{"line":40,"column":17}},"15":{"start":{"line":37,"column":16},"end":{"line":37,"column":64}},"16":{"start":{"line":39,"column":20},"end":{"line":39,"column":37}},"17":{"start":{"line":41,"column":16},"end":{"line":41,"column":22}},"18":{"start":{"line":43,"column":16},"end":{"line":47,"column":17}},"19":{"start":{"line":44,"column":16},"end":{"line":44,"column":65}},"20":{"start":{"line":46,"column":20},"end":{"line":46,"column":37}},"21":{"start":{"line":48,"column":16},"end":{"line":48,"column":22}},"22":{"start":{"line":50,"column":16},"end":{"line":54,"column":21}},"23":{"start":{"line":51,"column":20},"end":{"line":51,"column":70}},"24":{"start":{"line":53,"column":24},"end":{"line":53,"column":41}},"25":{"start":{"line":55,"column":16},"end":{"line":55,"column":22}},"26":{"start":{"line":57,"column":16},"end":{"line":61,"column":21}},"27":{"start":{"line":58,"column":20},"end":{"line":58,"column":68}},"28":{"start":{"line":60,"column":24},"end":{"line":60,"column":41}},"29":{"start":{"line":62,"column":16},"end":{"line":62,"column":22}},"30":{"start":{"line":64,"column":16},"end":{"line":68,"column":21}},"31":{"start":{"line":65,"column":20},"end":{"line":65,"column":65}},"32":{"start":{"line":67,"column":24},"end":{"line":67,"column":41}},"33":{"start":{"line":69,"column":16},"end":{"line":69,"column":22}},"34":{"start":{"line":71,"column":16},"end":{"line":75,"column":21}},"35":{"start":{"line":72,"column":20},"end":{"line":72,"column":68}},"36":{"start":{"line":74,"column":24},"end":{"line":74,"column":41}},"37":{"start":{"line":76,"column":16},"end":{"line":76,"column":22}},"38":{"start":{"line":78,"column":20},"end":{"line":82,"column":25}},"39":{"start":{"line":79,"column":24},"end":{"line":79,"column":68}},"40":{"start":{"line":81,"column":28},"end":{"line":81,"column":45}},"41":{"start":{"line":83,"column":16},"end":{"line":83,"column":22}},"42":{"start":{"line":86,"column":8},"end":{"line":86,"column":28}},"43":{"start":{"line":87,"column":8},"end":{"line":87,"column":28}},"44":{"start":{"line":88,"column":8},"end":{"line":88,"column":38}},"45":{"start":{"line":92,"column":23},"end":{"line":94,"column":5}},"46":{"start":{"line":93,"column":8},"end":{"line":93,"column":28}},"47":{"start":{"line":96,"column":4},"end":{"line":121,"column":6}}},"fnMap":{"0":{"name":"AddParameterCard2","decl":{"start":{"line":5,"column":9},"end":{"line":5,"column":26}},"loc":{"start":{"line":5,"column":34},"end":{"line":122,"column":1}},"line":5},"1":{"name":"(anonymous_1)","decl":{"start":{"line":11,"column":24},"end":{"line":11,"column":25}},"loc":{"start":{"line":11,"column":31},"end":{"line":14,"column":5}},"line":11},"2":{"name":"(anonymous_2)","decl":{"start":{"line":18,"column":25},"end":{"line":18,"column":26}},"loc":{"start":{"line":18,"column":37},"end":{"line":90,"column":5}},"line":18},"3":{"name":"(anonymous_3)","decl":{"start":{"line":92,"column":23},"end":{"line":92,"column":24}},"loc":{"start":{"line":92,"column":29},"end":{"line":94,"column":5}},"line":92}},"branchMap":{"0":{"loc":{"start":{"line":20,"column":8},"end":{"line":84,"column":9}},"type":"switch","locations":[{"start":{"line":21,"column":12},"end":{"line":27,"column":18}},{"start":{"line":28,"column":12},"end":{"line":34,"column":18}},{"start":{"line":35,"column":12},"end":{"line":41,"column":22}},{"start":{"line":42,"column":12},"end":{"line":48,"column":22}},{"start":{"line":49,"column":12},"end":{"line":55,"column":22}},{"start":{"line":56,"column":12},"end":{"line":62,"column":22}},{"start":{"line":63,"column":12},"end":{"line":69,"column":22}},{"start":{"line":70,"column":12},"end":{"line":76,"column":22}},{"start":{"line":77,"column":16},"end":{"line":83,"column":22}}],"line":20}},"s":{"0":0,"1":0,"2":0,"3":0,"4":0,"5":0,"6":0,"7":0,"8":0,"9":0,"10":0,"11":0,"12":0,"13":0,"14":0,"15":0,"16":0,"17":0,"18":0,"19":0,"20":0,"21":0,"22":0,"23":0,"24":0,"25":0,"26":0,"27":0,"28":0,"29":0,"30":0,"31":0,"32":0,"33":0,"34":0,"35":0,"36":0,"37":0,"38":0,"39":0,"40":0,"41":0,"42":0,"43":0,"44":0,"45":0,"46":0,"47":0},"f":{"0":0,"1":0,"2":0,"3":0},"b":{"0":[0,0,0,0,0,0,0,0,0]},"hash":"b42cc16125ce72563fce5049addba77a3a93a630"}
,"/Users/jakepeterson/Sprint4-Demo/frontend/src/Components/DataManagement2.js": {"path":"/Users/jakepeterson/Sprint4-Demo/frontend/src/Components/DataManagement2.js","statementMap":{"0":{"start":{"line":13,"column":38},"end":{"line":13,"column":50}},"1":{"start":{"line":14,"column":42},"end":{"line":14,"column":54}},"2":{"start":{"line":15,"column":32},"end":{"line":15,"column":44}},"3":{"start":{"line":16,"column":44},"end":{"line":16,"column":56}},"4":{"start":{"line":17,"column":44},"end":{"line":17,"column":56}},"5":{"start":{"line":18,"column":52},"end":{"line":18,"column":62}},"6":{"start":{"line":19,"column":52},"end":{"line":19,"column":62}},"7":{"start":{"line":20,"column":50},"end":{"line":20,"column":65}},"8":{"start":{"line":23,"column":26},"end":{"line":34,"column":7}},"9":{"start":{"line":24,"column":19},"end":{"line":24,"column":65}},"10":{"start":{"line":25,"column":10},"end":{"line":29,"column":11}},"11":{"start":{"line":26,"column":12},"end":{"line":26,"column":32}},"12":{"start":{"line":28,"column":12},"end":{"line":28,"column":29}},"13":{"start":{"line":30,"column":10},"end":{"line":30,"column":36}},"14":{"start":{"line":31,"column":10},"end":{"line":31,"column":44}},"15":{"start":{"line":32,"column":10},"end":{"line":32,"column":23}},"16":{"start":{"line":33,"column":10},"end":{"line":33,"column":26}},"17":{"start":{"line":36,"column":26},"end":{"line":48,"column":7}},"18":{"start":{"line":37,"column":19},"end":{"line":37,"column":64}},"19":{"start":{"line":38,"column":10},"end":{"line":43,"column":11}},"20":{"start":{"line":40,"column":12},"end":{"line":40,"column":32}},"21":{"start":{"line":42,"column":12},"end":{"line":42,"column":29}},"22":{"start":{"line":44,"column":10},"end":{"line":44,"column":36}},"23":{"start":{"line":45,"column":10},"end":{"line":45,"column":43}},"24":{"start":{"line":46,"column":10},"end":{"line":46,"column":23}},"25":{"start":{"line":47,"column":10},"end":{"line":47,"column":26}},"26":{"start":{"line":50,"column":22},"end":{"line":61,"column":7}},"27":{"start":{"line":51,"column":17},"end":{"line":51,"column":59}},"28":{"start":{"line":52,"column":8},"end":{"line":56,"column":9}},"29":{"start":{"line":53,"column":10},"end":{"line":53,"column":30}},"30":{"start":{"line":55,"column":10},"end":{"line":55,"column":27}},"31":{"start":{"line":57,"column":8},"end":{"line":57,"column":34}},"32":{"start":{"line":58,"column":8},"end":{"line":58,"column":38}},"33":{"start":{"line":59,"column":8},"end":{"line":59,"column":21}},"34":{"start":{"line":60,"column":8},"end":{"line":60,"column":24}},"35":{"start":{"line":63,"column":25},"end":{"line":74,"column":5}},"36":{"start":{"line":64,"column":17},"end":{"line":64,"column":62}},"37":{"start":{"line":65,"column":8},"end":{"line":69,"column":9}},"38":{"start":{"line":66,"column":10},"end":{"line":66,"column":30}},"39":{"start":{"line":68,"column":10},"end":{"line":68,"column":27}},"40":{"start":{"line":70,"column":8},"end":{"line":70,"column":34}},"41":{"start":{"line":71,"column":8},"end":{"line":71,"column":41}},"42":{"start":{"line":72,"column":8},"end":{"line":72,"column":21}},"43":{"start":{"line":73,"column":8},"end":{"line":73,"column":24}},"44":{"start":{"line":76,"column":25},"end":{"line":87,"column":5}},"45":{"start":{"line":77,"column":17},"end":{"line":77,"column":62}},"46":{"start":{"line":78,"column":8},"end":{"line":82,"column":9}},"47":{"start":{"line":79,"column":10},"end":{"line":79,"column":30}},"48":{"start":{"line":81,"column":10},"end":{"line":81,"column":27}},"49":{"start":{"line":83,"column":8},"end":{"line":83,"column":34}},"50":{"start":{"line":84,"column":8},"end":{"line":84,"column":41}},"51":{"start":{"line":85,"column":8},"end":{"line":85,"column":21}},"52":{"start":{"line":86,"column":8},"end":{"line":86,"column":24}},"53":{"start":{"line":89,"column":26},"end":{"line":100,"column":5}},"54":{"start":{"line":90,"column":17},"end":{"line":90,"column":63}},"55":{"start":{"line":91,"column":8},"end":{"line":95,"column":9}},"56":{"start":{"line":92,"column":10},"end":{"line":92,"column":30}},"57":{"start":{"line":94,"column":10},"end":{"line":94,"column":27}},"58":{"start":{"line":96,"column":8},"end":{"line":96,"column":34}},"59":{"start":{"line":97,"column":8},"end":{"line":97,"column":42}},"60":{"start":{"line":98,"column":8},"end":{"line":98,"column":21}},"61":{"start":{"line":99,"column":8},"end":{"line":99,"column":24}},"62":{"start":{"line":102,"column":27},"end":{"line":113,"column":5}},"63":{"start":{"line":103,"column":17},"end":{"line":103,"column":64}},"64":{"start":{"line":104,"column":8},"end":{"line":108,"column":9}},"65":{"start":{"line":105,"column":10},"end":{"line":105,"column":30}},"66":{"start":{"line":107,"column":10},"end":{"line":107,"column":27}},"67":{"start":{"line":109,"column":8},"end":{"line":109,"column":34}},"68":{"start":{"line":110,"column":8},"end":{"line":110,"column":43}},"69":{"start":{"line":111,"column":8},"end":{"line":111,"column":21}},"70":{"start":{"line":112,"column":8},"end":{"line":112,"column":24}},"71":{"start":{"line":115,"column":22},"end":{"line":126,"column":5}},"72":{"start":{"line":116,"column":17},"end":{"line":116,"column":59}},"73":{"start":{"line":117,"column":8},"end":{"line":121,"column":9}},"74":{"start":{"line":118,"column":10},"end":{"line":118,"column":30}},"75":{"start":{"line":120,"column":10},"end":{"line":120,"column":27}},"76":{"start":{"line":122,"column":8},"end":{"line":122,"column":34}},"77":{"start":{"line":123,"column":8},"end":{"line":123,"column":38}},"78":{"start":{"line":124,"column":8},"end":{"line":124,"column":21}},"79":{"start":{"line":125,"column":8},"end":{"line":125,"column":24}},"80":{"start":{"line":132,"column":31},"end":{"line":145,"column":1}},"81":{"start":{"line":133,"column":2},"end":{"line":142,"column":3}},"82":{"start":{"line":143,"column":2},"end":{"line":143,"column":18}},"83":{"start":{"line":144,"column":2},"end":{"line":144,"column":25}},"84":{"start":{"line":150,"column":30},"end":{"line":159,"column":1}},"85":{"start":{"line":151,"column":2},"end":{"line":157,"column":3}},"86":{"start":{"line":158,"column":2},"end":{"line":158,"column":18}},"87":{"start":{"line":162,"column":19},"end":{"line":165,"column":1}},"88":{"start":{"line":163,"column":2},"end":{"line":163,"column":25}},"89":{"start":{"line":164,"column":2},"end":{"line":164,"column":22}},"90":{"start":{"line":167,"column":27},"end":{"line":170,"column":1}},"91":{"start":{"line":168,"column":2},"end":{"line":168,"column":20}},"92":{"start":{"line":169,"column":2},"end":{"line":169,"column":29}},"93":{"start":{"line":173,"column":22},"end":{"line":177,"column":1}},"94":{"start":{"line":174,"column":2},"end":{"line":174,"column":17}},"95":{"start":{"line":175,"column":2},"end":{"line":175,"column":23}},"96":{"start":{"line":176,"column":2},"end":{"line":176,"column":23}},"97":{"start":{"line":180,"column":20},"end":{"line":182,"column":1}},"98":{"start":{"line":181,"column":2},"end":{"line":181,"column":40}},"99":{"start":{"line":185,"column":26},"end":{"line":187,"column":1}},"100":{"start":{"line":186,"column":2},"end":{"line":186,"column":47}},"101":{"start":{"line":190,"column":26},"end":{"line":192,"column":1}},"102":{"start":{"line":191,"column":2},"end":{"line":191,"column":48}},"103":{"start":{"line":195,"column":0},"end":{"line":256,"column":2}},"104":{"start":{"line":222,"column":8},"end":{"line":233,"column":13}},"105":{"start":{"line":226,"column":37},"end":{"line":226,"column":98}}},"fnMap":{"0":{"name":"DataManagement2","decl":{"start":{"line":6,"column":9},"end":{"line":6,"column":24}},"loc":{"start":{"line":6,"column":27},"end":{"line":257,"column":1}},"line":6},"1":{"name":"(anonymous_1)","decl":{"start":{"line":23,"column":26},"end":{"line":23,"column":27}},"loc":{"start":{"line":23,"column":36},"end":{"line":34,"column":7}},"line":23},"2":{"name":"(anonymous_2)","decl":{"start":{"line":36,"column":26},"end":{"line":36,"column":27}},"loc":{"start":{"line":36,"column":36},"end":{"line":48,"column":7}},"line":36},"3":{"name":"(anonymous_3)","decl":{"start":{"line":50,"column":22},"end":{"line":50,"column":23}},"loc":{"start":{"line":50,"column":32},"end":{"line":61,"column":7}},"line":50},"4":{"name":"(anonymous_4)","decl":{"start":{"line":63,"column":25},"end":{"line":63,"column":26}},"loc":{"start":{"line":63,"column":35},"end":{"line":74,"column":5}},"line":63},"5":{"name":"(anonymous_5)","decl":{"start":{"line":76,"column":25},"end":{"line":76,"column":26}},"loc":{"start":{"line":76,"column":35},"end":{"line":87,"column":5}},"line":76},"6":{"name":"(anonymous_6)","decl":{"start":{"line":89,"column":26},"end":{"line":89,"column":27}},"loc":{"start":{"line":89,"column":36},"end":{"line":100,"column":5}},"line":89},"7":{"name":"(anonymous_7)","decl":{"start":{"line":102,"column":27},"end":{"line":102,"column":28}},"loc":{"start":{"line":102,"column":37},"end":{"line":113,"column":5}},"line":102},"8":{"name":"(anonymous_8)","decl":{"start":{"line":115,"column":22},"end":{"line":115,"column":23}},"loc":{"start":{"line":115,"column":32},"end":{"line":126,"column":5}},"line":115},"9":{"name":"(anonymous_9)","decl":{"start":{"line":132,"column":31},"end":{"line":132,"column":32}},"loc":{"start":{"line":132,"column":50},"end":{"line":145,"column":1}},"line":132},"10":{"name":"(anonymous_10)","decl":{"start":{"line":150,"column":30},"end":{"line":150,"column":31}},"loc":{"start":{"line":150,"column":34},"end":{"line":159,"column":1}},"line":150},"11":{"name":"(anonymous_11)","decl":{"start":{"line":162,"column":19},"end":{"line":162,"column":20}},"loc":{"start":{"line":162,"column":25},"end":{"line":165,"column":1}},"line":162},"12":{"name":"(anonymous_12)","decl":{"start":{"line":167,"column":27},"end":{"line":167,"column":28}},"loc":{"start":{"line":167,"column":33},"end":{"line":170,"column":1}},"line":167},"13":{"name":"(anonymous_13)","decl":{"start":{"line":173,"column":22},"end":{"line":173,"column":23}},"loc":{"start":{"line":173,"column":28},"end":{"line":177,"column":1}},"line":173},"14":{"name":"(anonymous_14)","decl":{"start":{"line":180,"column":20},"end":{"line":180,"column":21}},"loc":{"start":{"line":180,"column":26},"end":{"line":182,"column":1}},"line":180},"15":{"name":"(anonymous_15)","decl":{"start":{"line":185,"column":26},"end":{"line":185,"column":27}},"loc":{"start":{"line":185,"column":32},"end":{"line":187,"column":1}},"line":185},"16":{"name":"(anonymous_16)","decl":{"start":{"line":190,"column":26},"end":{"line":190,"column":27}},"loc":{"start":{"line":190,"column":32},"end":{"line":192,"column":1}},"line":190},"17":{"name":"(anonymous_17)","decl":{"start":{"line":221,"column":23},"end":{"line":221,"column":24}},"loc":{"start":{"line":222,"column":8},"end":{"line":233,"column":13}},"line":222},"18":{"name":"(anonymous_18)","decl":{"start":{"line":226,"column":31},"end":{"line":226,"column":32}},"loc":{"start":{"line":226,"column":37},"end":{"line":226,"column":98}},"line":226}},"branchMap":{"0":{"loc":{"start":{"line":224,"column":45},"end":{"line":224,"column":83}},"type":"cond-expr","locations":[{"start":{"line":224,"column":70},"end":{"line":224,"column":78}},{"start":{"line":224,"column":81},"end":{"line":224,"column":83}}],"line":224},"1":{"loc":{"start":{"line":227,"column":11},"end":{"line":231,"column":11}},"type":"cond-expr","locations":[{"start":{"line":228,"column":12},"end":{"line":228,"column":26}},{"start":{"line":230,"column":12},"end":{"line":230,"column":34}}],"line":227},"2":{"loc":{"start":{"line":236,"column":7},"end":{"line":240,"column":7}},"type":"cond-expr","locations":[{"start":{"line":237,"column":8},"end":{"line":237,"column":102}},{"start":{"line":239,"column":5},"end":{"line":239,"column":10}}],"line":236}},"s":{"0":0,"1":0,"2":0,"3":0,"4":0,"5":0,"6":0,"7":0,"8":0,"9":0,"10":0,"11":0,"12":0,"13":0,"14":0,"15":0,"16":0,"17":0,"18":0,"19":0,"20":0,"21":0,"22":0,"23":0,"24":0,"25":0,"26":0,"27":0,"28":0,"29":0,"30":0,"31":0,"32":0,"33":0,"34":0,"35":0,"36":0,"37":0,"38":0,"39":0,"40":0,"41":0,"42":0,"43":0,"44":0,"45":0,"46":0,"47":0,"48":0,"49":0,"50":0,"51":0,"52":0,"53":0,"54":0,"55":0,"56":0,"57":0,"58":0,"59":0,"60":0,"61":0,"62":0,"63":0,"64":0,"65":0,"66":0,"67":0,"68":0,"69":0,"70":0,"71":0,"72":0,"73":0,"74":0,"75":0,"76":0,"77":0,"78":0,"79":0,"80":0,"81":0,"82":0,"83":0,"84":0,"85":0,"86":0,"87":0,"88":0,"89":0,"90":0,"91":0,"92":0,"93":0,"94":0,"95":0,"96":0,"97":0,"98":0,"99":0,"100":0,"101":0,"102":0,"103":0,"104":0,"105":0},"f":{"0":0,"1":0,"2":0,"3":0,"4":0,"5":0,"6":0,"7":0,"8":0,"9":0,"10":0,"11":0,"12":0,"13":0,"14":0,"15":0,"16":0,"17":0,"18":0},"b":{"0":[0,0],"1":[0,0],"2":[0,0]},"hash":"0f680883cb1b7c7ce591e4a858f1988f4e7f64dc"}
,"/Users/jakepeterson/Sprint4-Demo/frontend/src/Components/EditAirLiftLeg.js": {"path":"/Users/jakepeterson/Sprint4-Demo/frontend/src/Components/EditAirLiftLeg.js","statementMap":{"0":{"start":{"line":6,"column":30},"end":{"line":6,"column":42}},"1":{"start":{"line":9,"column":4},"end":{"line":12,"column":11}},"2":{"start":{"line":11,"column":8},"end":{"line":11,"column":24}},"3":{"start":{"line":15,"column":24},"end":{"line":20,"column":5}},"4":{"start":{"line":16,"column":21},"end":{"line":16,"column":34}},"5":{"start":{"line":17,"column":22},"end":{"line":17,"column":36}},"6":{"start":{"line":18,"column":19},"end":{"line":18,"column":34}},"7":{"start":{"line":19,"column":8},"end":{"line":19,"column":44}},"8":{"start":{"line":23,"column":25},"end":{"line":59,"column":5}},"9":{"start":{"line":24,"column":25},"end":{"line":24,"column":84}},"10":{"start":{"line":25,"column":27},"end":{"line":25,"column":88}},"11":{"start":{"line":27,"column":28},"end":{"line":27,"column":56}},"12":{"start":{"line":29,"column":29},"end":{"line":29,"column":57}},"13":{"start":{"line":32,"column":30},"end":{"line":32,"column":60}},"14":{"start":{"line":34,"column":31},"end":{"line":34,"column":61}},"15":{"start":{"line":38,"column":8},"end":{"line":42,"column":9}},"16":{"start":{"line":39,"column":12},"end":{"line":39,"column":39}},"17":{"start":{"line":41,"column":12},"end":{"line":41,"column":34}},"18":{"start":{"line":44,"column":31},"end":{"line":44,"column":42}},"19":{"start":{"line":45,"column":33},"end":{"line":45,"column":49}},"20":{"start":{"line":47,"column":31},"end":{"line":47,"column":61}},"21":{"start":{"line":48,"column":33},"end":{"line":48,"column":63}},"22":{"start":{"line":50,"column":26},"end":{"line":50,"column":57}},"23":{"start":{"line":52,"column":23},"end":{"line":52,"column":49}},"24":{"start":{"line":54,"column":8},"end":{"line":54,"column":77}},"25":{"start":{"line":55,"column":21},"end":{"line":55,"column":31}},"26":{"start":{"line":56,"column":22},"end":{"line":56,"column":28}},"27":{"start":{"line":57,"column":19},"end":{"line":57,"column":34}},"28":{"start":{"line":58,"column":8},"end":{"line":58,"column":44}},"29":{"start":{"line":62,"column":23},"end":{"line":68,"column":5}},"30":{"start":{"line":63,"column":21},"end":{"line":63,"column":34}},"31":{"start":{"line":64,"column":22},"end":{"line":64,"column":44}},"32":{"start":{"line":65,"column":25},"end":{"line":65,"column":41}},"33":{"start":{"line":66,"column":19},"end":{"line":66,"column":34}},"34":{"start":{"line":67,"column":8},"end":{"line":67,"column":47}},"35":{"start":{"line":71,"column":25},"end":{"line":80,"column":5}},"36":{"start":{"line":72,"column":23},"end":{"line":72,"column":80}},"37":{"start":{"line":73,"column":24},"end":{"line":73,"column":82}},"38":{"start":{"line":74,"column":26},"end":{"line":74,"column":42}},"39":{"start":{"line":75,"column":8},"end":{"line":75,"column":79}},"40":{"start":{"line":76,"column":21},"end":{"line":76,"column":36}},"41":{"start":{"line":77,"column":22},"end":{"line":77,"column":30}},"42":{"start":{"line":78,"column":19},"end":{"line":78,"column":34}},"43":{"start":{"line":79,"column":8},"end":{"line":79,"column":44}},"44":{"start":{"line":83,"column":26},"end":{"line":92,"column":5}},"45":{"start":{"line":84,"column":24},"end":{"line":84,"column":82}},"46":{"start":{"line":85,"column":25},"end":{"line":85,"column":84}},"47":{"start":{"line":86,"column":26},"end":{"line":86,"column":57}},"48":{"start":{"line":87,"column":8},"end":{"line":87,"column":81}},"49":{"start":{"line":88,"column":21},"end":{"line":88,"column":32}},"50":{"start":{"line":89,"column":22},"end":{"line":89,"column":31}},"51":{"start":{"line":90,"column":19},"end":{"line":90,"column":34}},"52":{"start":{"line":91,"column":8},"end":{"line":91,"column":44}},"53":{"start":{"line":95,"column":27},"end":{"line":104,"column":5}},"54":{"start":{"line":96,"column":25},"end":{"line":96,"column":84}},"55":{"start":{"line":97,"column":26},"end":{"line":97,"column":86}},"56":{"start":{"line":98,"column":28},"end":{"line":98,"column":48}},"57":{"start":{"line":99,"column":8},"end":{"line":99,"column":83}},"58":{"start":{"line":100,"column":21},"end":{"line":100,"column":33}},"59":{"start":{"line":101,"column":22},"end":{"line":101,"column":32}},"60":{"start":{"line":102,"column":19},"end":{"line":102,"column":34}},"61":{"start":{"line":103,"column":8},"end":{"line":103,"column":44}},"62":{"start":{"line":107,"column":26},"end":{"line":114,"column":5}},"63":{"start":{"line":108,"column":8},"end":{"line":113,"column":9}},"64":{"start":{"line":109,"column":29},"end":{"line":109,"column":67}},"65":{"start":{"line":110,"column":12},"end":{"line":110,"column":27}},"66":{"start":{"line":112,"column":12},"end":{"line":112,"column":29}},"67":{"start":{"line":116,"column":4},"end":{"line":275,"column":6}},"68":{"start":{"line":234,"column":72},"end":{"line":234,"column":98}},"69":{"start":{"line":234,"column":115},"end":{"line":234,"column":160}},"70":{"start":{"line":245,"column":72},"end":{"line":245,"column":98}},"71":{"start":{"line":245,"column":115},"end":{"line":245,"column":160}}},"fnMap":{"0":{"name":"EditAirLiftLeg","decl":{"start":{"line":4,"column":9},"end":{"line":4,"column":23}},"loc":{"start":{"line":4,"column":31},"end":{"line":276,"column":1}},"line":4},"1":{"name":"(anonymous_1)","decl":{"start":{"line":9,"column":14},"end":{"line":9,"column":15}},"loc":{"start":{"line":9,"column":20},"end":{"line":12,"column":5}},"line":9},"2":{"name":"(anonymous_2)","decl":{"start":{"line":15,"column":24},"end":{"line":15,"column":25}},"loc":{"start":{"line":15,"column":31},"end":{"line":20,"column":5}},"line":15},"3":{"name":"(anonymous_3)","decl":{"start":{"line":23,"column":25},"end":{"line":23,"column":26}},"loc":{"start":{"line":23,"column":31},"end":{"line":59,"column":5}},"line":23},"4":{"name":"(anonymous_4)","decl":{"start":{"line":62,"column":23},"end":{"line":62,"column":24}},"loc":{"start":{"line":62,"column":30},"end":{"line":68,"column":5}},"line":62},"5":{"name":"(anonymous_5)","decl":{"start":{"line":71,"column":25},"end":{"line":71,"column":26}},"loc":{"start":{"line":71,"column":31},"end":{"line":80,"column":5}},"line":71},"6":{"name":"(anonymous_6)","decl":{"start":{"line":83,"column":26},"end":{"line":83,"column":27}},"loc":{"start":{"line":83,"column":32},"end":{"line":92,"column":5}},"line":83},"7":{"name":"(anonymous_7)","decl":{"start":{"line":95,"column":27},"end":{"line":95,"column":28}},"loc":{"start":{"line":95,"column":33},"end":{"line":104,"column":5}},"line":95},"8":{"name":"(anonymous_8)","decl":{"start":{"line":107,"column":26},"end":{"line":107,"column":27}},"loc":{"start":{"line":107,"column":38},"end":{"line":114,"column":5}},"line":107},"9":{"name":"(anonymous_9)","decl":{"start":{"line":234,"column":58},"end":{"line":234,"column":59}},"loc":{"start":{"line":234,"column":72},"end":{"line":234,"column":98}},"line":234},"10":{"name":"(anonymous_10)","decl":{"start":{"line":234,"column":104},"end":{"line":234,"column":105}},"loc":{"start":{"line":234,"column":115},"end":{"line":234,"column":160}},"line":234},"11":{"name":"(anonymous_11)","decl":{"start":{"line":245,"column":58},"end":{"line":245,"column":59}},"loc":{"start":{"line":245,"column":72},"end":{"line":245,"column":98}},"line":245},"12":{"name":"(anonymous_12)","decl":{"start":{"line":245,"column":104},"end":{"line":245,"column":105}},"loc":{"start":{"line":245,"column":115},"end":{"line":245,"column":160}},"line":245}},"branchMap":{"0":{"loc":{"start":{"line":38,"column":8},"end":{"line":42,"column":9}},"type":"if","locations":[{"start":{"line":38,"column":8},"end":{"line":42,"column":9}},{"start":{"line":38,"column":8},"end":{"line":42,"column":9}}],"line":38}},"s":{"0":0,"1":0,"2":0,"3":0,"4":0,"5":0,"6":0,"7":0,"8":0,"9":0,"10":0,"11":0,"12":0,"13":0,"14":0,"15":0,"16":0,"17":0,"18":0,"19":0,"20":0,"21":0,"22":0,"23":0,"24":0,"25":0,"26":0,"27":0,"28":0,"29":0,"30":0,"31":0,"32":0,"33":0,"34":0,"35":0,"36":0,"37":0,"38":0,"39":0,"40":0,"41":0,"42":0,"43":0,"44":0,"45":0,"46":0,"47":0,"48":0,"49":0,"50":0,"51":0,"52":0,"53":0,"54":0,"55":0,"56":0,"57":0,"58":0,"59":0,"60":0,"61":0,"62":0,"63":0,"64":0,"65":0,"66":0,"67":0,"68":0,"69":0,"70":0,"71":0},"f":{"0":0,"1":0,"2":0,"3":0,"4":0,"5":0,"6":0,"7":0,"8":0,"9":0,"10":0,"11":0,"12":0},"b":{"0":[0,0]},"hash":"53b6f140ee502280bde4722e8934b6d5c566caa3"}
,"/Users/jakepeterson/Sprint4-Demo/frontend/src/Components/EditAirLiftMsn.js": {"path":"/Users/jakepeterson/Sprint4-Demo/frontend/src/Components/EditAirLiftMsn.js","statementMap":{"0":{"start":{"line":10,"column":30},"end":{"line":24,"column":5}},"1":{"start":{"line":26,"column":54},"end":{"line":26,"column":81}},"2":{"start":{"line":27,"column":40},"end":{"line":27,"column":50}},"3":{"start":{"line":28,"column":38},"end":{"line":28,"column":50}},"4":{"start":{"line":29,"column":38},"end":{"line":29,"column":50}},"5":{"start":{"line":30,"column":36},"end":{"line":30,"column":48}},"6":{"start":{"line":31,"column":36},"end":{"line":31,"column":48}},"7":{"start":{"line":32,"column":30},"end":{"line":32,"column":42}},"8":{"start":{"line":33,"column":38},"end":{"line":33,"column":50}},"9":{"start":{"line":34,"column":40},"end":{"line":34,"column":52}},"10":{"start":{"line":35,"column":46},"end":{"line":35,"column":89}},"11":{"start":{"line":37,"column":19},"end":{"line":37,"column":30}},"12":{"start":{"line":40,"column":4},"end":{"line":50,"column":11}},"13":{"start":{"line":42,"column":8},"end":{"line":42,"column":31}},"14":{"start":{"line":43,"column":8},"end":{"line":43,"column":28}},"15":{"start":{"line":44,"column":8},"end":{"line":44,"column":27}},"16":{"start":{"line":45,"column":8},"end":{"line":45,"column":28}},"17":{"start":{"line":46,"column":8},"end":{"line":46,"column":29}},"18":{"start":{"line":47,"column":8},"end":{"line":47,"column":24}},"19":{"start":{"line":48,"column":8},"end":{"line":48,"column":27}},"20":{"start":{"line":49,"column":8},"end":{"line":49,"column":28}},"21":{"start":{"line":53,"column":30},"end":{"line":56,"column":5}},"22":{"start":{"line":54,"column":32},"end":{"line":54,"column":40}},"23":{"start":{"line":55,"column":8},"end":{"line":55,"column":69}},"24":{"start":{"line":59,"column":28},"end":{"line":71,"column":5}},"25":{"start":{"line":61,"column":27},"end":{"line":61,"column":88}},"26":{"start":{"line":61,"column":67},"end":{"line":61,"column":87}},"27":{"start":{"line":63,"column":22},"end":{"line":63,"column":44}},"28":{"start":{"line":65,"column":8},"end":{"line":65,"column":71}},"29":{"start":{"line":67,"column":8},"end":{"line":70,"column":10}},"30":{"start":{"line":68,"column":31},"end":{"line":68,"column":62}},"31":{"start":{"line":69,"column":12},"end":{"line":69,"column":30}},"32":{"start":{"line":74,"column":19},"end":{"line":104,"column":5}},"33":{"start":{"line":76,"column":31},"end":{"line":76,"column":60}},"34":{"start":{"line":79,"column":8},"end":{"line":101,"column":11}},"35":{"start":{"line":80,"column":31},"end":{"line":99,"column":36}},"36":{"start":{"line":100,"column":12},"end":{"line":100,"column":30}},"37":{"start":{"line":103,"column":8},"end":{"line":103,"column":42}},"38":{"start":{"line":107,"column":22},"end":{"line":122,"column":5}},"39":{"start":{"line":109,"column":31},"end":{"line":109,"column":60}},"40":{"start":{"line":112,"column":22},"end":{"line":112,"column":80}},"41":{"start":{"line":112,"column":59},"end":{"line":112,"column":79}},"42":{"start":{"line":114,"column":8},"end":{"line":117,"column":11}},"43":{"start":{"line":115,"column":31},"end":{"line":115,"column":62}},"44":{"start":{"line":116,"column":12},"end":{"line":116,"column":30}},"45":{"start":{"line":119,"column":8},"end":{"line":119,"column":42}},"46":{"start":{"line":125,"column":24},"end":{"line":138,"column":5}},"47":{"start":{"line":126,"column":8},"end":{"line":136,"column":10}},"48":{"start":{"line":128,"column":26},"end":{"line":128,"column":48}},"49":{"start":{"line":130,"column":12},"end":{"line":130,"column":72}},"50":{"start":{"line":132,"column":12},"end":{"line":135,"column":14}},"51":{"start":{"line":133,"column":35},"end":{"line":133,"column":66}},"52":{"start":{"line":134,"column":16},"end":{"line":134,"column":34}},"53":{"start":{"line":141,"column":26},"end":{"line":149,"column":5}},"54":{"start":{"line":142,"column":8},"end":{"line":148,"column":9}},"55":{"start":{"line":143,"column":29},"end":{"line":143,"column":93}},"56":{"start":{"line":145,"column":12},"end":{"line":145,"column":64}},"57":{"start":{"line":147,"column":12},"end":{"line":147,"column":29}},"58":{"start":{"line":152,"column":23},"end":{"line":160,"column":5}},"59":{"start":{"line":153,"column":8},"end":{"line":159,"column":9}},"60":{"start":{"line":154,"column":29},"end":{"line":154,"column":67}},"61":{"start":{"line":156,"column":12},"end":{"line":156,"column":64}},"62":{"start":{"line":158,"column":12},"end":{"line":158,"column":29}},"63":{"start":{"line":163,"column":31},"end":{"line":170,"column":5}},"64":{"start":{"line":164,"column":8},"end":{"line":169,"column":9}},"65":{"start":{"line":165,"column":29},"end":{"line":165,"column":75}},"66":{"start":{"line":166,"column":12},"end":{"line":166,"column":39}},"67":{"start":{"line":168,"column":12},"end":{"line":168,"column":29}},"68":{"start":{"line":173,"column":30},"end":{"line":180,"column":5}},"69":{"start":{"line":174,"column":8},"end":{"line":179,"column":9}},"70":{"start":{"line":175,"column":29},"end":{"line":175,"column":70}},"71":{"start":{"line":176,"column":12},"end":{"line":176,"column":31}},"72":{"start":{"line":178,"column":12},"end":{"line":178,"column":29}},"73":{"start":{"line":182,"column":29},"end":{"line":189,"column":5}},"74":{"start":{"line":183,"column":8},"end":{"line":188,"column":9}},"75":{"start":{"line":184,"column":29},"end":{"line":184,"column":70}},"76":{"start":{"line":185,"column":12},"end":{"line":185,"column":30}},"77":{"start":{"line":187,"column":12},"end":{"line":187,"column":29}},"78":{"start":{"line":191,"column":30},"end":{"line":198,"column":5}},"79":{"start":{"line":192,"column":8},"end":{"line":197,"column":9}},"80":{"start":{"line":193,"column":29},"end":{"line":193,"column":71}},"81":{"start":{"line":194,"column":12},"end":{"line":194,"column":31}},"82":{"start":{"line":196,"column":12},"end":{"line":196,"column":29}},"83":{"start":{"line":200,"column":29},"end":{"line":207,"column":5}},"84":{"start":{"line":201,"column":8},"end":{"line":206,"column":9}},"85":{"start":{"line":202,"column":29},"end":{"line":202,"column":70}},"86":{"start":{"line":203,"column":12},"end":{"line":203,"column":30}},"87":{"start":{"line":205,"column":12},"end":{"line":205,"column":29}},"88":{"start":{"line":209,"column":26},"end":{"line":216,"column":5}},"89":{"start":{"line":210,"column":8},"end":{"line":215,"column":9}},"90":{"start":{"line":211,"column":29},"end":{"line":211,"column":67}},"91":{"start":{"line":212,"column":12},"end":{"line":212,"column":27}},"92":{"start":{"line":214,"column":12},"end":{"line":214,"column":29}},"93":{"start":{"line":218,"column":30},"end":{"line":225,"column":5}},"94":{"start":{"line":219,"column":8},"end":{"line":224,"column":9}},"95":{"start":{"line":220,"column":29},"end":{"line":220,"column":71}},"96":{"start":{"line":221,"column":12},"end":{"line":221,"column":31}},"97":{"start":{"line":223,"column":12},"end":{"line":223,"column":29}},"98":{"start":{"line":227,"column":31},"end":{"line":234,"column":5}},"99":{"start":{"line":228,"column":8},"end":{"line":233,"column":9}},"100":{"start":{"line":229,"column":29},"end":{"line":229,"column":72}},"101":{"start":{"line":230,"column":12},"end":{"line":230,"column":32}},"102":{"start":{"line":232,"column":12},"end":{"line":232,"column":29}},"103":{"start":{"line":236,"column":4},"end":{"line":448,"column":6}},"104":{"start":{"line":300,"column":80},"end":{"line":300,"column":110}},"105":{"start":{"line":300,"column":131},"end":{"line":300,"column":184}},"106":{"start":{"line":308,"column":80},"end":{"line":308,"column":110}},"107":{"start":{"line":308,"column":131},"end":{"line":308,"column":184}},"108":{"start":{"line":325,"column":82},"end":{"line":325,"column":113}},"109":{"start":{"line":325,"column":135},"end":{"line":325,"column":190}},"110":{"start":{"line":336,"column":72},"end":{"line":336,"column":98}},"111":{"start":{"line":336,"column":115},"end":{"line":336,"column":160}},"112":{"start":{"line":351,"column":82},"end":{"line":351,"column":115}},"113":{"start":{"line":351,"column":135},"end":{"line":351,"column":186}},"114":{"start":{"line":361,"column":80},"end":{"line":361,"column":110}},"115":{"start":{"line":361,"column":131},"end":{"line":361,"column":184}},"116":{"start":{"line":374,"column":78},"end":{"line":374,"column":107}},"117":{"start":{"line":374,"column":127},"end":{"line":374,"column":178}},"118":{"start":{"line":396,"column":92},"end":{"line":396,"column":109}},"119":{"start":{"line":398,"column":92},"end":{"line":398,"column":106}},"120":{"start":{"line":409,"column":40},"end":{"line":437,"column":43}},"121":{"start":{"line":433,"column":63},"end":{"line":433,"column":87}}},"fnMap":{"0":{"name":"EditAirLiftMsn","decl":{"start":{"line":8,"column":9},"end":{"line":8,"column":23}},"loc":{"start":{"line":8,"column":26},"end":{"line":449,"column":1}},"line":8},"1":{"name":"(anonymous_1)","decl":{"start":{"line":40,"column":14},"end":{"line":40,"column":15}},"loc":{"start":{"line":40,"column":20},"end":{"line":50,"column":5}},"line":40},"2":{"name":"(anonymous_2)","decl":{"start":{"line":53,"column":30},"end":{"line":53,"column":31}},"loc":{"start":{"line":53,"column":37},"end":{"line":56,"column":5}},"line":53},"3":{"name":"(anonymous_3)","decl":{"start":{"line":59,"column":28},"end":{"line":59,"column":29}},"loc":{"start":{"line":59,"column":49},"end":{"line":71,"column":5}},"line":59},"4":{"name":"(anonymous_4)","decl":{"start":{"line":61,"column":60},"end":{"line":61,"column":61}},"loc":{"start":{"line":61,"column":67},"end":{"line":61,"column":87}},"line":61},"5":{"name":"(anonymous_5)","decl":{"start":{"line":67,"column":29},"end":{"line":67,"column":30}},"loc":{"start":{"line":67,"column":42},"end":{"line":70,"column":9}},"line":67},"6":{"name":"(anonymous_6)","decl":{"start":{"line":74,"column":19},"end":{"line":74,"column":20}},"loc":{"start":{"line":74,"column":25},"end":{"line":104,"column":5}},"line":74},"7":{"name":"(anonymous_7)","decl":{"start":{"line":79,"column":29},"end":{"line":79,"column":30}},"loc":{"start":{"line":79,"column":42},"end":{"line":101,"column":9}},"line":79},"8":{"name":"(anonymous_8)","decl":{"start":{"line":107,"column":22},"end":{"line":107,"column":23}},"loc":{"start":{"line":107,"column":28},"end":{"line":122,"column":5}},"line":107},"9":{"name":"(anonymous_9)","decl":{"start":{"line":112,"column":52},"end":{"line":112,"column":53}},"loc":{"start":{"line":112,"column":59},"end":{"line":112,"column":79}},"line":112},"10":{"name":"(anonymous_10)","decl":{"start":{"line":114,"column":29},"end":{"line":114,"column":30}},"loc":{"start":{"line":114,"column":42},"end":{"line":117,"column":9}},"line":114},"11":{"name":"(anonymous_11)","decl":{"start":{"line":125,"column":24},"end":{"line":125,"column":25}},"loc":{"start":{"line":125,"column":30},"end":{"line":138,"column":5}},"line":125},"12":{"name":"(anonymous_12)","decl":{"start":{"line":126,"column":35},"end":{"line":126,"column":36}},"loc":{"start":{"line":126,"column":51},"end":{"line":136,"column":9}},"line":126},"13":{"name":"(anonymous_13)","decl":{"start":{"line":132,"column":33},"end":{"line":132,"column":34}},"loc":{"start":{"line":132,"column":46},"end":{"line":135,"column":13}},"line":132},"14":{"name":"(anonymous_14)","decl":{"start":{"line":141,"column":26},"end":{"line":141,"column":27}},"loc":{"start":{"line":141,"column":40},"end":{"line":149,"column":5}},"line":141},"15":{"name":"(anonymous_15)","decl":{"start":{"line":152,"column":23},"end":{"line":152,"column":24}},"loc":{"start":{"line":152,"column":37},"end":{"line":160,"column":5}},"line":152},"16":{"name":"(anonymous_16)","decl":{"start":{"line":163,"column":31},"end":{"line":163,"column":32}},"loc":{"start":{"line":163,"column":45},"end":{"line":170,"column":5}},"line":163},"17":{"name":"(anonymous_17)","decl":{"start":{"line":173,"column":30},"end":{"line":173,"column":31}},"loc":{"start":{"line":173,"column":42},"end":{"line":180,"column":5}},"line":173},"18":{"name":"(anonymous_18)","decl":{"start":{"line":182,"column":29},"end":{"line":182,"column":30}},"loc":{"start":{"line":182,"column":41},"end":{"line":189,"column":5}},"line":182},"19":{"name":"(anonymous_19)","decl":{"start":{"line":191,"column":30},"end":{"line":191,"column":31}},"loc":{"start":{"line":191,"column":42},"end":{"line":198,"column":5}},"line":191},"20":{"name":"(anonymous_20)","decl":{"start":{"line":200,"column":29},"end":{"line":200,"column":30}},"loc":{"start":{"line":200,"column":41},"end":{"line":207,"column":5}},"line":200},"21":{"name":"(anonymous_21)","decl":{"start":{"line":209,"column":26},"end":{"line":209,"column":27}},"loc":{"start":{"line":209,"column":38},"end":{"line":216,"column":5}},"line":209},"22":{"name":"(anonymous_22)","decl":{"start":{"line":218,"column":30},"end":{"line":218,"column":31}},"loc":{"start":{"line":218,"column":42},"end":{"line":225,"column":5}},"line":218},"23":{"name":"(anonymous_23)","decl":{"start":{"line":227,"column":31},"end":{"line":227,"column":32}},"loc":{"start":{"line":227,"column":43},"end":{"line":234,"column":5}},"line":227},"24":{"name":"(anonymous_24)","decl":{"start":{"line":300,"column":62},"end":{"line":300,"column":63}},"loc":{"start":{"line":300,"column":80},"end":{"line":300,"column":110}},"line":300},"25":{"name":"(anonymous_25)","decl":{"start":{"line":300,"column":116},"end":{"line":300,"column":117}},"loc":{"start":{"line":300,"column":131},"end":{"line":300,"column":184}},"line":300},"26":{"name":"(anonymous_26)","decl":{"start":{"line":308,"column":62},"end":{"line":308,"column":63}},"loc":{"start":{"line":308,"column":80},"end":{"line":308,"column":110}},"line":308},"27":{"name":"(anonymous_27)","decl":{"start":{"line":308,"column":116},"end":{"line":308,"column":117}},"loc":{"start":{"line":308,"column":131},"end":{"line":308,"column":184}},"line":308},"28":{"name":"(anonymous_28)","decl":{"start":{"line":325,"column":63},"end":{"line":325,"column":64}},"loc":{"start":{"line":325,"column":82},"end":{"line":325,"column":113}},"line":325},"29":{"name":"(anonymous_29)","decl":{"start":{"line":325,"column":119},"end":{"line":325,"column":120}},"loc":{"start":{"line":325,"column":135},"end":{"line":325,"column":190}},"line":325},"30":{"name":"(anonymous_30)","decl":{"start":{"line":336,"column":58},"end":{"line":336,"column":59}},"loc":{"start":{"line":336,"column":72},"end":{"line":336,"column":98}},"line":336},"31":{"name":"(anonymous_31)","decl":{"start":{"line":336,"column":104},"end":{"line":336,"column":105}},"loc":{"start":{"line":336,"column":115},"end":{"line":336,"column":160}},"line":336},"32":{"name":"(anonymous_32)","decl":{"start":{"line":351,"column":61},"end":{"line":351,"column":62}},"loc":{"start":{"line":351,"column":82},"end":{"line":351,"column":115}},"line":351},"33":{"name":"(anonymous_33)","decl":{"start":{"line":351,"column":121},"end":{"line":351,"column":122}},"loc":{"start":{"line":351,"column":135},"end":{"line":351,"column":186}},"line":351},"34":{"name":"(anonymous_34)","decl":{"start":{"line":361,"column":62},"end":{"line":361,"column":63}},"loc":{"start":{"line":361,"column":80},"end":{"line":361,"column":110}},"line":361},"35":{"name":"(anonymous_35)","decl":{"start":{"line":361,"column":116},"end":{"line":361,"column":117}},"loc":{"start":{"line":361,"column":131},"end":{"line":361,"column":184}},"line":361},"36":{"name":"(anonymous_36)","decl":{"start":{"line":374,"column":61},"end":{"line":374,"column":62}},"loc":{"start":{"line":374,"column":78},"end":{"line":374,"column":107}},"line":374},"37":{"name":"(anonymous_37)","decl":{"start":{"line":374,"column":113},"end":{"line":374,"column":114}},"loc":{"start":{"line":374,"column":127},"end":{"line":374,"column":178}},"line":374},"38":{"name":"(anonymous_38)","decl":{"start":{"line":396,"column":86},"end":{"line":396,"column":87}},"loc":{"start":{"line":396,"column":92},"end":{"line":396,"column":109}},"line":396},"39":{"name":"(anonymous_39)","decl":{"start":{"line":398,"column":86},"end":{"line":398,"column":87}},"loc":{"start":{"line":398,"column":92},"end":{"line":398,"column":106}},"line":398},"40":{"name":"(anonymous_40)","decl":{"start":{"line":408,"column":64},"end":{"line":408,"column":65}},"loc":{"start":{"line":409,"column":40},"end":{"line":437,"column":43}},"line":409},"41":{"name":"(anonymous_41)","decl":{"start":{"line":433,"column":57},"end":{"line":433,"column":58}},"loc":{"start":{"line":433,"column":63},"end":{"line":433,"column":87}},"line":433}},"branchMap":{"0":{"loc":{"start":{"line":239,"column":17},"end":{"line":445,"column":17}},"type":"cond-expr","locations":[{"start":{"line":240,"column":20},"end":{"line":247,"column":30}},{"start":{"line":249,"column":20},"end":{"line":443,"column":26}}],"line":239}},"s":{"0":0,"1":0,"2":0,"3":0,"4":0,"5":0,"6":0,"7":0,"8":0,"9":0,"10":0,"11":0,"12":0,"13":0,"14":0,"15":0,"16":0,"17":0,"18":0,"19":0,"20":0,"21":0,"22":0,"23":0,"24":0,"25":0,"26":0,"27":0,"28":0,"29":0,"30":0,"31":0,"32":0,"33":0,"34":0,"35":0,"36":0,"37":0,"38":0,"39":0,"40":0,"41":0,"42":0,"43":0,"44":0,"45":0,"46":0,"47":0,"48":0,"49":0,"50":0,"51":0,"52":0,"53":0,"54":0,"55":0,"56":0,"57":0,"58":0,"59":0,"60":0,"61":0,"62":0,"63":0,"64":0,"65":0,"66":0,"67":0,"68":0,"69":0,"70":0,"71":0,"72":0,"73":0,"74":0,"75":0,"76":0,"77":0,"78":0,"79":0,"80":0,"81":0,"82":0,"83":0,"84":0,"85":0,"86":0,"87":0,"88":0,"89":0,"90":0,"91":0,"92":0,"93":0,"94":0,"95":0,"96":0,"97":0,"98":0,"99":0,"100":0,"101":0,"102":0,"103":0,"104":0,"105":0,"106":0,"107":0,"108":0,"109":0,"110":0,"111":0,"112":0,"113":0,"114":0,"115":0,"116":0,"117":0,"118":0,"119":0,"120":0,"121":0},"f":{"0":0,"1":0,"2":0,"3":0,"4":0,"5":0,"6":0,"7":0,"8":0,"9":0,"10":0,"11":0,"12":0,"13":0,"14":0,"15":0,"16":0,"17":0,"18":0,"19":0,"20":0,"21":0,"22":0,"23":0,"24":0,"25":0,"26":0,"27":0,"28":0,"29":0,"30":0,"31":0,"32":0,"33":0,"34":0,"35":0,"36":0,"37":0,"38":0,"39":0,"40":0,"41":0},"b":{"0":[0,0]},"hash":"b304b1f8464f3b804bd36b9f7dac2f21522b21e3"}
,"/Users/jakepeterson/Sprint4-Demo/frontend/src/Components/EditParameterCard2.js": {"path":"/Users/jakepeterson/Sprint4-Demo/frontend/src/Components/EditParameterCard2.js","statementMap":{"0":{"start":{"line":7,"column":30},"end":{"line":7,"column":40}},"1":{"start":{"line":8,"column":34},"end":{"line":8,"column":46}},"2":{"start":{"line":11,"column":24},"end":{"line":14,"column":5}},"3":{"start":{"line":12,"column":32},"end":{"line":12,"column":40}},"4":{"start":{"line":13,"column":8},"end":{"line":13,"column":46}},"5":{"start":{"line":16,"column":34},"end":{"line":99,"column":5}},"6":{"start":{"line":18,"column":12},"end":{"line":92,"column":13}},"7":{"start":{"line":20,"column":20},"end":{"line":25,"column":21}},"8":{"start":{"line":21,"column":41},"end":{"line":21,"column":91}},"9":{"start":{"line":22,"column":24},"end":{"line":22,"column":41}},"10":{"start":{"line":24,"column":24},"end":{"line":24,"column":41}},"11":{"start":{"line":26,"column":16},"end":{"line":26,"column":22}},"12":{"start":{"line":28,"column":20},"end":{"line":33,"column":21}},"13":{"start":{"line":29,"column":41},"end":{"line":29,"column":90}},"14":{"start":{"line":30,"column":24},"end":{"line":30,"column":41}},"15":{"start":{"line":32,"column":24},"end":{"line":32,"column":41}},"16":{"start":{"line":34,"column":16},"end":{"line":34,"column":22}},"17":{"start":{"line":36,"column":20},"end":{"line":41,"column":21}},"18":{"start":{"line":37,"column":41},"end":{"line":37,"column":90}},"19":{"start":{"line":38,"column":24},"end":{"line":38,"column":41}},"20":{"start":{"line":40,"column":24},"end":{"line":40,"column":41}},"21":{"start":{"line":42,"column":16},"end":{"line":42,"column":22}},"22":{"start":{"line":44,"column":20},"end":{"line":49,"column":21}},"23":{"start":{"line":45,"column":41},"end":{"line":45,"column":91}},"24":{"start":{"line":46,"column":24},"end":{"line":46,"column":41}},"25":{"start":{"line":48,"column":24},"end":{"line":48,"column":41}},"26":{"start":{"line":50,"column":16},"end":{"line":50,"column":22}},"27":{"start":{"line":52,"column":20},"end":{"line":57,"column":21}},"28":{"start":{"line":53,"column":41},"end":{"line":53,"column":92}},"29":{"start":{"line":54,"column":24},"end":{"line":54,"column":41}},"30":{"start":{"line":56,"column":24},"end":{"line":56,"column":41}},"31":{"start":{"line":58,"column":16},"end":{"line":58,"column":22}},"32":{"start":{"line":60,"column":20},"end":{"line":65,"column":21}},"33":{"start":{"line":61,"column":41},"end":{"line":61,"column":90}},"34":{"start":{"line":62,"column":24},"end":{"line":62,"column":41}},"35":{"start":{"line":64,"column":24},"end":{"line":64,"column":41}},"36":{"start":{"line":66,"column":16},"end":{"line":66,"column":22}},"37":{"start":{"line":68,"column":20},"end":{"line":73,"column":21}},"38":{"start":{"line":69,"column":41},"end":{"line":69,"column":87}},"39":{"start":{"line":70,"column":24},"end":{"line":70,"column":41}},"40":{"start":{"line":72,"column":24},"end":{"line":72,"column":41}},"41":{"start":{"line":74,"column":20},"end":{"line":74,"column":26}},"42":{"start":{"line":76,"column":24},"end":{"line":81,"column":25}},"43":{"start":{"line":77,"column":45},"end":{"line":77,"column":94}},"44":{"start":{"line":78,"column":28},"end":{"line":78,"column":45}},"45":{"start":{"line":80,"column":28},"end":{"line":80,"column":45}},"46":{"start":{"line":82,"column":20},"end":{"line":82,"column":26}},"47":{"start":{"line":84,"column":24},"end":{"line":89,"column":25}},"48":{"start":{"line":85,"column":45},"end":{"line":85,"column":90}},"49":{"start":{"line":86,"column":28},"end":{"line":86,"column":45}},"50":{"start":{"line":88,"column":28},"end":{"line":88,"column":45}},"51":{"start":{"line":90,"column":20},"end":{"line":90,"column":26}},"52":{"start":{"line":93,"column":12},"end":{"line":93,"column":32}},"53":{"start":{"line":94,"column":8},"end":{"line":94,"column":34}},"54":{"start":{"line":95,"column":8},"end":{"line":95,"column":38}},"55":{"start":{"line":103,"column":26},"end":{"line":174,"column":5}},"56":{"start":{"line":105,"column":8},"end":{"line":169,"column":9}},"57":{"start":{"line":107,"column":16},"end":{"line":111,"column":17}},"58":{"start":{"line":108,"column":20},"end":{"line":108,"column":88}},"59":{"start":{"line":110,"column":20},"end":{"line":110,"column":37}},"60":{"start":{"line":112,"column":12},"end":{"line":112,"column":18}},"61":{"start":{"line":114,"column":16},"end":{"line":118,"column":17}},"62":{"start":{"line":115,"column":20},"end":{"line":115,"column":87}},"63":{"start":{"line":117,"column":20},"end":{"line":117,"column":37}},"64":{"start":{"line":119,"column":12},"end":{"line":119,"column":18}},"65":{"start":{"line":121,"column":16},"end":{"line":125,"column":17}},"66":{"start":{"line":122,"column":16},"end":{"line":122,"column":83}},"67":{"start":{"line":124,"column":20},"end":{"line":124,"column":37}},"68":{"start":{"line":126,"column":16},"end":{"line":126,"column":22}},"69":{"start":{"line":128,"column":16},"end":{"line":132,"column":17}},"70":{"start":{"line":129,"column":16},"end":{"line":129,"column":84}},"71":{"start":{"line":131,"column":20},"end":{"line":131,"column":37}},"72":{"start":{"line":133,"column":16},"end":{"line":133,"column":22}},"73":{"start":{"line":135,"column":16},"end":{"line":139,"column":21}},"74":{"start":{"line":136,"column":20},"end":{"line":136,"column":89}},"75":{"start":{"line":138,"column":24},"end":{"line":138,"column":41}},"76":{"start":{"line":140,"column":16},"end":{"line":140,"column":22}},"77":{"start":{"line":142,"column":16},"end":{"line":146,"column":21}},"78":{"start":{"line":143,"column":20},"end":{"line":143,"column":87}},"79":{"start":{"line":145,"column":24},"end":{"line":145,"column":41}},"80":{"start":{"line":147,"column":16},"end":{"line":147,"column":22}},"81":{"start":{"line":149,"column":16},"end":{"line":153,"column":21}},"82":{"start":{"line":150,"column":20},"end":{"line":150,"column":84}},"83":{"start":{"line":152,"column":24},"end":{"line":152,"column":41}},"84":{"start":{"line":154,"column":16},"end":{"line":154,"column":22}},"85":{"start":{"line":156,"column":16},"end":{"line":160,"column":21}},"86":{"start":{"line":157,"column":20},"end":{"line":157,"column":87}},"87":{"start":{"line":159,"column":24},"end":{"line":159,"column":41}},"88":{"start":{"line":161,"column":16},"end":{"line":161,"column":22}},"89":{"start":{"line":163,"column":20},"end":{"line":167,"column":25}},"90":{"start":{"line":164,"column":24},"end":{"line":164,"column":87}},"91":{"start":{"line":166,"column":28},"end":{"line":166,"column":45}},"92":{"start":{"line":168,"column":16},"end":{"line":168,"column":22}},"93":{"start":{"line":171,"column":8},"end":{"line":171,"column":28}},"94":{"start":{"line":172,"column":8},"end":{"line":172,"column":34}},"95":{"start":{"line":173,"column":8},"end":{"line":173,"column":38}},"96":{"start":{"line":178,"column":27},"end":{"line":180,"column":9}},"97":{"start":{"line":179,"column":12},"end":{"line":179,"column":32}},"98":{"start":{"line":184,"column":4},"end":{"line":218,"column":6}},"99":{"start":{"line":189,"column":94},"end":{"line":189,"column":134}}},"fnMap":{"0":{"name":"EditParameterCard2","decl":{"start":{"line":5,"column":9},"end":{"line":5,"column":27}},"loc":{"start":{"line":5,"column":35},"end":{"line":220,"column":33}},"line":5},"1":{"name":"(anonymous_1)","decl":{"start":{"line":11,"column":24},"end":{"line":11,"column":25}},"loc":{"start":{"line":11,"column":31},"end":{"line":14,"column":5}},"line":11},"2":{"name":"(anonymous_2)","decl":{"start":{"line":16,"column":34},"end":{"line":16,"column":35}},"loc":{"start":{"line":16,"column":48},"end":{"line":99,"column":5}},"line":16},"3":{"name":"(anonymous_3)","decl":{"start":{"line":103,"column":26},"end":{"line":103,"column":27}},"loc":{"start":{"line":103,"column":38},"end":{"line":174,"column":5}},"line":103},"4":{"name":"(anonymous_4)","decl":{"start":{"line":178,"column":27},"end":{"line":178,"column":28}},"loc":{"start":{"line":178,"column":33},"end":{"line":180,"column":9}},"line":178},"5":{"name":"(anonymous_5)","decl":{"start":{"line":189,"column":89},"end":{"line":189,"column":90}},"loc":{"start":{"line":189,"column":94},"end":{"line":189,"column":134}},"line":189}},"branchMap":{"0":{"loc":{"start":{"line":18,"column":12},"end":{"line":92,"column":13}},"type":"switch","locations":[{"start":{"line":19,"column":16},"end":{"line":26,"column":22}},{"start":{"line":27,"column":16},"end":{"line":34,"column":22}},{"start":{"line":35,"column":16},"end":{"line":42,"column":22}},{"start":{"line":43,"column":16},"end":{"line":50,"column":22}},{"start":{"line":51,"column":16},"end":{"line":58,"column":22}},{"start":{"line":59,"column":16},"end":{"line":66,"column":22}},{"start":{"line":67,"column":16},"end":{"line":74,"column":26}},{"start":{"line":75,"column":20},"end":{"line":82,"column":26}},{"start":{"line":83,"column":20},"end":{"line":90,"column":26}}],"line":18},"1":{"loc":{"start":{"line":105,"column":8},"end":{"line":169,"column":9}},"type":"switch","locations":[{"start":{"line":106,"column":12},"end":{"line":112,"column":18}},{"start":{"line":113,"column":12},"end":{"line":119,"column":18}},{"start":{"line":120,"column":12},"end":{"line":126,"column":22}},{"start":{"line":127,"column":12},"end":{"line":133,"column":22}},{"start":{"line":134,"column":12},"end":{"line":140,"column":22}},{"start":{"line":141,"column":12},"end":{"line":147,"column":22}},{"start":{"line":148,"column":12},"end":{"line":154,"column":22}},{"start":{"line":155,"column":12},"end":{"line":161,"column":22}},{"start":{"line":162,"column":16},"end":{"line":168,"column":22}}],"line":105}},"s":{"0":0,"1":0,"2":0,"3":0,"4":0,"5":0,"6":0,"7":0,"8":0,"9":0,"10":0,"11":0,"12":0,"13":0,"14":0,"15":0,"16":0,"17":0,"18":0,"19":0,"20":0,"21":0,"22":0,"23":0,"24":0,"25":0,"26":0,"27":0,"28":0,"29":0,"30":0,"31":0,"32":0,"33":0,"34":0,"35":0,"36":0,"37":0,"38":0,"39":0,"40":0,"41":0,"42":0,"43":0,"44":0,"45":0,"46":0,"47":0,"48":0,"49":0,"50":0,"51":0,"52":0,"53":0,"54":0,"55":0,"56":0,"57":0,"58":0,"59":0,"60":0,"61":0,"62":0,"63":0,"64":0,"65":0,"66":0,"67":0,"68":0,"69":0,"70":0,"71":0,"72":0,"73":0,"74":0,"75":0,"76":0,"77":0,"78":0,"79":0,"80":0,"81":0,"82":0,"83":0,"84":0,"85":0,"86":0,"87":0,"88":0,"89":0,"90":0,"91":0,"92":0,"93":0,"94":0,"95":0,"96":0,"97":0,"98":0,"99":0},"f":{"0":0,"1":0,"2":0,"3":0,"4":0,"5":0},"b":{"0":[0,0,0,0,0,0,0,0,0],"1":[0,0,0,0,0,0,0,0,0]},"hash":"69ace5b35fbea8effb222d301b37e994ac781471"}
,"/Users/jakepeterson/Sprint4-Demo/frontend/src/Components/EditUser.js": {"path":"/Users/jakepeterson/Sprint4-Demo/frontend/src/Components/EditUser.js","statementMap":{"0":{"start":{"line":9,"column":24},"end":{"line":19,"column":5}},"1":{"start":{"line":21,"column":28},"end":{"line":21,"column":49}},"2":{"start":{"line":22,"column":34},"end":{"line":22,"column":46}},"3":{"start":{"line":23,"column":38},"end":{"line":23,"column":50}},"4":{"start":{"line":24,"column":46},"end":{"line":24,"column":89}},"5":{"start":{"line":26,"column":19},"end":{"line":26,"column":30}},"6":{"start":{"line":28,"column":4},"end":{"line":31,"column":11}},"7":{"start":{"line":29,"column":8},"end":{"line":29,"column":25}},"8":{"start":{"line":30,"column":8},"end":{"line":30,"column":28}},"9":{"start":{"line":34,"column":25},"end":{"line":41,"column":5}},"10":{"start":{"line":35,"column":8},"end":{"line":40,"column":9}},"11":{"start":{"line":36,"column":29},"end":{"line":36,"column":62}},"12":{"start":{"line":37,"column":12},"end":{"line":37,"column":26}},"13":{"start":{"line":39,"column":12},"end":{"line":39,"column":29}},"14":{"start":{"line":43,"column":30},"end":{"line":46,"column":7}},"15":{"start":{"line":44,"column":25},"end":{"line":44,"column":67}},"16":{"start":{"line":45,"column":8},"end":{"line":45,"column":27}},"17":{"start":{"line":49,"column":30},"end":{"line":52,"column":5}},"18":{"start":{"line":50,"column":32},"end":{"line":50,"column":40}},"19":{"start":{"line":51,"column":8},"end":{"line":51,"column":43}},"20":{"start":{"line":54,"column":22},"end":{"line":62,"column":5}},"21":{"start":{"line":55,"column":8},"end":{"line":61,"column":9}},"22":{"start":{"line":56,"column":29},"end":{"line":56,"column":60}},"23":{"start":{"line":57,"column":12},"end":{"line":57,"column":29}},"24":{"start":{"line":58,"column":12},"end":{"line":58,"column":29}},"25":{"start":{"line":60,"column":12},"end":{"line":60,"column":29}},"26":{"start":{"line":64,"column":23},"end":{"line":73,"column":5}},"27":{"start":{"line":65,"column":8},"end":{"line":72,"column":9}},"28":{"start":{"line":66,"column":29},"end":{"line":66,"column":61}},"29":{"start":{"line":67,"column":12},"end":{"line":67,"column":29}},"30":{"start":{"line":68,"column":12},"end":{"line":68,"column":29}},"31":{"start":{"line":70,"column":12},"end":{"line":70,"column":29}},"32":{"start":{"line":76,"column":21},"end":{"line":83,"column":5}},"33":{"start":{"line":77,"column":8},"end":{"line":82,"column":9}},"34":{"start":{"line":78,"column":29},"end":{"line":78,"column":71}},"35":{"start":{"line":79,"column":12},"end":{"line":79,"column":64}},"36":{"start":{"line":81,"column":12},"end":{"line":81,"column":29}},"37":{"start":{"line":86,"column":23},"end":{"line":93,"column":5}},"38":{"start":{"line":87,"column":8},"end":{"line":92,"column":9}},"39":{"start":{"line":88,"column":12},"end":{"line":88,"column":44}},"40":{"start":{"line":89,"column":12},"end":{"line":89,"column":50}},"41":{"start":{"line":91,"column":12},"end":{"line":91,"column":36}},"42":{"start":{"line":95,"column":4},"end":{"line":199,"column":5}},"43":{"start":{"line":149,"column":74},"end":{"line":149,"column":146}},"44":{"start":{"line":164,"column":73},"end":{"line":164,"column":105}},"45":{"start":{"line":178,"column":67},"end":{"line":178,"column":79}},"46":{"start":{"line":181,"column":67},"end":{"line":181,"column":81}}},"fnMap":{"0":{"name":"EditUser","decl":{"start":{"line":7,"column":9},"end":{"line":7,"column":17}},"loc":{"start":{"line":7,"column":25},"end":{"line":201,"column":1}},"line":7},"1":{"name":"(anonymous_1)","decl":{"start":{"line":28,"column":14},"end":{"line":28,"column":15}},"loc":{"start":{"line":28,"column":20},"end":{"line":31,"column":5}},"line":28},"2":{"name":"(anonymous_2)","decl":{"start":{"line":34,"column":25},"end":{"line":34,"column":26}},"loc":{"start":{"line":34,"column":39},"end":{"line":41,"column":5}},"line":34},"3":{"name":"(anonymous_3)","decl":{"start":{"line":43,"column":30},"end":{"line":43,"column":31}},"loc":{"start":{"line":43,"column":42},"end":{"line":46,"column":7}},"line":43},"4":{"name":"(anonymous_4)","decl":{"start":{"line":49,"column":30},"end":{"line":49,"column":31}},"loc":{"start":{"line":49,"column":37},"end":{"line":52,"column":5}},"line":49},"5":{"name":"(anonymous_5)","decl":{"start":{"line":54,"column":22},"end":{"line":54,"column":23}},"loc":{"start":{"line":54,"column":34},"end":{"line":62,"column":5}},"line":54},"6":{"name":"(anonymous_6)","decl":{"start":{"line":64,"column":23},"end":{"line":64,"column":24}},"loc":{"start":{"line":64,"column":35},"end":{"line":73,"column":5}},"line":64},"7":{"name":"(anonymous_7)","decl":{"start":{"line":76,"column":21},"end":{"line":76,"column":22}},"loc":{"start":{"line":76,"column":35},"end":{"line":83,"column":5}},"line":76},"8":{"name":"(anonymous_8)","decl":{"start":{"line":86,"column":23},"end":{"line":86,"column":24}},"loc":{"start":{"line":86,"column":37},"end":{"line":93,"column":5}},"line":86},"9":{"name":"(anonymous_9)","decl":{"start":{"line":149,"column":59},"end":{"line":149,"column":60}},"loc":{"start":{"line":149,"column":74},"end":{"line":149,"column":146}},"line":149},"10":{"name":"(anonymous_10)","decl":{"start":{"line":164,"column":56},"end":{"line":164,"column":57}},"loc":{"start":{"line":164,"column":73},"end":{"line":164,"column":105}},"line":164},"11":{"name":"(anonymous_11)","decl":{"start":{"line":178,"column":61},"end":{"line":178,"column":62}},"loc":{"start":{"line":178,"column":67},"end":{"line":178,"column":79}},"line":178},"12":{"name":"(anonymous_12)","decl":{"start":{"line":181,"column":61},"end":{"line":181,"column":62}},"loc":{"start":{"line":181,"column":67},"end":{"line":181,"column":81}},"line":181}},"branchMap":{"0":{"loc":{"start":{"line":97,"column":13},"end":{"line":197,"column":13}},"type":"cond-expr","locations":[{"start":{"line":98,"column":20},"end":{"line":105,"column":30}},{"start":{"line":107,"column":12},"end":{"line":196,"column":18}}],"line":97},"1":{"loc":{"start":{"line":172,"column":41},"end":{"line":172,"column":98}},"type":"cond-expr","locations":[{"start":{"line":172,"column":55},"end":{"line":172,"column":74}},{"start":{"line":172,"column":77},"end":{"line":172,"column":98}}],"line":172}},"s":{"0":0,"1":0,"2":0,"3":0,"4":0,"5":0,"6":0,"7":0,"8":0,"9":0,"10":0,"11":0,"12":0,"13":0,"14":0,"15":0,"16":0,"17":0,"18":0,"19":0,"20":0,"21":0,"22":0,"23":0,"24":0,"25":0,"26":0,"27":0,"28":0,"29":0,"30":0,"31":0,"32":0,"33":0,"34":0,"35":0,"36":0,"37":0,"38":0,"39":0,"40":0,"41":0,"42":0,"43":0,"44":0,"45":0,"46":0},"f":{"0":0,"1":0,"2":0,"3":0,"4":0,"5":0,"6":0,"7":0,"8":0,"9":0,"10":0,"11":0,"12":0},"b":{"0":[0,0],"1":[0,0]},"hash":"863cbace468dbbf496bd7381161b2a93f075f193"}
,"/Users/jakepeterson/Sprint4-Demo/frontend/src/Components/Login.js": {"path":"/Users/jakepeterson/Sprint4-Demo/frontend/src/Components/Login.js","statementMap":{"0":{"start":{"line":8,"column":17},"end":{"line":16,"column":1}},"1":{"start":{"line":9,"column":2},"end":{"line":15,"column":3}},"2":{"start":{"line":10,"column":4},"end":{"line":14,"column":6}},"3":{"start":{"line":18,"column":14},"end":{"line":112,"column":1}},"4":{"start":{"line":19,"column":15},"end":{"line":19,"column":23}},"5":{"start":{"line":20,"column":19},"end":{"line":20,"column":27}},"6":{"start":{"line":21,"column":34},"end":{"line":21,"column":46}},"7":{"start":{"line":22,"column":34},"end":{"line":22,"column":46}},"8":{"start":{"line":23,"column":32},"end":{"line":23,"column":47}},"9":{"start":{"line":24,"column":32},"end":{"line":24,"column":44}},"10":{"start":{"line":27,"column":27},"end":{"line":30,"column":3}},"11":{"start":{"line":28,"column":21},"end":{"line":28,"column":35}},"12":{"start":{"line":29,"column":4},"end":{"line":29,"column":26}},"13":{"start":{"line":33,"column":27},"end":{"line":36,"column":3}},"14":{"start":{"line":34,"column":21},"end":{"line":34,"column":35}},"15":{"start":{"line":35,"column":4},"end":{"line":35,"column":26}},"16":{"start":{"line":40,"column":22},"end":{"line":60,"column":3}},"17":{"start":{"line":41,"column":4},"end":{"line":41,"column":23}},"18":{"start":{"line":43,"column":4},"end":{"line":43,"column":19}},"19":{"start":{"line":44,"column":4},"end":{"line":44,"column":21}},"20":{"start":{"line":46,"column":4},"end":{"line":46,"column":31}},"21":{"start":{"line":48,"column":4},"end":{"line":59,"column":5}},"22":{"start":{"line":49,"column":6},"end":{"line":56,"column":7}},"23":{"start":{"line":50,"column":8},"end":{"line":50,"column":52}},"24":{"start":{"line":51,"column":8},"end":{"line":51,"column":43}},"25":{"start":{"line":52,"column":8},"end":{"line":52,"column":33}},"26":{"start":{"line":54,"column":8},"end":{"line":54,"column":45}},"27":{"start":{"line":55,"column":8},"end":{"line":55,"column":26}},"28":{"start":{"line":58,"column":6},"end":{"line":58,"column":24}},"29":{"start":{"line":62,"column":2},"end":{"line":111,"column":4}}},"fnMap":{"0":{"name":"(anonymous_0)","decl":{"start":{"line":8,"column":17},"end":{"line":8,"column":18}},"loc":{"start":{"line":8,"column":28},"end":{"line":16,"column":1}},"line":8},"1":{"name":"(anonymous_1)","decl":{"start":{"line":18,"column":14},"end":{"line":18,"column":15}},"loc":{"start":{"line":18,"column":25},"end":{"line":112,"column":1}},"line":18},"2":{"name":"(anonymous_2)","decl":{"start":{"line":27,"column":27},"end":{"line":27,"column":28}},"loc":{"start":{"line":27,"column":34},"end":{"line":30,"column":3}},"line":27},"3":{"name":"(anonymous_3)","decl":{"start":{"line":33,"column":27},"end":{"line":33,"column":28}},"loc":{"start":{"line":33,"column":34},"end":{"line":36,"column":3}},"line":33},"4":{"name":"(anonymous_4)","decl":{"start":{"line":40,"column":22},"end":{"line":40,"column":23}},"loc":{"start":{"line":40,"column":35},"end":{"line":60,"column":3}},"line":40}},"branchMap":{"0":{"loc":{"start":{"line":9,"column":2},"end":{"line":15,"column":3}},"type":"if","locations":[{"start":{"line":9,"column":2},"end":{"line":15,"column":3}},{"start":{"line":9,"column":2},"end":{"line":15,"column":3}}],"line":9},"1":{"loc":{"start":{"line":48,"column":4},"end":{"line":59,"column":5}},"type":"if","locations":[{"start":{"line":48,"column":4},"end":{"line":59,"column":5}},{"start":{"line":48,"column":4},"end":{"line":59,"column":5}}],"line":48},"2":{"loc":{"start":{"line":93,"column":15},"end":{"line":95,"column":15}},"type":"binary-expr","locations":[{"start":{"line":93,"column":15},"end":{"line":93,"column":22}},{"start":{"line":94,"column":16},"end":{"line":94,"column":74}}],"line":93},"3":{"loc":{"start":{"line":100,"column":11},"end":{"line":106,"column":11}},"type":"binary-expr","locations":[{"start":{"line":100,"column":11},"end":{"line":100,"column":18}},{"start":{"line":101,"column":12},"end":{"line":105,"column":18}}],"line":100}},"s":{"0":0,"1":0,"2":0,"3":0,"4":0,"5":0,"6":0,"7":0,"8":0,"9":0,"10":0,"11":0,"12":0,"13":0,"14":0,"15":0,"16":0,"17":0,"18":0,"19":0,"20":0,"21":0,"22":0,"23":0,"24":0,"25":0,"26":0,"27":0,"28":0,"29":0},"f":{"0":0,"1":0,"2":0,"3":0,"4":0},"b":{"0":[0,0],"1":[0,0],"2":[0,0],"3":[0,0]},"hash":"a594dafc737052bae6ac15a05641f160144043ba"}
,"/Users/jakepeterson/Sprint4-Demo/frontend/src/Components/MissionList.js": {"path":"/Users/jakepeterson/Sprint4-Demo/frontend/src/Components/MissionList.js","statementMap":{"0":{"start":{"line":9,"column":36},"end":{"line":9,"column":48}},"1":{"start":{"line":10,"column":44},"end":{"line":10,"column":54}},"2":{"start":{"line":11,"column":62},"end":{"line":11,"column":74}},"3":{"start":{"line":12,"column":32},"end":{"line":12,"column":42}},"4":{"start":{"line":13,"column":38},"end":{"line":13,"column":50}},"5":{"start":{"line":16,"column":4},"end":{"line":19,"column":11}},"6":{"start":{"line":17,"column":8},"end":{"line":17,"column":25}},"7":{"start":{"line":18,"column":8},"end":{"line":18,"column":23}},"8":{"start":{"line":22,"column":27},"end":{"line":25,"column":5}},"9":{"start":{"line":23,"column":29},"end":{"line":23,"column":67}},"10":{"start":{"line":24,"column":12},"end":{"line":24,"column":30}},"11":{"start":{"line":27,"column":25},"end":{"line":30,"column":5}},"12":{"start":{"line":28,"column":25},"end":{"line":28,"column":68}},"13":{"start":{"line":29,"column":8},"end":{"line":29,"column":27}},"14":{"start":{"line":32,"column":31},"end":{"line":35,"column":5}},"15":{"start":{"line":33,"column":32},"end":{"line":33,"column":40}},"16":{"start":{"line":34,"column":8},"end":{"line":34,"column":47}},"17":{"start":{"line":37,"column":25},"end":{"line":40,"column":5}},"18":{"start":{"line":38,"column":25},"end":{"line":38,"column":67}},"19":{"start":{"line":39,"column":8},"end":{"line":39,"column":26}},"20":{"start":{"line":42,"column":29},"end":{"line":45,"column":5}},"21":{"start":{"line":43,"column":8},"end":{"line":43,"column":35}},"22":{"start":{"line":44,"column":8},"end":{"line":44,"column":40}},"23":{"start":{"line":48,"column":25},"end":{"line":54,"column":5}},"24":{"start":{"line":49,"column":8},"end":{"line":49,"column":24}},"25":{"start":{"line":50,"column":8},"end":{"line":50,"column":56}},"26":{"start":{"line":51,"column":8},"end":{"line":51,"column":54}},"27":{"start":{"line":52,"column":8},"end":{"line":52,"column":55}},"28":{"start":{"line":53,"column":8},"end":{"line":53,"column":20}},"29":{"start":{"line":56,"column":4},"end":{"line":182,"column":6}},"30":{"start":{"line":70,"column":64},"end":{"line":70,"column":94}},"31":{"start":{"line":70,"column":115},"end":{"line":70,"column":198}},"32":{"start":{"line":80,"column":28},"end":{"line":88,"column":33}},"33":{"start":{"line":83,"column":47},"end":{"line":83,"column":79}}},"fnMap":{"0":{"name":"MissionList","decl":{"start":{"line":8,"column":9},"end":{"line":8,"column":20}},"loc":{"start":{"line":8,"column":23},"end":{"line":183,"column":1}},"line":8},"1":{"name":"(anonymous_1)","decl":{"start":{"line":16,"column":14},"end":{"line":16,"column":15}},"loc":{"start":{"line":16,"column":20},"end":{"line":19,"column":5}},"line":16},"2":{"name":"(anonymous_2)","decl":{"start":{"line":22,"column":27},"end":{"line":22,"column":28}},"loc":{"start":{"line":22,"column":39},"end":{"line":25,"column":5}},"line":22},"3":{"name":"(anonymous_3)","decl":{"start":{"line":27,"column":25},"end":{"line":27,"column":26}},"loc":{"start":{"line":27,"column":37},"end":{"line":30,"column":5}},"line":27},"4":{"name":"(anonymous_4)","decl":{"start":{"line":32,"column":31},"end":{"line":32,"column":32}},"loc":{"start":{"line":32,"column":38},"end":{"line":35,"column":5}},"line":32},"5":{"name":"(anonymous_5)","decl":{"start":{"line":37,"column":25},"end":{"line":37,"column":26}},"loc":{"start":{"line":37,"column":37},"end":{"line":40,"column":5}},"line":37},"6":{"name":"(anonymous_6)","decl":{"start":{"line":42,"column":29},"end":{"line":42,"column":30}},"loc":{"start":{"line":42,"column":49},"end":{"line":45,"column":5}},"line":42},"7":{"name":"(anonymous_7)","decl":{"start":{"line":48,"column":25},"end":{"line":48,"column":26}},"loc":{"start":{"line":48,"column":31},"end":{"line":54,"column":5}},"line":48},"8":{"name":"(anonymous_8)","decl":{"start":{"line":70,"column":46},"end":{"line":70,"column":47}},"loc":{"start":{"line":70,"column":64},"end":{"line":70,"column":94}},"line":70},"9":{"name":"(anonymous_9)","decl":{"start":{"line":70,"column":100},"end":{"line":70,"column":101}},"loc":{"start":{"line":70,"column":115},"end":{"line":70,"column":198}},"line":70},"10":{"name":"(anonymous_10)","decl":{"start":{"line":79,"column":50},"end":{"line":79,"column":51}},"loc":{"start":{"line":80,"column":28},"end":{"line":88,"column":33}},"line":80},"11":{"name":"(anonymous_11)","decl":{"start":{"line":83,"column":41},"end":{"line":83,"column":42}},"loc":{"start":{"line":83,"column":47},"end":{"line":83,"column":79}},"line":83}},"branchMap":{"0":{"loc":{"start":{"line":79,"column":25},"end":{"line":89,"column":26}},"type":"binary-expr","locations":[{"start":{"line":79,"column":25},"end":{"line":79,"column":33}},{"start":{"line":79,"column":37},"end":{"line":89,"column":26}}],"line":79},"1":{"loc":{"start":{"line":82,"column":65},"end":{"line":82,"column":112}},"type":"cond-expr","locations":[{"start":{"line":82,"column":99},"end":{"line":82,"column":107}},{"start":{"line":82,"column":110},"end":{"line":82,"column":112}}],"line":82},"2":{"loc":{"start":{"line":93,"column":21},"end":{"line":178,"column":25}},"type":"cond-expr","locations":[{"start":{"line":94,"column":25},"end":{"line":172,"column":30}},{"start":{"line":174,"column":28},"end":{"line":177,"column":34}}],"line":93}},"s":{"0":16,"1":16,"2":16,"3":16,"4":16,"5":16,"6":4,"7":4,"8":16,"9":5,"10":5,"11":16,"12":4,"13":4,"14":16,"15":1,"16":1,"17":16,"18":1,"19":1,"20":16,"21":1,"22":1,"23":16,"24":1,"25":1,"26":1,"27":1,"28":1,"29":16,"30":16,"31":16,"32":23,"33":1},"f":{"0":16,"1":4,"2":5,"3":4,"4":1,"5":1,"6":1,"7":1,"8":16,"9":16,"10":23,"11":1},"b":{"0":[16,16],"1":[1,22],"2":[1,15]},"_coverageSchema":"43e27e138ebf9cfc5966b082cf9a028302ed4184","hash":"977b0f69a45bb50a008b384d5298b9d541c65105"}
,"/Users/jakepeterson/Sprint4-Demo/frontend/src/Components/MissionReports2.js": {"path":"/Users/jakepeterson/Sprint4-Demo/frontend/src/Components/MissionReports2.js","statementMap":{"0":{"start":{"line":9,"column":52},"end":{"line":9,"column":64}},"1":{"start":{"line":10,"column":32},"end":{"line":10,"column":44}},"2":{"start":{"line":13,"column":31},"end":{"line":18,"column":5}},"3":{"start":{"line":14,"column":8},"end":{"line":17,"column":10}},"4":{"start":{"line":15,"column":30},"end":{"line":15,"column":61}},"5":{"start":{"line":16,"column":12},"end":{"line":16,"column":29}},"6":{"start":{"line":24,"column":25},"end":{"line":33,"column":5}},"7":{"start":{"line":25,"column":8},"end":{"line":32,"column":9}},"8":{"start":{"line":26,"column":29},"end":{"line":26,"column":72}},"9":{"start":{"line":28,"column":12},"end":{"line":28,"column":45}},"10":{"start":{"line":30,"column":13},"end":{"line":32,"column":9}},"11":{"start":{"line":31,"column":12},"end":{"line":31,"column":39}},"12":{"start":{"line":38,"column":25},"end":{"line":46,"column":5}},"13":{"start":{"line":39,"column":8},"end":{"line":45,"column":9}},"14":{"start":{"line":40,"column":29},"end":{"line":40,"column":71}},"15":{"start":{"line":41,"column":12},"end":{"line":41,"column":45}},"16":{"start":{"line":43,"column":13},"end":{"line":45,"column":9}},"17":{"start":{"line":44,"column":12},"end":{"line":44,"column":39}},"18":{"start":{"line":51,"column":21},"end":{"line":59,"column":5}},"19":{"start":{"line":52,"column":8},"end":{"line":58,"column":9}},"20":{"start":{"line":53,"column":29},"end":{"line":53,"column":68}},"21":{"start":{"line":54,"column":12},"end":{"line":54,"column":41}},"22":{"start":{"line":56,"column":13},"end":{"line":58,"column":9}},"23":{"start":{"line":57,"column":12},"end":{"line":57,"column":35}},"24":{"start":{"line":64,"column":24},"end":{"line":73,"column":5}},"25":{"start":{"line":65,"column":8},"end":{"line":72,"column":9}},"26":{"start":{"line":66,"column":29},"end":{"line":66,"column":71}},"27":{"start":{"line":67,"column":12},"end":{"line":67,"column":44}},"28":{"start":{"line":69,"column":13},"end":{"line":72,"column":9}},"29":{"start":{"line":70,"column":29},"end":{"line":70,"column":37}},"30":{"start":{"line":71,"column":12},"end":{"line":71,"column":38}},"31":{"start":{"line":78,"column":25},"end":{"line":86,"column":5}},"32":{"start":{"line":79,"column":8},"end":{"line":85,"column":9}},"33":{"start":{"line":80,"column":29},"end":{"line":80,"column":72}},"34":{"start":{"line":81,"column":12},"end":{"line":81,"column":45}},"35":{"start":{"line":83,"column":13},"end":{"line":85,"column":9}},"36":{"start":{"line":84,"column":12},"end":{"line":84,"column":39}},"37":{"start":{"line":91,"column":24},"end":{"line":99,"column":5}},"38":{"start":{"line":92,"column":8},"end":{"line":98,"column":9}},"39":{"start":{"line":93,"column":29},"end":{"line":93,"column":71}},"40":{"start":{"line":94,"column":12},"end":{"line":94,"column":44}},"41":{"start":{"line":96,"column":13},"end":{"line":98,"column":9}},"42":{"start":{"line":97,"column":12},"end":{"line":97,"column":38}},"43":{"start":{"line":104,"column":26},"end":{"line":112,"column":5}},"44":{"start":{"line":105,"column":8},"end":{"line":111,"column":9}},"45":{"start":{"line":106,"column":29},"end":{"line":106,"column":73}},"46":{"start":{"line":107,"column":12},"end":{"line":107,"column":46}},"47":{"start":{"line":109,"column":13},"end":{"line":111,"column":9}},"48":{"start":{"line":110,"column":12},"end":{"line":110,"column":40}},"49":{"start":{"line":116,"column":24},
[...]
rt":{"line":198,"column":8},"end":{"line":198,"column":100}},"50":{"start":{"line":202,"column":8},"end":{"line":202,"column":107}},"51":{"start":{"line":206,"column":8},"end":{"line":206,"column":109}}},"fnMap":{"0":{"name":"(anonymous_0)","decl":{"start":{"line":7,"column":4},"end":{"line":7,"column":5}},"loc":{"start":{"line":7,"column":13},"end":{"line":9,"column":7}},"line":7},"1":{"name":"(anonymous_1)","decl":{"start":{"line":10,"column":6},"end":{"line":10,"column":7}},"loc":{"start":{"line":10,"column":14},"end":{"line":12,"column":7}},"line":10},"2":{"name":"(anonymous_2)","decl":{"start":{"line":13,"column":6},"end":{"line":13,"column":7}},"loc":{"start":{"line":13,"column":19},"end":{"line":15,"column":7}},"line":13},"3":{"name":"(anonymous_3)","decl":{"start":{"line":16,"column":6},"end":{"line":16,"column":7}},"loc":{"start":{"line":16,"column":23},"end":{"line":18,"column":7}},"line":16},"4":{"name":"(anonymous_4)","decl":{"start":{"line":19,"column":6},"end":{"line":19,"column":7}},"loc":{"start":{"line":19,"column":17},"end":{"line":21,"column":7}},"line":19},"5":{"name":"(anonymous_5)","decl":{"start":{"line":22,"column":6},"end":{"line":22,"column":7}},"loc":{"start":{"line":22,"column":18},"end":{"line":24,"column":7}},"line":22},"6":{"name":"(anonymous_6)","decl":{"start":{"line":27,"column":6},"end":{"line":27,"column":7}},"loc":{"start":{"line":27,"column":25},"end":{"line":29,"column":7}},"line":27},"7":{"name":"(anonymous_7)","decl":{"start":{"line":30,"column":6},"end":{"line":30,"column":7}},"loc":{"start":{"line":30,"column":24},"end":{"line":32,"column":7}},"line":30},"8":{"name":"(anonymous_8)","decl":{"start":{"line":33,"column":6},"end":{"line":33,"column":7}},"loc":{"start":{"line":33,"column":26},"end":{"line":35,"column":7}},"line":33},"9":{"name":"(anonymous_9)","decl":{"start":{"line":36,"column":6},"end":{"line":36,"column":7}},"loc":{"start":{"line":36,"column":24},"end":{"line":38,"column":7}},"line":36},"10":{"name":"(anonymous_10)","decl":{"start":{"line":39,"column":6},"end":{"line":39,"column":7}},"loc":{"start":{"line":39,"column":24},"end":{"line":41,"column":7}},"line":39},"11":{"name":"(anonymous_11)","decl":{"start":{"line":42,"column":6},"end":{"line":42,"column":7}},"loc":{"start":{"line":42,"column":21},"end":{"line":44,"column":7}},"line":42},"12":{"name":"(anonymous_12)","decl":{"start":{"line":45,"column":6},"end":{"line":45,"column":7}},"loc":{"start":{"line":45,"column":24},"end":{"line":47,"column":7}},"line":45},"13":{"name":"(anonymous_13)","decl":{"start":{"line":48,"column":6},"end":{"line":48,"column":7}},"loc":{"start":{"line":48,"column":25},"end":{"line":50,"column":7}},"line":48},"14":{"name":"(anonymous_14)","decl":{"start":{"line":51,"column":6},"end":{"line":51,"column":7}},"loc":{"start":{"line":51,"column":21},"end":{"line":53,"column":7}},"line":51},"15":{"name":"(anonymous_15)","decl":{"start":{"line":56,"column":6},"end":{"line":56,"column":7}},"loc":{"start":{"line":57,"column":6},"end":{"line":59,"column":7}},"line":57},"16":{"name":"(anonymous_16)","decl":{"start":{"line":60,"column":6},"end":{"line":60,"column":7}},"loc":{"start":{"line":61,"column":6},"end":{"line":63,"column":7}},"line":61},"17":{"name":"(anonymous_17)","decl":{"start":{"line":64,"column":6},"end":{"line":64,"column":7}},"loc":{"start":{"line":65,"column":6},"end":{"line":67,"column":7}},"line":65},"18":{"name":"(anonymous_18)","decl":{"start":{"line":68,"column":6},"end":{"line":68,"column":7}},"loc":{"start":{"line":69,"column":6},"end":{"line":71,"column":7}},"line":69},"19":{"name":"(anonymous_19)","decl":{"start":{"line":72,"column":6},"end":{"line":72,"column":7}},"loc":{"start":{"line":73,"column":6},"end":{"line":75,"column":7}},"line":73},"20":{"name":"(anonymous_20)","decl":{"start":{"line":76,"column":6},"end":{"line":76,"column":7}},"loc":{"start":{"line":77,"column":6},"end":{"line":79,"column":7}},"line":77},"21":{"name":"(anonymous_21)","decl":{"start":{"line":80,"column":6},"end":{"line":80,"column":7}},"loc":{"start":{"line":81,"column":6},"end":{"line":83,"column":7}},"line":81},"22":{"name":"(anonymous_22)","decl":{"start":{"line":84,"column":6},"end":{"line":84,"column":7}},"loc":{"start":{"line":85,"column":6},"end":{"line":87,"column":7}},"line":85},"23":{"name":"(anonymous_23)","decl":{"start":{"line":88,"column":6},"end":{"line":88,"column":7}},"loc":{"start":{"line":88,"column":37},"end":{"line":90,"column":7}},"line":88},"24":{"name":"(anonymous_24)","decl":{"start":{"line":94,"column":6},"end":{"line":94,"column":7}},"loc":{"start":{"line":95,"column":6},"end":{"line":97,"column":7}},"line":95},"25":{"name":"(anonymous_25)","decl":{"start":{"line":98,"column":6},"end":{"line":98,"column":7}},"loc":{"start":{"line":99,"column":6},"end":{"line":101,"column":7}},"line":99},"26":{"name":"(anonymous_26)","decl":{"start":{"line":102,"column":6},"end":{"line":102,"column":7}},"loc":{"start":{"line":103,"column":6},"end":{"line":105,"column":7}},"line":103},"27":{"name":"(anonymous_27)","decl":{"start":{"line":106,"column":6},"end":{"line":106,"column":7}},"loc":{"start":{"line":107,"column":6},"end":{"line":109,"column":7}},"line":107},"28":{"name":"(anonymous_28)","decl":{"start":{"line":110,"column":6},"end":{"line":110,"column":7}},"loc":{"start":{"line":111,"column":6},"end":{"line":113,"column":7}},"line":111},"29":{"name":"(anonymous_29)","decl":{"start":{"line":114,"column":6},"end":{"line":114,"column":7}},"loc":{"start":{"line":115,"column":6},"end":{"line":117,"column":7}},"line":115},"30":{"name":"(anonymous_30)","decl":{"start":{"line":118,"column":6},"end":{"line":118,"column":7}},"loc":{"start":{"line":119,"column":6},"end":{"line":121,"column":7}},"line":119},"31":{"name":"(anonymous_31)","decl":{"start":{"line":122,"column":6},"end":{"line":122,"column":7}},"loc":{"start":{"line":123,"column":6},"end":{"line":125,"column":7}},"line":123},"32":{"name":"(anonymous_32)","decl":{"start":{"line":126,"column":6},"end":{"line":126,"column":7}},"loc":{"start":{"line":127,"column":6},"end":{"line":129,"column":7}},"line":127},"33":{"name":"(anonymous_33)","decl":{"start":{"line":132,"column":6},"end":{"line":132,"column":7}},"loc":{"start":{"line":133,"column":6},"end":{"line":135,"column":7}},"line":133},"34":{"name":"(anonymous_34)","decl":{"start":{"line":136,"column":6},"end":{"line":136,"column":7}},"loc":{"start":{"line":137,"column":6},"end":{"line":139,"column":7}},"line":137},"35":{"name":"(anonymous_35)","decl":{"start":{"line":140,"column":6},"end":{"line":140,"column":7}},"loc":{"start":{"line":141,"column":6},"end":{"line":143,"column":7}},"line":141},"36":{"name":"(anonymous_36)","decl":{"start":{"line":144,"column":6},"end":{"line":144,"column":7}},"loc":{"start":{"line":145,"column":6},"end":{"line":147,"column":7}},"line":145},"37":{"name":"(anonymous_37)","decl":{"start":{"line":148,"column":6},"end":{"line":148,"column":7}},"loc":{"start":{"line":149,"column":6},"end":{"line":151,"column":7}},"line":149},"38":{"name":"(anonymous_38)","decl":{"start":{"line":152,"column":6},"end":{"line":152,"column":7}},"loc":{"start":{"line":153,"column":6},"end":{"line":155,"column":7}},"line":153},"39":{"name":"(anonymous_39)","decl":{"start":{"line":156,"column":6},"end":{"line":156,"column":7}},"loc":{"start":{"line":157,"column":6},"end":{"line":159,"column":7}},"line":157},"40":{"name":"(anonymous_40)","decl":{"start":{"line":160,"column":6},"end":{"line":160,"column":7}},"loc":{"start":{"line":161,"column":6},"end":{"line":163,"column":7}},"line":161},"41":{"name":"(anonymous_41)","decl":{"start":{"line":164,"column":6},"end":{"line":164,"column":7}},"loc":{"start":{"line":165,"column":6},"end":{"line":167,"column":7}},"line":165},"42":{"name":"(anonymous_42)","decl":{"start":{"line":172,"column":6},"end":{"line":172,"column":7}},"loc":{"start":{"line":173,"column":6},"end":{"line":175,"column":7}},"line":173},"43":{"name":"(anonymous_43)","decl":{"start":{"line":176,"column":6},"end":{"line":176,"column":7}},"loc":{"start":{"line":177,"column":6},"end":{"line":179,"column":7}},"line":177},"44":{"name":"(anonymous_44)","decl":{"start":{"line":180,"column":6},"end":{"line":180,"column":7}},"loc":{"start":{"line":181,"column":6},"end":{"line":183,"column":7}},"line":181},"45":{"name":"(anonymous_45)","decl":{"start":{"line":184,"column":6},"end":{"line":184,"column":7}},"loc":{"start":{"line":185,"column":6},"end":{"line":187,"column":7}},"line":185},"46":{"name":"(anonymous_46)","decl":{"start":{"line":188,"column":6},"end":{"line":188,"column":7}},"loc":{"start":{"line":189,"column":6},"end":{"line":191,"column":7}},"line":189},"47":{"name":"(anonymous_47)","decl":{"start":{"line":192,"column":6},"end":{"line":192,"column":7}},"loc":{"start":{"line":193,"column":6},"end":{"line":195,"column":7}},"line":193},"48":{"name":"(anonymous_48)","decl":{"start":{"line":196,"column":6},"end":{"line":196,"column":7}},"loc":{"start":{"line":197,"column":6},"end":{"line":199,"column":7}},"line":197},"49":{"name":"(anonymous_49)","decl":{"start":{"line":200,"column":6},"end":{"line":200,"column":7}},"loc":{"start":{"line":201,"column":6},"end":{"line":203,"column":7}},"line":201},"50":{"name":"(anonymous_50)","decl":{"start":{"line":204,"column":6},"end":{"line":204,"column":7}},"loc":{"start":{"line":205,"column":6},"end":{"line":207,"column":7}},"line":205}},"branchMap":{},"s":{"0":1,"1":0,"2":0,"3":0,"4":0,"5":0,"6":0,"7":0,"8":0,"9":0,"10":0,"11":0,"12":0,"13":0,"14":0,"15":0,"16":0,"17":0,"18":0,"19":0,"20":0,"21":0,"22":0,"23":0,"24":0,"25":0,"26":0,"27":0,"28":0,"29":0,"30":0,"31":0,"32":0,"33":0,"34":0,"35":0,"36":0,"37":0,"38":0,"39":0,"40":0,"41":0,"42":0,"43":0,"44":0,"45":0,"46":0,"47":0,"48":0,"49":0,"50":0,"51":0},"f":{"0":0,"1":0,"2":0,"3":0,"4":0,"5":0,"6":0,"7":0,"8":0,"9":0,"10":0,"11":0,"12":0,"13":0,"14":0,"15":0,"16":0,"17":0,"18":0,"19":0,"20":0,"21":0,"22":0,"23":0,"24":0,"25":0,"26":0,"27":0,"28":0,"29":0,"30":0,"31":0,"32":0,"33":0,"34":0,"35":0,"36":0,"37":0,"38":0,"39":0,"40":0,"41":0,"42":0,"43":0,"44":0,"45":0,"46":0,"47":0,"48":0,"49":0,"50":0},"b":{},"_coverageSchema":"43e27e138ebf9cfc5966b082cf9a028302ed4184","hash":"34464649845202301f82d3643f939c935a1992ab"}
,"/Users/jakepeterson/Sprint4-Demo/frontend/src/services/auth-header.js": {"path":"/Users/jakepeterson/Sprint4-Demo/frontend/src/services/auth-header.js","statementMap":{"0":{"start":{"line":2,"column":15},"end":{"line":2,"column":55}},"1":{"start":{"line":4,"column":2},"end":{"line":8,"column":3}},"2":{"start":{"line":5,"column":4},"end":{"line":5,"column":50}},"3":{"start":{"line":7,"column":4},"end":{"line":7,"column":14}}},"fnMap":{"0":{"name":"authHeader","decl":{"start":{"line":1,"column":24},"end":{"line":1,"column":34}},"loc":{"start":{"line":1,"column":37},"end":{"line":9,"column":1}},"line":1}},"branchMap":{"0":{"loc":{"start":{"line":4,"column":2},"end":{"line":8,"column":3}},"type":"if","locations":[{"start":{"line":4,"column":2},"end":{"line":8,"column":3}},{"start":{"line":4,"column":2},"end":{"line":8,"column":3}}],"line":4},"1":{"loc":{"start":{"line":4,"column":6},"end":{"line":4,"column":30}},"type":"binary-expr","locations":[{"start":{"line":4,"column":6},"end":{"line":4,"column":10}},{"start":{"line":4,"column":14},"end":{"line":4,"column":30}}],"line":4}},"s":{"0":0,"1":0,"2":0,"3":0},"f":{"0":0},"b":{"0":[0,0],"1":[0,0]},"_coverageSchema":"43e27e138ebf9cfc5966b082cf9a028302ed4184","hash":"96fe5521d08fda120b1b3e513f9396e8f1d2f6b1"}
,"/Users/jakepeterson/Sprint4-Demo/frontend/src/services/auth.service.js": {"path":"/Users/jakepeterson/Sprint4-Demo/frontend/src/services/auth.service.js","statementMap":{"0":{"start":{"line":3,"column":16},"end":{"line":3,"column":24}},"1":{"start":{"line":7,"column":4},"end":{"line":18,"column":9}},"2":{"start":{"line":13,"column":8},"end":{"line":15,"column":9}},"3":{"start":{"line":14,"column":10},"end":{"line":14,"column":70}},"4":{"start":{"line":17,"column":8},"end":{"line":17,"column":29}},"5":{"start":{"line":22,"column":4},"end":{"line":22,"column":36}},"6":{"start":{"line":26,"column":4},"end":{"line":26,"column":48}},"7":{"start":{"line":30,"column":4},"end":{"line":30,"column":52}},"8":{"start":{"line":34,"column":4},"end":{"line":34,"column":44}}},"fnMap":{"0":{"name":"(anonymous_0)","decl":{"start":{"line":6,"column":2},"end":{"line":6,"column":3}},"loc":{"start":{"line":6,"column":28},"end":{"line":19,"column":3}},"line":6},"1":{"name":"(anonymous_1)","decl":{"start":{"line":12,"column":12},"end":{"line":12,"column":13}},"loc":{"start":{"line":12,"column":24},"end":{"line":18,"column":7}},"line":12},"2":{"name":"(anonymous_2)","decl":{"start":{"line":21,"column":2},"end":{"line":21,"column":3}},"loc":{"start":{"line":21,"column":11},"end":{"line":23,"column":3}},"line":21},"3":{"name":"(anonymous_3)","decl":{"start":{"line":25,"column":2},"end":{"line":25,"column":3}},"loc":{"start":{"line":25,"column":17},"end":{"line":27,"column":3}},"line":25},"4":{"name":"(anonymous_4)","decl":{"start":{"line":29,"column":2},"end":{"line":29,"column":3}},"loc":{"start":{"line":29,"column":19},"end":{"line":31,"column":3}},"line":29},"5":{"name":"(anonymous_5)","decl":{"start":{"line":33,"column":2},"end":{"line":33,"column":3}},"loc":{"start":{"line":33,"column":17},"end":{"line":35,"column":3}},"line":33}},"branchMap":{"0":{"loc":{"start":{"line":13,"column":8},"end":{"line":15,"column":9}},"type":"if","locations":[{"start":{"line":13,"column":8},"end":{"line":15,"column":9}},{"start":{"line":13,"column":8},"end":{"line":15,"column":9}}],"line":13}},"s":{"0":0,"1":0,"2":0,"3":0,"4":0,"5":0,"6":0,"7":0,"8":0},"f":{"0":0,"1":0,"2":0,"3":0,"4":0,"5":0},"b":{"0":[0,0]},"hash":"56ae719e1c60596180de315441bbce3491284cbf"}
,"/Users/jakepeterson/Sprint4-Demo/frontend/src/services/feedback.service.js": {"path":"/Users/jakepeterson/Sprint4-Demo/frontend/src/services/feedback.service.js","statementMap":{"0":{"start":{"line":4,"column":16},"end":{"line":4,"column":27}},"1":{"start":{"line":9,"column":4},"end":{"line":9,"column":77}},"2":{"start":{"line":13,"column":4},"end":{"line":13,"column":70}},"3":{"start":{"line":17,"column":6},"end":{"line":17,"column":80}}},"fnMap":{"0":{"name":"(anonymous_0)","decl":{"start":{"line":8,"column":2},"end":{"line":8,"column":3}},"loc":{"start":{"line":8,"column":20},"end":{"line":10,"column":3}},"line":8},"1":{"name":"(anonymous_1)","decl":{"start":{"line":12,"column":2},"end":{"line":12,"column":3}},"loc":{"start":{"line":12,"column":16},"end":{"line":14,"column":3}},"line":12},"2":{"name":"(anonymous_2)","decl":{"start":{"line":16,"column":2},"end":{"line":16,"column":3}},"loc":{"start":{"line":16,"column":21},"end":{"line":18,"column":3}},"line":16}},"branchMap":{},"s":{"0":0,"1":0,"2":0,"3":0},"f":{"0":0,"1":0,"2":0},"b":{},"hash":"3aacaaf3c8e70ad17632bca4404fe37f57e1c878"}
,"/Users/jakepeterson/Sprint4-Demo/frontend/src/services/missions.service.js": {"path":"/Users/jakepeterson/Sprint4-Demo/frontend/src/services/missions.service.js","statementMap":{"0":{"start":{"line":4,"column":16},"end":{"line":4,"column":27}},"1":{"start":{"line":9,"column":4},"end":{"line":9,"column":79}},"2":{"start":{"line":13,"column":4},"end":{"line":13,"column":72}},"3":{"start":{"line":17,"column":4},"end":{"line":17,"column":83}},"4":{"start":{"line":21,"column":4},"end":{"line":21,"column":92}},"5":{"start":{"line":25,"column":4},"end":{"line":25,"column":90}},"6":{"start":{"line":29,"column":4},"end":{"line":29,"column":90}},"7":{"start":{"line":33,"column":4},"end":{"line":33,"column":89}},"8":{"start":{"line":37,"column":4},"end":{"line":37,"column":89}},"9":{"start":{"line":41,"column":4},"end":{"line":41,"column":101}},"10":{"start":{"line":45,"column":4},"end":{"line":45,"column":89}},"11":{"start":{"line":49,"column":4},"end":{"line":49,"column":88}}},"fnMap":{"0":{"name":"(anonymous_0)","decl":{"start":{"line":8,"column":2},"end":{"line":8,"column":3}},"loc":{"start":{"line":8,"column":22},"end":{"line":10,"column":3}},"line":8},"1":{"name":"(anonymous_1)","decl":{"start":{"line":12,"column":2},"end":{"line":12,"column":3}},"loc":{"start":{"line":12,"column":19},"end":{"line":14,"column":3}},"line":12},"2":{"name":"(anonymous_2)","decl":{"start":{"line":16,"column":2},"end":{"line":16,"column":3}},"loc":{"start":{"line":16,"column":24},"end":{"line":18,"column":3}},"line":16},"3":{"name":"(anonymous_3)","decl":{"start":{"line":20,"column":2},"end":{"line":20,"column":3}},"loc":{"start":{"line":20,"column":29},"end":{"line":22,"column":3}},"line":20},"4":{"name":"(anonymous_4)","decl":{"start":{"line":24,"column":2},"end":{"line":24,"column":3}},"loc":{"start":{"line":24,"column":23},"end":{"line":26,"column":3}},"line":24},"5":{"name":"(anonymous_5)","decl":{"start":{"line":28,"column":2},"end":{"line":28,"column":3}},"loc":{"start":{"line":28,"column":27},"end":{"line":30,"column":3}},"line":28},"6":{"name":"(anonymous_6)","decl":{"start":{"line":32,"column":2},"end":{"line":32,"column":3}},"loc":{"start":{"line":32,"column":21},"end":{"line":34,"column":3}},"line":32},"7":{"name":"(anonymous_7)","decl":{"start":{"line":36,"column":2},"end":{"line":36,"column":3}},"loc":{"start":{"line":36,"column":25},"end":{"line":38,"column":3}},"line":36},"8":{"name":"(anonymous_8)","decl":{"start":{"line":40,"column":2},"end":{"line":40,"column":3}},"loc":{"start":{"line":40,"column":32},"end":{"line":42,"column":3}},"line":40},"9":{"name":"(anonymous_9)","decl":{"start":{"line":44,"column":2},"end":{"line":44,"column":3}},"loc":{"start":{"line":44,"column":25},"end":{"line":46,"column":3}},"line":44},"10":{"name":"(anonymous_10)","decl":{"start":{"line":48,"column":2},"end":{"line":48,"column":3}},"loc":{"start":{"line":48,"column":16},"end":{"line":50,"column":3}},"line":48}},"branchMap":{},"s":{"0":1,"1":0,"2":0,"3":0,"4":0,"5":0,"6":0,"7":0,"8":0,"9":0,"10":0,"11":0},"f":{"0":0,"1":0,"2":0,"3":0,"4":0,"5":0,"6":0,"7":0,"8":0,"9":0,"10":0},"b":{},"_coverageSchema":"43e27e138ebf9cfc5966b082cf9a028302ed4184","hash":"ee3da5180ada1a6e9e89f21563e5cad9a618e988"}
,"/Users/jakepeterson/Sprint4-Demo/frontend/src/services/users.service.js": {"path":"/Users/jakepeterson/Sprint4-Demo/frontend/src/services/users.service.js","statementMap":{"0":{"start":{"line":4,"column":16},"end":{"line":4,"column":27}},"1":{"start":{"line":9,"column":6},"end":{"line":9,"column":69}},"2":{"start":{"line":13,"column":6},"end":{"line":13,"column":75}},"3":{"start":{"line":17,"column":6},"end":{"line":17,"column":83}},"4":{"start":{"line":21,"column":6},"end":{"line":21,"column":78}},"5":{"start":{"line":25,"column":6},"end":{"line":25,"column":81}},"6":{"start":{"line":29,"column":6},"end":{"line":29,"column":84}}},"fnMap":{"0":{"name":"(anonymous_0)","decl":{"start":{"line":8,"column":4},"end":{"line":8,"column":5}},"loc":{"start":{"line":8,"column":19},"end":{"line":10,"column":5}},"line":8},"1":{"name":"(anonymous_1)","decl":{"start":{"line":12,"column":4},"end":{"line":12,"column":5}},"loc":{"start":{"line":12,"column":20},"end":{"line":14,"column":5}},"line":12},"2":{"name":"(anonymous_2)","decl":{"start":{"line":16,"column":4},"end":{"line":16,"column":5}},"loc":{"start":{"line":16,"column":29},"end":{"line":18,"column":5}},"line":16},"3":{"name":"(anonymous_3)","decl":{"start":{"line":20,"column":4},"end":{"line":20,"column":5}},"loc":{"start":{"line":20,"column":19},"end":{"line":22,"column":5}},"line":20},"4":{"name":"(anonymous_4)","decl":{"start":{"line":24,"column":4},"end":{"line":24,"column":5}},"loc":{"start":{"line":24,"column":18},"end":{"line":26,"column":5}},"line":24},"5":{"name":"(anonymous_5)","decl":{"start":{"line":28,"column":4},"end":{"line":28,"column":5}},"loc":{"start":{"line":28,"column":19},"end":{"line":30,"column":5}},"line":28}},"branchMap":{},"s":{"0":0,"1":0,"2":0,"3":0,"4":0,"5":0,"6":0},"f":{"0":0,"1":0,"2":0,"3":0,"4":0,"5":0},"b":{},"hash":"f1e880cf5c06d9c0e03e0c8548c16f1488183f5b"}
}
