<?xml version="1.0" encoding="UTF-8"?>
<testExecutions version="1">
  <file path="/Users/jakepeterson/Sprint4-Demo/server/tests/channel.test.js">
    <testCase name="channel post channel" duration="115"/>
    <testCase name="channel get channels" duration="45"/>
    <testCase name="channel update base" duration="68"/>
    <testCase name="channel deactivate base" duration="0"/>
  </file>
  <file path="/Users/jakepeterson/Sprint4-Demo/server/tests/icao.test.js">
    <testCase name="icao post icao" duration="163"/>
    <testCase name="icao get icaos" duration="66"/>
    <testCase name="icao update icao" duration="8"/>
    <testCase name="icao deactivate icao" duration="1"/>
  </file>
  <file path="/Users/jakepeterson/Sprint4-Demo/server/tests/squadron.test.js">
    <testCase name="squadron post squadron" duration="165"/>
    <testCase name="squadron get squadron" duration="43"/>
    <testCase name="squadron update squadron" duration="8"/>
    <testCase name="squadron deactivate squadron" duration="1"/>
  </file>
  <file path="/Users/jakepeterson/Sprint4-Demo/server/tests/api.test.js">
    <testCase name="API test gets the test endpoint" duration="26">
      <failure message="Error: Unhandled error. (TypeError: Cannot read property &apos;active&apos; of null"><![CDATA[Error: Unhandled error. (TypeError: Cannot read property 'active' of null
    at /Users/jakepeterson/Sprint4-Demo/server/controllers/parameter_controllers/icao.controller.js:41:23
    at /Users/jakepeterson/Sprint4-Demo/node_modules/mongoose/lib/model.js:4846:16
    at /Users/jakepeterson/Sprint4-Demo/node_modules/mongoose/lib/helpers/promiseOrCallback.js:24:16
    at /Users/jakepeterson/Sprint4-Demo/node_modules/mongoose/lib/model.js:4869:21
    at /Users/jakepeterson/Sprint4-Demo/node_modules/mongoose/lib/query.js:4397:11
    at /Users/jakepeterson/Sprint4-Demo/node_modules/kareem/index.js:136:16
    at processTicksAndRejections (internal/process/task_queues.js:79:11))Error [ERR_UNHANDLED_ERROR]: Unhandled error. (TypeError: Cannot read property 'active' of null
    at /Users/jakepeterson/Sprint4-Demo/server/controllers/parameter_controllers/icao.controller.js:41:23
    at /Users/jakepeterson/Sprint4-Demo/node_modules/mongoose/lib/model.js:4846:16
    at /Users/jakepeterson/Sprint4-Demo/node_modules/mongoose/lib/helpers/promiseOrCallback.js:24:16
    at /Users/jakepeterson/Sprint4-Demo/node_modules/mongoose/lib/model.js:4869:21
    at /Users/jakepeterson/Sprint4-Demo/node_modules/mongoose/lib/query.js:4397:11
    at /Users/jakepeterson/Sprint4-Demo/node_modules/kareem/index.js:136:16
    at processTicksAndRejections (internal/process/task_queues.js:79:11))
    at Function.emit (events.js:304:17)
    at /Users/jakepeterson/Sprint4-Demo/node_modules/mongoose/lib/model.js:4848:13
    at /Users/jakepeterson/Sprint4-Demo/node_modules/mongoose/lib/helpers/promiseOrCallback.js:24:16
    at /Users/jakepeterson/Sprint4-Demo/node_modules/mongoose/lib/model.js:4869:21
    at /Users/jakepeterson/Sprint4-Demo/node_modules/mongoose/lib/query.js:4397:11
    at /Users/jakepeterson/Sprint4-Demo/node_modules/kareem/index.js:136:16
    at processTicksAndRejections (internal/process/task_queues.js:79:11)]]></failure>
    </testCase>
  </file>
  <file path="/Users/jakepeterson/Sprint4-Demo/server/tests/mission.test.js">
    <testCase name="feedback post mission" duration="134"/>
    <testCase name="feedback get missions" duration="26"/>
    <testCase name="feedback get mission by id" duration="5"/>
    <testCase name="feedback get mission by filter" duration="11"/>
    <testCase name="feedback get mission report" duration="7"/>
    <testCase name="feedback delete mission" duration="4"/>
    <testCase name="feedback update mission" duration="3"/>
  </file>
  <file path="/Users/jakepeterson/Sprint4-Demo/server/tests/base.test.js">
    <testCase name="base post base" duration="156"/>
    <testCase name="base get bases" duration="88"/>
    <testCase name="base update base" duration="3"/>
    <testCase name="base deactivate base" duration="0"/>
  </file>
  <file path="/Users/jakepeterson/Sprint4-Demo/server/tests/operation.test.js">
    <testCase name="operation post operation" duration="261"/>
    <testCase name="operation get operation" duration="21"/>
    <testCase name="operation update operations" duration="8"/>
    <testCase name="operation deactivate operation" duration="1"/>
  </file>
  <file path="/Users/jakepeterson/Sprint4-Demo/server/tests/aircraft.test.js">
    <testCase name="aircraft post aircraft" duration="194"/>
    <testCase name="aircraft get aircraft" duration="16"/>
    <testCase name="aircraft update aircraft" duration="23"/>
    <testCase name="aircraft deactivate aircraft" duration="3"/>
  </file>
  <file path="/Users/jakepeterson/Sprint4-Demo/server/tests/msnType.test.js">
    <testCase name="msnType post msnType" duration="6">
      <failure message="Error: Unhandled error. (TypeError: Cannot read property &apos;active&apos; of null"><![CDATA[Error: Unhandled error. (TypeError: Cannot read property 'active' of null
    at /Users/jakepeterson/Sprint4-Demo/server/controllers/parameter_controllers/base.controller.js:41:22
    at /Users/jakepeterson/Sprint4-Demo/node_modules/mongoose/lib/model.js:4846:16
    at /Users/jakepeterson/Sprint4-Demo/node_modules/mongoose/lib/helpers/promiseOrCallback.js:24:16
    at /Users/jakepeterson/Sprint4-Demo/node_modules/mongoose/lib/model.js:4869:21
    at /Users/jakepeterson/Sprint4-Demo/node_modules/mongoose/lib/query.js:4397:11
    at /Users/jakepeterson/Sprint4-Demo/node_modules/kareem/index.js:136:16
    at processTicksAndRejections (internal/process/task_queues.js:79:11))Error [ERR_UNHANDLED_ERROR]: Unhandled error. (TypeError: Cannot read property 'active' of null
    at /Users/jakepeterson/Sprint4-Demo/server/controllers/parameter_controllers/base.controller.js:41:22
    at /Users/jakepeterson/Sprint4-Demo/node_modules/mongoose/lib/model.js:4846:16
    at /Users/jakepeterson/Sprint4-Demo/node_modules/mongoose/lib/helpers/promiseOrCallback.js:24:16
    at /Users/jakepeterson/Sprint4-Demo/node_modules/mongoose/lib/model.js:4869:21
    at /Users/jakepeterson/Sprint4-Demo/node_modules/mongoose/lib/query.js:4397:11
    at /Users/jakepeterson/Sprint4-Demo/node_modules/kareem/index.js:136:16
    at processTicksAndRejections (internal/process/task_queues.js:79:11))
    at Function.emit (events.js:304:17)
    at /Users/jakepeterson/Sprint4-Demo/node_modules/mongoose/lib/model.js:4848:13
    at /Users/jakepeterson/Sprint4-Demo/node_modules/mongoose/lib/helpers/promiseOrCallback.js:24:16
    at /Users/jakepeterson/Sprint4-Demo/node_modules/mongoose/lib/model.js:4869:21
    at /Users/jakepeterson/Sprint4-Demo/node_modules/mongoose/lib/query.js:4397:11
    at /Users/jakepeterson/Sprint4-Demo/node_modules/kareem/index.js:136:16
    at processTicksAndRejections (internal/process/task_queues.js:79:11)]]></failure>
    </testCase>
    <testCase name="msnType get msnTypes" duration="153"/>
    <testCase name="msnType update msntype" duration="49"/>
    <testCase name="msnType deactivate msntype" duration="1"/>
  </file>
  <file path="/Users/jakepeterson/Sprint4-Demo/server/tests/feedback.test.js">
    <testCase name="feedback post feedback" duration="9">
      <failure message="Error: Unhandled error. (TypeError: Cannot read property &apos;active&apos; of null"><![CDATA[Error: Unhandled error. (TypeError: Cannot read property 'active' of null
    at /Users/jakepeterson/Sprint4-Demo/server/controllers/parameter_controllers/operation.controller.js:41:29
    at /Users/jakepeterson/Sprint4-Demo/node_modules/mongoose/lib/model.js:4846:16
    at /Users/jakepeterson/Sprint4-Demo/node_modules/mongoose/lib/helpers/promiseOrCallback.js:24:16
    at /Users/jakepeterson/Sprint4-Demo/node_modules/mongoose/lib/model.js:4869:21
    at /Users/jakepeterson/Sprint4-Demo/node_modules/mongoose/lib/query.js:4397:11
    at /Users/jakepeterson/Sprint4-Demo/node_modules/kareem/index.js:136:16
    at processTicksAndRejections (internal/process/task_queues.js:79:11))Error [ERR_UNHANDLED_ERROR]: Unhandled error. (TypeError: Cannot read property 'active' of null
    at /Users/jakepeterson/Sprint4-Demo/server/controllers/parameter_controllers/operation.controller.js:41:29
    at /Users/jakepeterson/Sprint4-Demo/node_modules/mongoose/lib/model.js:4846:16
    at /Users/jakepeterson/Sprint4-Demo/node_modules/mongoose/lib/helpers/promiseOrCallback.js:24:16
    at /Users/jakepeterson/Sprint4-Demo/node_modules/mongoose/lib/model.js:4869:21
    at /Users/jakepeterson/Sprint4-Demo/node_modules/mongoose/lib/query.js:4397:11
    at /Users/jakepeterson/Sprint4-Demo/node_modules/kareem/index.js:136:16
    at processTicksAndRejections (internal/process/task_queues.js:79:11))
    at Function.emit (events.js:304:17)
    at /Users/jakepeterson/Sprint4-Demo/node_modules/mongoose/lib/model.js:4848:13
    at /Users/jakepeterson/Sprint4-Demo/node_modules/mongoose/lib/helpers/promiseOrCallback.js:24:16
    at /Users/jakepeterson/Sprint4-Demo/node_modules/mongoose/lib/model.js:4869:21
    at /Users/jakepeterson/Sprint4-Demo/node_modules/mongoose/lib/query.js:4397:11
    at /Users/jakepeterson/Sprint4-Demo/node_modules/kareem/index.js:136:16
    at processTicksAndRejections (internal/process/task_queues.js:79:11)]]></failure>
    </testCase>
    <testCase name="feedback get feedback" duration="86"/>
    <testCase name="feedback delete feedback" duration="52"/>
  </file>
</testExecutions>