{"/Users/jakepeterson/Sprint4-Demo/server.js": {"path":"/Users/jakepeterson/Sprint4-Demo/server.js","statementMap":{"0":{"start":{"line":1,"column":20},"end":{"line":1,"column":42}},"1":{"start":{"line":2,"column":16},"end":{"line":2,"column":34}},"2":{"start":{"line":3,"column":13},"end":{"line":3,"column":28}},"3":{"start":{"line":4,"column":21},"end":{"line":4,"column":45}},"4":{"start":{"line":5,"column":15},"end":{"line":5,"column":32}},"5":{"start":{"line":6,"column":17},"end":{"line":6,"column":36}},"6":{"start":{"line":7,"column":19},"end":{"line":7,"column":41}},"7":{"start":{"line":8,"column":13},"end":{"line":8,"column":28}},"8":{"start":{"line":9,"column":0},"end":{"line":9,"column":27}},"9":{"start":{"line":11,"column":12},"end":{"line":11,"column":21}},"10":{"start":{"line":13,"column":0},"end":{"line":13,"column":23}},"11":{"start":{"line":14,"column":0},"end":{"line":14,"column":24}},"12":{"start":{"line":15,"column":0},"end":{"line":15,"column":49}},"13":{"start":{"line":16,"column":0},"end":{"line":16,"column":24}},"14":{"start":{"line":17,"column":0},"end":{"line":17,"column":51}},"15":{"start":{"line":18,"column":0},"end":{"line":18,"column":16}},"16":{"start":{"line":20,"column":0},"end":{"line":22,"column":3}},"17":{"start":{"line":21,"column":2},"end":{"line":21,"column":50}},"18":{"start":{"line":24,"column":21},"end":{"line":24,"column":78}},"19":{"start":{"line":25,"column":0},"end":{"line":25,"column":35}},"20":{"start":{"line":27,"column":17},"end":{"line":27,"column":73}},"21":{"start":{"line":30,"column":0},"end":{"line":30,"column":47}},"22":{"start":{"line":32,"column":11},"end":{"line":32,"column":46}},"23":{"start":{"line":34,"column":1},"end":{"line":68,"column":2}},"24":{"start":{"line":35,"column":2},"end":{"line":35,"column":39}},"25":{"start":{"line":36,"column":17},"end":{"line":36,"column":36}},"26":{"start":{"line":37,"column":2},"end":{"line":49,"column":7}},"27":{"start":{"line":44,"column":6},"end":{"line":44,"column":58}},"28":{"start":{"line":47,"column":6},"end":{"line":47,"column":45}},"29":{"start":{"line":48,"column":6},"end":{"line":48,"column":21}},"30":{"start":{"line":50,"column":8},"end":{"line":68,"column":2}},"31":{"start":{"line":51,"column":4},"end":{"line":51,"column":45}},"32":{"start":{"line":53,"column":17},"end":{"line":53,"column":41}},"33":{"start":{"line":54,"column":2},"end":{"line":54,"column":32}},"34":{"start":{"line":55,"column":2},"end":{"line":67,"column":7}},"35":{"start":{"line":62,"column":6},"end":{"line":62,"column":59}},"36":{"start":{"line":65,"column":6},"end":{"line":65,"column":45}},"37":{"start":{"line":66,"column":6},"end":{"line":66,"column":21}},"38":{"start":{"line":71,"column":0},"end":{"line":71,"column":42}},"39":{"start":{"line":73,"column":0},"end":{"line":75,"column":3}},"40":{"start":{"line":74,"column":2},"end":{"line":74,"column":75}},"41":{"start":{"line":78,"column":0},"end":{"line":80,"column":3}},"42":{"start":{"line":79,"column":2},"end":{"line":79,"column":25}},"43":{"start":{"line":83,"column":0},"end":{"line":91,"column":3}},"44":{"start":{"line":85,"column":2},"end":{"line":85,"column":35}},"45":{"start":{"line":86,"column":2},"end":{"line":86,"column":69}},"46":{"start":{"line":89,"column":2},"end":{"line":89,"column":32}},"47":{"start":{"line":93,"column":0},"end":{"line":93,"column":21}}},"fnMap":{"0":{"name":"(anonymous_0)","decl":{"start":{"line":20,"column":17},"end":{"line":20,"column":18}},"loc":{"start":{"line":20,"column":31},"end":{"line":22,"column":1}},"line":20},"1":{"name":"(anonymous_1)","decl":{"start":{"line":43,"column":10},"end":{"line":43,"column":11}},"loc":{"start":{"line":43,"column":16},"end":{"line":45,"column":5}},"line":43},"2":{"name":"(anonymous_2)","decl":{"start":{"line":46,"column":11},"end":{"line":46,"column":12}},"loc":{"start":{"line":46,"column":18},"end":{"line":49,"column":5}},"line":46},"3":{"name":"(anonymous_3)","decl":{"start":{"line":61,"column":10},"end":{"line":61,"column":11}},"loc":{"start":{"line":61,"column":16},"end":{"line":63,"column":5}},"line":61},"4":{"name":"(anonymous_4)","decl":{"start":{"line":64,"column":11},"end":{"line":64,"column":12}},"loc":{"start":{"line":64,"column":18},"end":{"line":67,"column":5}},"line":64},"5":{"name":"(anonymous_5)","decl":{"start":{"line":73,"column":13},"end":{"line":73,"column":14}},"loc":{"start":{"line":73,"column":38},"end":{"line":75,"column":1}},"line":73},"6":{"name":"(anonymous_6)","decl":{"start":{"line":78,"column":8},"end":{"line":78,"column":9}},"loc":{"start":{"line":78,"column":33},"end":{"line":80,"column":1}},"line":78},"7":{"name":"(anonymous_7)","decl":{"start":{"line":83,"column":8},"end":{"line":83,"column":9}},"loc":{"start":{"line":83,"column":38},"end":{"line":91,"column":1}},"line":83}},"branchMap":{"0":{"loc":{"start":{"line":34,"column":1},"end":{"line":68,"column":2}},"type":"if","locations":[{"start":{"line":34,"column":1},"end":{"line":68,"column":2}},{"start":{"line":34,"column":1},"end":{"line":68,"column":2}}],"line":34},"1":{"loc":{"start":{"line":50,"column":8},"end":{"line":68,"column":2}},"type":"if","locations":[{"start":{"line":50,"column":8},"end":{"line":68,"column":2}},{"start":{"line":50,"column":8},"end":{"line":68,"column":2}}],"line":50},"2":{"loc":{"start":{"line":86,"column":21},"end":{"line":86,"column":68}},"type":"cond-expr","locations":[{"start":{"line":86,"column":60},"end":{"line":86,"column":63}},{"start":{"line":86,"column":66},"end":{"line":86,"column":68}}],"line":86},"3":{"loc":{"start":{"line":89,"column":13},"end":{"line":89,"column":30}},"type":"binary-expr","locations":[{"start":{"line":89,"column":13},"end":{"line":89,"column":23}},{"start":{"line":89,"column":27},"end":{"line":89,"column":30}}],"line":89}},"s":{"0":1,"1":1,"2":1,"3":1,"4":1,"5":1,"6":1,"7":1,"8":1,"9":1,"10":1,"11":1,"12":1,"13":1,"14":1,"15":1,"16":1,"17":1,"18":1,"19":1,"20":1,"21":1,"22":1,"23":1,"24":0,"25":0,"26":0,"27":0,"28":0,"29":0,"30":1,"31":0,"32":1,"33":1,"34":1,"35":0,"36":0,"37":0,"38":1,"39":1,"40":0,"41":1,"42":0,"43":1,"44":0,"45":0,"46":0,"47":1},"f":{"0":1,"1":0,"2":0,"3":0,"4":0,"5":0,"6":0,"7":0},"b":{"0":[0,1],"1":[0,1],"2":[0,0],"3":[0,0]},"_coverageSchema":"43e27e138ebf9cfc5966b082cf9a028302ed4184","hash":"9deb5a4d9e5fd5d8ccd4129db9f3769f5c924f6e"}
,"/Users/jakepeterson/Sprint4-Demo/server/config/keycloak.config.js": {"path":"/Users/jakepeterson/Sprint4-Demo/server/config/keycloak.config.js","statementMap":{"0":{"start":{"line":1,"column":16},"end":{"line":1,"column":42}},"1":{"start":{"line":2,"column":17},"end":{"line":2,"column":44}},"2":{"start":{"line":6,"column":23},"end":{"line":14,"column":1}},"3":{"start":{"line":17,"column":4},"end":{"line":26,"column":5}},"4":{"start":{"line":18,"column":8},"end":{"line":18,"column":55}},"5":{"start":{"line":19,"column":8},"end":{"line":19,"column":25}},"6":{"start":{"line":22,"column":8},"end":{"line":22,"column":48}},"7":{"start":{"line":23,"column":26},"end":{"line":23,"column":51}},"8":{"start":{"line":24,"column":8},"end":{"line":24,"column":73}},"9":{"start":{"line":25,"column":8},"end":{"line":25,"column":25}},"10":{"start":{"line":30,"column":4},"end":{"line":32,"column":5}},"11":{"start":{"line":31,"column":8},"end":{"line":31,"column":86}},"12":{"start":{"line":33,"column":4},"end":{"line":33,"column":21}},"13":{"start":{"line":36,"column":0},"end":{"line":39,"column":2}}},"fnMap":{"0":{"name":"initKeycloak","decl":{"start":{"line":16,"column":9},"end":{"line":16,"column":21}},"loc":{"start":{"line":16,"column":24},"end":{"line":27,"column":1}},"line":16},"1":{"name":"getKeycloak","decl":{"start":{"line":29,"column":9},"end":{"line":29,"column":20}},"loc":{"start":{"line":29,"column":23},"end":{"line":34,"column":1}},"line":29}},"branchMap":{"0":{"loc":{"start":{"line":17,"column":4},"end":{"line":26,"column":5}},"type":"if","locations":[{"start":{"line":17,"column":4},"end":{"line":26,"column":5}},{"start":{"line":17,"column":4},"end":{"line":26,"column":5}}],"line":17},"1":{"loc":{"start":{"line":30,"column":4},"end":{"line":32,"column":5}},"type":"if","locations":[{"start":{"line":30,"column":4},"end":{"line":32,"column":5}},{"start":{"line":30,"column":4},"end":{"line":32,"column":5}}],"line":30}},"s":{"0":1,"1":1,"2":1,"3":1,"4":0,"5":0,"6":1,"7":1,"8":1,"9":1,"10":2,"11":0,"12":2,"13":1},"f":{"0":1,"1":2},"b":{"0":[0,1],"1":[0,2]},"_coverageSchema":"43e27e138ebf9cfc5966b082cf9a028302ed4184","hash":"fbd43bc17610a2ddfddca6316f3a03ee7fe44926"}
,"/Users/jakepeterson/Sprint4-Demo/server/controllers/AirliftMission.controller.js": {"path":"/Users/jakepeterson/Sprint4-Demo/server/controllers/AirliftMission.controller.js","statementMap":{"0":{"start":{"line":1,"column":11},"end":{"line":1,"column":40}},"1":{"start":{"line":2,"column":23},"end":{"line":2,"column":40}},"2":{"start":{"line":3,"column":17},"end":{"line":3,"column":36}},"3":{"start":{"line":4,"column":35},"end":{"line":4,"column":63}},"4":{"start":{"line":7,"column":0},"end":{"line":25,"column":2}},"5":{"start":{"line":8,"column":2},"end":{"line":24,"column":3}},"6":{"start":{"line":9,"column":17},"end":{"line":20,"column":13}},"7":{"start":{"line":21,"column":4},"end":{"line":21,"column":18}},"8":{"start":{"line":23,"column":4},"end":{"line":23,"column":20}},"9":{"start":{"line":28,"column":0},"end":{"line":46,"column":2}},"10":{"start":{"line":29,"column":2},"end":{"line":45,"column":3}},"11":{"start":{"line":30,"column":17},"end":{"line":41,"column":13}},"12":{"start":{"line":42,"column":6},"end":{"line":42,"column":20}},"13":{"start":{"line":44,"column":4},"end":{"line":44,"column":20}},"14":{"start":{"line":49,"column":0},"end":{"line":58,"column":2}},"15":{"start":{"line":50,"column":2},"end":{"line":57,"column":3}},"16":{"start":{"line":51,"column":4},"end":{"line":53,"column":32}},"17":{"start":{"line":54,"column":4},"end":{"line":54,"column":31}},"18":{"start":{"line":56,"column":4},"end":{"line":56,"column":20}},"19":{"start":{"line":61,"column":0},"end":{"line":72,"column":2}},"20":{"start":{"line":65,"column":23},"end":{"line":65,"column":51}},"21":{"start":{"line":66,"column":2},"end":{"line":71,"column":3}},"22":{"start":{"line":67,"column":4},"end":{"line":67,"column":31}},"23":{"start":{"line":68,"column":4},"end":{"line":68,"column":84}},"24":{"start":{"line":70,"column":4},"end":{"line":70,"column":20}},"25":{"start":{"line":75,"column":0},"end":{"line":82,"column":1}},"26":{"start":{"line":76,"column":2},"end":{"line":81,"column":3}},"27":{"start":{"line":77,"column":4},"end":{"line":77,"column":65}},"28":{"start":{"line":78,"column":4},"end":{"line":78,"column":31}},"29":{"start":{"line":80,"column":4},"end":{"line":80,"column":20}},"30":{"start":{"line":85,"column":0},"end":{"line":111,"column":2}},"31":{"start":{"line":86,"column":2},"end":{"line":110,"column":3}},"32":{"start":{"line":87,"column":38},"end":{"line":87,"column":46}},"33":{"start":{"line":88,"column":18},"end":{"line":88,"column":20}},"34":{"start":{"line":89,"column":4},"end":{"line":91,"column":5}},"35":{"start":{"line":90,"column":6},"end":{"line":90,"column":46}},"36":{"start":{"line":92,"column":4},"end":{"line":94,"column":5}},"37":{"start":{"line":93,"column":6},"end":{"line":93,"column":34}},"38":{"start":{"line":95,"column":17},"end":{"line":106,"column":13}},"39":{"start":{"line":107,"column":4},"end":{"line":107,"column":18}},"40":{"start":{"line":109,"column":4},"end":{"line":109,"column":20}},"41":{"start":{"line":137,"column":0},"end":{"line":251,"column":2}},"42":{"start":{"line":138,"column":120},"end":{"line":138,"column":128}},"43":{"start":{"line":139,"column":16},"end":{"line":139,"column":18}},"44":{"start":{"line":140,"column":2},"end":{"line":142,"column":3}},"45":{"start":{"line":141,"column":4},"end":{"line":141,"column":72}},"46":{"start":{"line":143,"column":2},"end":{"line":145,"column":3}},"47":{"start":{"line":144,"column":4},"end":{"line":144,"column":32}},"48":{"start":{"line":146,"column":2},"end":{"line":148,"column":3}},"49":{"start":{"line":147,"column":4},"end":{"line":147,"column":30}},"50":{"start":{"line":149,"column":2},"end":{"line":151,"column":3}},"51":{"start":{"line":150,"column":4},"end":{"line":150,"column":55}},"52":{"start":{"line":152,"column":2},"end":{"line":154,"column":3}},"53":{"start":{"line":153,"column":4},"end":{"line":153,"column":55}},"54":{"start":{"line":155,"column":2},"end":{"line":157,"column":3}},"55":{"start":{"line":156,"column":4},"end":{"line":156,"column":32}},"56":{"start":{"line":158,"column":2},"end":{"line":160,"column":3}},"57":{"start":{"line":159,"column":4},"end":{"line":159,"column":57}},"58":{"start":{"line":161,"column":2},"end":{"line":163,"column":3}},"59":{"start":{"line":162,"column":4},"end":{"line":162,"column":47}},"60":{"start":{"line":164,"column":2},"end":{"line":166,"column":3}},"61":{"start":{"line":165,"column":4},"end":{"line":165,"column":53}},"62":{"start":{"line":167,"column":2},"end":{"line":169,"column":3}},"63":{"start":{"line":168,"column":4},"end":{"line":168,"column":53}},"64":{"start":{"line":170,"column":2},"end":{"line":250,"column":3}},"65":{"start":{"line":171,"column":17},"end":{"line":246,"column":6}},"66":{"start":{"line":247,"column":4},"end":{"line":247,"column":19}},"67":{"start":{"line":249,"column":4},"end":{"line":249,"column":20}}},"fnMap":{"0":{"name":"(anonymous_0)","decl":{"start":{"line":7,"column":25},"end":{"line":7,"column":26}},"loc":{"start":{"line":7,"column":45},"end":{"line":25,"column":1}},"line":7},"1":{"name":"(anonymous_1)","decl":{"start":{"line":28,"column":25},"end":{"line":28,"column":26}},"loc":{"start":{"line":28,"column":45},"end":{"line":46,"column":1}},"line":28},"2":{"name":"(anonymous_2)","decl":{"start":{"line":49,"column":31},"end":{"line":49,"column":32}},"loc":{"start":{"line":49,"column":51},"end":{"line":58,"column":1}},"line":49},"3":{"name":"(anonymous_3)","decl":{"start":{"line":61,"column":28},"end":{"line":61,"column":29}},"loc":{"start":{"line":61,"column":48},"end":{"line":72,"column":1}},"line":61},"4":{"name":"(anonymous_4)","decl":{"start":{"line":75,"column":31},"end":{"line":75,"column":32}},"loc":{"start":{"line":75,"column":51},"end":{"line":82,"column":1}},"line":75},"5":{"name":"(anonymous_5)","decl":{"start":{"line":85,"column":27},"end":{"line":85,"column":28}},"loc":{"start":{"line":85,"column":47},"end":{"line":111,"column":1}},"line":85},"6":{"name":"(anonymous_6)","decl":{"start":{"line":137,"column":24},"end":{"line":137,"column":25}},"loc":{"start":{"line":137,"column":44},"end":{"line":251,"column":1}},"line":137}},"branchMap":{"0":{"loc":{"start":{"line":89,"column":4},"end":{"line":91,"column":5}},"type":"if","locations":[{"start":{"line":89,"column":4},"end":{"line":91,"column":5}},{"start":{"line":89,"column":4},"end":{"line":91,"column":5}}],"line":89},"1":{"loc":{"start":{"line":92,"column":4},"end":{"line":94,"column":5}},"type":"if","locations":[{"start":{"line":92,"column":4},"end":{"line":94,"column":5}},{"start":{"line":92,"column":4},"end":{"line":94,"column":5}}],"line":92},"2":{"loc":{"start":{"line":140,"column":2},"end":{"line":142,"column":3}},"type":"if","locations":[{"start":{"line":140,"column":2},"end":{"line":142,"column":3}},{"start":{"line":140,"column":2},"end":{"line":142,"column":3}}],"line":140},"3":{"loc":{"start":{"line":143,"column":2},"end":{"line":145,"column":3}},"type":"if","locations":[{"start":{"line":143,"column":2},"end":{"line":145,"column":3}},{"start":{"line":143,"column":2},"end":{"line":145,"column":3}}],"line":143},"4":{"loc":{"start":{"line":146,"column":2},"end":{"line":148,"column":3}},"type":"if","locations":[{"start":{"line":146,"column":2},"end":{"line":148,"column":3}},{"start":{"line":146,"column":2},"end":{"line":148,"column":3}}],"line":146},"5":{"loc":{"start":{"line":149,"column":2},"end":{"line":151,"column":3}},"type":"if","locations":[{"start":{"line":149,"column":2},"end":{"line":151,"column":3}},{"start":{"line":149,"column":2},"end":{"line":151,"column":3}}],"line":149},"6":{"loc":{"start":{"line":152,"column":2},"end":{"line":154,"column":3}},"type":"if","locations":[{"start":{"line":152,"column":2},"end":{"line":154,"column":3}},{"start":{"line":152,"column":2},"end":{"line":154,"column":3}}],"line":152},"7":{"loc":{"start":{"line":155,"column":2},"end":{"line":157,"column":3}},"type":"if","locations":[{"start":{"line":155,"column":2},"end":{"line":157,"column":3}},{"start":{"line":155,"column":2},"end":{"line":157,"column":3}}],"line":155},"8":{"loc":{"start":{"line":158,"column":2},"end":{"line":160,"column":3}},"type":"if","locations":[{"start":{"line":158,"column":2},"end":{"line":160,"column":3}},{"start":{"line":158,"column":2},"end":{"line":160,"column":3}}],"line":158},"9":{"loc":{"start":{"line":161,"column":2},"end":{"line":163,"column":3}},"type":"if","locations":[{"start":{"line":161,"column":2},"end":{"line":163,"column":3}},{"start":{"line":161,"column":2},"end":{"line":163,"column":3}}],"line":161},"10":{"loc":{"start":{"line":164,"column":2},"end":{"line":166,"column":3}},"type":"if","locations":[{"start":{"line":164,"column":2},"end":{"line":166,"column":3}},{"start":{"line":164,"column":2},"end":{"line":166,"column":3}}],"line":164},"11":{"loc":{"start":{"line":167,"column":2},"end":{"line":169,"column":3}},"type":"if","locations":[{"start":{"line":167,"column":2},"end":{"line":169,"column":3}},{"start":{"line":167,"column":2},"end":{"line":169,"column":3}}],"line":167}},"s":{"0":2,"1":2,"2":2,"3":2,"4":2,"5":1,"6":1,"7":1,"8":0,"9":2,"10":1,"11":1,"12":1,"13":0,"14":2,"15":1,"16":1,"17":1,"18":0,"19":2,"20":1,"21":1,"22":1,"23":1,"24":0,"25":2,"26":1,"27":1,"28":1,"29":0,"30":2,"31":1,"32":1,"33":1,"34":1,"35":1,"36":1,"37":1,"38":1,"39":1,"40":0,"41":2,"42":1,"43":1,"44":1,"45":1,"46":1,"47":1,"48":1,"49":1,"50":1,"51":1,"52":1,"53":1,"54":1,"55":1,"56":1,"57":1,"58":1,"59":1,"60":1,"61":1,"62":1,"63":1,"64":1,"65":1,"66":1,"67":0},"f":{"0":1,"1":1,"2":1,"3":1,"4":1,"5":1,"6":1},"b":{"0":[1,0],"1":[1,0],"2":[1,0],"3":[1,0],"4":[1,0],"5":[1,0],"6":[1,0],"7":[1,0],"8":[1,0],"9":[1,0],"10":[1,0],"11":[1,0]},"_coverageSchema":"43e27e138ebf9cfc5966b082cf9a028302ed4184","hash":"8c66df4aac47ee0abf8db2995896939191c88270"}
,"/Users/jakepeterson/Sprint4-Demo/server/controllers/feedback.controller.js": {"path":"/Users/jakepeterson/Sprint4-Demo/server/controllers/feedback.controller.js","statementMap":{"0":{"start":{"line":1,"column":11},"end":{"line":1,"column":40}},"1":{"start":{"line":2,"column":17},"end":{"line":2,"column":28}},"2":{"start":{"line":3,"column":17},"end":{"line":3,"column":36}},"3":{"start":{"line":5,"column":0},"end":{"line":12,"column":2}},"4":{"start":{"line":6,"column":4},"end":{"line":11,"column":5}},"5":{"start":{"line":7,"column":21},"end":{"line":7,"column":49}},"6":{"start":{"line":8,"column":8},"end":{"line":8,"column":23}},"7":{"start":{"line":10,"column":8},"end":{"line":10,"column":25}},"8":{"start":{"line":14,"column":0},"end":{"line":22,"column":2}},"9":{"start":{"line":15,"column":19},"end":{"line":15,"column":41}},"10":{"start":{"line":16,"column":4},"end":{"line":21,"column":5}},"11":{"start":{"line":17,"column":8},"end":{"line":17,"column":30}},"12":{"start":{"line":18,"column":8},"end":{"line":18,"column":39}},"13":{"start":{"line":20,"column":8},"end":{"line":20,"column":25}},"14":{"start":{"line":24,"column":0},"end":{"line":31,"column":1}},"15":{"start":{"line":25,"column":4},"end":{"line":30,"column":5}},"16":{"start":{"line":26,"column":8},"end":{"line":26,"column":64}},"17":{"start":{"line":27,"column":8},"end":{"line":27,"column":36}},"18":{"start":{"line":29,"column":8},"end":{"line":29,"column":25}}},"fnMap":{"0":{"name":"(anonymous_0)","decl":{"start":{"line":5,"column":23},"end":{"line":5,"column":24}},"loc":{"start":{"line":5,"column":43},"end":{"line":12,"column":1}},"line":5},"1":{"name":"(anonymous_1)","decl":{"start":{"line":14,"column":22},"end":{"line":14,"column":23}},"loc":{"start":{"line":14,"column":42},"end":{"line":22,"column":1}},"line":14},"2":{"name":"(anonymous_2)","decl":{"start":{"line":24,"column":25},"end":{"line":24,"column":26}},"loc":{"start":{"line":24,"column":45},"end":{"line":31,"column":1}},"line":24}},"branchMap":{},"s":{"0":2,"1":2,"2":2,"3":2,"4":1,"5":1,"6":1,"7":0,"8":2,"9":1,"10":1,"11":1,"12":1,"13":0,"14":2,"15":1,"16":1,"17":1,"18":0},"f":{"0":1,"1":1,"2":1},"b":{},"_coverageSchema":"43e27e138ebf9cfc5966b082cf9a028302ed4184","hash":"fea66302dc437034c1691283e01689b7c2354234"}
,"/Users/jakepeterson/Sprint4-Demo/server/controllers/parameter_controllers/aircraft.controller.js": {"path":"/Users/jakepeterson/Sprint4-Demo/server/controllers/parameter_controllers/aircraft.controller.js","statementMap":{"0":{"start":{"line":1,"column":11},"end":{"line":1,"column":43}},"1":{"start":{"line":2,"column":17},"end":{"line":2,"column":28}},"2":{"start":{"line":5,"column":0},"end":{"line":16,"column":1}},"3":{"start":{"line":6,"column":17},"end":{"line":9,"column":4}},"4":{"start":{"line":10,"column":2},"end":{"line":15,"column":3}},"5":{"start":{"line":11,"column":4},"end":{"line":11,"column":26}},"6":{"start":{"line":12,"column":4},"end":{"line":12,"column":59}},"7":{"start":{"line":14,"column":4},"end":{"line":14,"column":21}},"8":{"start":{"line":18,"column":0},"end":{"line":25,"column":2}},"9":{"start":{"line":19,"column":2},"end":{"line":24,"column":3}},"10":{"start":{"line":20,"column":17},"end":{"line":20,"column":45}},"11":{"start":{"line":21,"column":4},"end":{"line":21,"column":19}},"12":{"start":{"line":23,"column":4},"end":{"line":23,"column":21}},"13":{"start":{"line":27,"column":0},"end":{"line":36,"column":2}},"14":{"start":{"line":28,"column":2},"end":{"line":35,"column":3}},"15":{"start":{"line":29,"column":4},"end":{"line":31,"column":33}},"16":{"start":{"line":32,"column":4},"end":{"line":32,"column":32}},"17":{"start":{"line":34,"column":4},"end":{"line":34,"column":20}},"18":{"start":{"line":37,"column":0},"end":{"line":55,"column":1}},"19":{"start":{"line":38,"column":2},"end":{"line":54,"column":3}},"20":{"start":{"line":39,"column":4},"end":{"line":51,"column":9}},"21":{"start":{"line":41,"column":8},"end":{"line":50,"column":9}},"22":{"start":{"line":42,"column":10},"end":{"line":42,"column":39}},"23":{"start":{"line":43,"column":10},"end":{"line":43,"column":31}},"24":{"start":{"line":44,"column":10},"end":{"line":44,"column":59}},"25":{"start":{"line":46,"column":13},"end":{"line":50,"column":9}},"26":{"start":{"line":47,"column":10},"end":{"line":47,"column":38}},"27":{"start":{"line":48,"column":10},"end":{"line":48,"column":31}},"28":{"start":{"line":49,"column":10},"end":{"line":49,"column":57}},"29":{"start":{"line":53,"column":4},"end":{"line":53,"column":20}}},"fnMap":{"0":{"name":"(anonymous_0)","decl":{"start":{"line":5,"column":22},"end":{"line":5,"column":23}},"loc":{"start":{"line":5,"column":42},"end":{"line":16,"column":1}},"line":5},"1":{"name":"(anonymous_1)","decl":{"start":{"line":18,"column":23},"end":{"line":18,"column":24}},"loc":{"start":{"line":18,"column":43},"end":{"line":25,"column":1}},"line":18},"2":{"name":"(anonymous_2)","decl":{"start":{"line":27,"column":25},"end":{"line":27,"column":26}},"loc":{"start":{"line":27,"column":45},"end":{"line":36,"column":1}},"line":27},"3":{"name":"(anonymous_3)","decl":{"start":{"line":37,"column":29},"end":{"line":37,"column":30}},"loc":{"start":{"line":37,"column":49},"end":{"line":55,"column":1}},"line":37},"4":{"name":"(anonymous_4)","decl":{"start":{"line":40,"column":12},"end":{"line":40,"column":13}},"loc":{"start":{"line":40,"column":36},"end":{"line":51,"column":7}},"line":40}},"branchMap":{"0":{"loc":{"start":{"line":41,"column":8},"end":{"line":50,"column":9}},"type":"if","locations":[{"start":{"line":41,"column":8},"end":{"line":50,"column":9}},{"start":{"line":41,"column":8},"end":{"line":50,"column":9}}],"line":41},"1":{"loc":{"start":{"line":46,"column":13},"end":{"line":50,"column":9}},"type":"if","locations":[{"start":{"line":46,"column":13},"end":{"line":50,"column":9}},{"start":{"line":46,"column":13},"end":{"line":50,"column":9}}],"line":46}},"s":{"0":2,"1":2,"2":2,"3":1,"4":1,"5":1,"6":1,"7":0,"8":2,"9":1,"10":1,"11":1,"12":0,"13":2,"14":1,"15":1,"16":1,"17":0,"18":2,"19":2,"20":2,"21":2,"22":1,"23":1,"24":1,"25":1,"26":1,"27":1,"28":1,"29":0},"f":{"0":1,"1":1,"2":1,"3":2,"4":2},"b":{"0":[1,1],"1":[1,0]},"_coverageSchema":"43e27e138ebf9cfc5966b082cf9a028302ed4184","hash":"1fa4cc0c0ec67d95a09d79399155729eff9c7684"}
,"/Users/jakepeterson/Sprint4-Demo/server/controllers/parameter_controllers/base.controller.js": {"path":"/Users/jakepeterson/Sprint4-Demo/server/controllers/parameter_controllers/base.controller.js","statementMap":{"0":{"start":{"line":1,"column":11},"end":{"line":1,"column":43}},"1":{"start":{"line":2,"column":13},"end":{"line":2,"column":20}},"2":{"start":{"line":5,"column":0},"end":{"line":16,"column":1}},"3":{"start":{"line":6,"column":13},"end":{"line":9,"column":4}},"4":{"start":{"line":10,"column":2},"end":{"line":15,"column":3}},"5":{"start":{"line":11,"column":4},"end":{"line":11,"column":21}},"6":{"start":{"line":12,"column":4},"end":{"line":12,"column":51}},"7":{"start":{"line":14,"column":4},"end":{"line":14,"column":20}},"8":{"start":{"line":18,"column":0},"end":{"line":25,"column":2}},"9":{"start":{"line":19,"column":2},"end":{"line":24,"column":3}},"10":{"start":{"line":20,"column":17},"end":{"line":20,"column":41}},"11":{"start":{"line":21,"column":4},"end":{"line":21,"column":18}},"12":{"start":{"line":23,"column":4},"end":{"line":23,"column":20}},"13":{"start":{"line":27,"column":0},"end":{"line":36,"column":2}},"14":{"start":{"line":28,"column":2},"end":{"line":35,"column":3}},"15":{"start":{"line":29,"column":4},"end":{"line":31,"column":32}},"16":{"start":{"line":32,"column":6},"end":{"line":32,"column":30}},"17":{"start":{"line":34,"column":4},"end":{"line":34,"column":20}},"18":{"start":{"line":37,"column":0},"end":{"line":55,"column":1}},"19":{"start":{"line":38,"column":2},"end":{"line":54,"column":3}},"20":{"start":{"line":39,"column":4},"end":{"line":51,"column":7}},"21":{"start":{"line":41,"column":6},"end":{"line":50,"column":7}},"22":{"start":{"line":42,"column":8},"end":{"line":42,"column":34}},"23":{"start":{"line":43,"column":8},"end":{"line":43,"column":26}},"24":{"start":{"line":44,"column":8},"end":{"line":44,"column":53}},"25":{"start":{"line":46,"column":11},"end":{"line":50,"column":7}},"26":{"start":{"line":47,"column":8},"end":{"line":47,"column":33}},"27":{"start":{"line":48,"column":8},"end":{"line":48,"column":26}},"28":{"start":{"line":49,"column":8},"end":{"line":49,"column":51}},"29":{"start":{"line":53,"column":4},"end":{"line":53,"column":20}}},"fnMap":{"0":{"name":"(anonymous_0)","decl":{"start":{"line":5,"column":18},"end":{"line":5,"column":19}},"loc":{"start":{"line":5,"column":38},"end":{"line":16,"column":1}},"line":5},"1":{"name":"(anonymous_1)","decl":{"start":{"line":18,"column":20},"end":{"line":18,"column":21}},"loc":{"start":{"line":18,"column":40},"end":{"line":25,"column":1}},"line":18},"2":{"name":"(anonymous_2)","decl":{"start":{"line":27,"column":21},"end":{"line":27,"column":22}},"loc":{"start":{"line":27,"column":41},"end":{"line":36,"column":1}},"line":27},"3":{"name":"(anonymous_3)","decl":{"start":{"line":37,"column":26},"end":{"line":37,"column":27}},"loc":{"start":{"line":37,"column":46},"end":{"line":55,"column":1}},"line":37},"4":{"name":"(anonymous_4)","decl":{"start":{"line":40,"column":10},"end":{"line":40,"column":11}},"loc":{"start":{"line":40,"column":31},"end":{"line":51,"column":5}},"line":40}},"branchMap":{"0":{"loc":{"start":{"line":41,"column":6},"end":{"line":50,"column":7}},"type":"if","locations":[{"start":{"line":41,"column":6},"end":{"line":50,"column":7}},{"start":{"line":41,"column":6},"end":{"line":50,"column":7}}],"line":41},"1":{"loc":{"start":{"line":46,"column":11},"end":{"line":50,"column":7}},"type":"if","locations":[{"start":{"line":46,"column":11},"end":{"line":50,"column":7}},{"start":{"line":46,"column":11},"end":{"line":50,"column":7}}],"line":46}},"s":{"0":2,"1":2,"2":2,"3":1,"4":1,"5":1,"6":1,"7":0,"8":2,"9":1,"10":1,"11":1,"12":0,"13":2,"14":1,"15":1,"16":1,"17":0,"18":2,"19":2,"20":2,"21":2,"22":1,"23":1,"24":1,"25":1,"26":1,"27":1,"28":1,"29":0},"f":{"0":1,"1":1,"2":1,"3":2,"4":2},"b":{"0":[1,1],"1":[1,0]},"_coverageSchema":"43e27e138ebf9cfc5966b082cf9a028302ed4184","hash":"5a2a24f9a8ecc2890515d6090715b2d1391a771e"}
,"/Users/jakepeterson/Sprint4-Demo/server/controllers/parameter_controllers/channel.controller.js": {"path":"/Users/jakepeterson/Sprint4-Demo/server/controllers/parameter_controllers/channel.controller.js","statementMap":{"0":{"start":{"line":1,"column":20},"end":{"line":1,"column":52}},"1":{"start":{"line":2,"column":11},"end":{"line":2,"column":43}},"2":{"start":{"line":3,"column":16},"end":{"line":3,"column":26}},"3":{"start":{"line":6,"column":0},"end":{"line":17,"column":1}},"4":{"start":{"line":7,"column":16},"end":{"line":10,"column":4}},"5":{"start":{"line":11,"column":2},"end":{"line":16,"column":3}},"6":{"start":{"line":12,"column":4},"end":{"line":12,"column":24}},"7":{"start":{"line":13,"column":4},"end":{"line":13,"column":56}},"8":{"start":{"line":15,"column":4},"end":{"line":15,"column":20}},"9":{"start":{"line":19,"column":0},"end":{"line":26,"column":2}},"10":{"start":{"line":20,"column":2},"end":{"line":25,"column":3}},"11":{"start":{"line":21,"column":17},"end":{"line":21,"column":44}},"12":{"start":{"line":22,"column":4},"end":{"line":22,"column":19}},"13":{"start":{"line":24,"column":4},"end":{"line":24,"column":20}},"14":{"start":{"line":28,"column":0},"end":{"line":37,"column":2}},"15":{"start":{"line":29,"column":2},"end":{"line":36,"column":3}},"16":{"start":{"line":30,"column":4},"end":{"line":32,"column":33}},"17":{"start":{"line":33,"column":4},"end":{"line":33,"column":31}},"18":{"start":{"line":35,"column":4},"end":{"line":35,"column":20}},"19":{"start":{"line":38,"column":0},"end":{"line":56,"column":1}},"20":{"start":{"line":39,"column":2},"end":{"line":55,"column":3}},"21":{"start":{"line":40,"column":4},"end":{"line":52,"column":9}},"22":{"start":{"line":42,"column":8},"end":{"line":51,"column":9}},"23":{"start":{"line":43,"column":10},"end":{"line":43,"column":39}},"24":{"start":{"line":44,"column":10},"end":{"line":44,"column":31}},"25":{"start":{"line":45,"column":10},"end":{"line":45,"column":58}},"26":{"start":{"line":47,"column":13},"end":{"line":51,"column":9}},"27":{"start":{"line":48,"column":10},"end":{"line":48,"column":38}},"28":{"start":{"line":49,"column":10},"end":{"line":49,"column":31}},"29":{"start":{"line":50,"column":10},"end":{"line":50,"column":56}},"30":{"start":{"line":54,"column":4},"end":{"line":54,"column":20}}},"fnMap":{"0":{"name":"(anonymous_0)","decl":{"start":{"line":6,"column":21},"end":{"line":6,"column":22}},"loc":{"start":{"line":6,"column":41},"end":{"line":17,"column":1}},"line":6},"1":{"name":"(anonymous_1)","decl":{"start":{"line":19,"column":23},"end":{"line":19,"column":24}},"loc":{"start":{"line":19,"column":43},"end":{"line":26,"column":1}},"line":19},"2":{"name":"(anonymous_2)","decl":{"start":{"line":28,"column":24},"end":{"line":28,"column":25}},"loc":{"start":{"line":28,"column":44},"end":{"line":37,"column":1}},"line":28},"3":{"name":"(anonymous_3)","decl":{"start":{"line":38,"column":28},"end":{"line":38,"column":29}},"loc":{"start":{"line":38,"column":48},"end":{"line":56,"column":1}},"line":38},"4":{"name":"(anonymous_4)","decl":{"start":{"line":41,"column":12},"end":{"line":41,"column":13}},"loc":{"start":{"line":41,"column":36},"end":{"line":52,"column":7}},"line":41}},"branchMap":{"0":{"loc":{"start":{"line":42,"column":8},"end":{"line":51,"column":9}},"type":"if","locations":[{"start":{"line":42,"column":8},"end":{"line":51,"column":9}},{"start":{"line":42,"column":8},"end":{"line":51,"column":9}}],"line":42},"1":{"loc":{"start":{"line":47,"column":13},"end":{"line":51,"column":9}},"type":"if","locations":[{"start":{"line":47,"column":13},"end":{"line":51,"column":9}},{"start":{"line":47,"column":13},"end":{"line":51,"column":9}}],"line":47}},"s":{"0":2,"1":2,"2":2,"3":2,"4":1,"5":1,"6":1,"7":1,"8":0,"9":2,"10":1,"11":1,"12":1,"13":0,"14":2,"15":1,"16":1,"17":1,"18":0,"19":2,"20":2,"21":2,"22":2,"23":1,"24":1,"25":1,"26":1,"27":1,"28":1,"29":1,"30":0},"f":{"0":1,"1":1,"2":1,"3":2,"4":2},"b":{"0":[1,1],"1":[1,0]},"_coverageSchema":"43e27e138ebf9cfc5966b082cf9a028302ed4184","hash":"acf63b091a665da113a1d89762f12858ba20fb3d"}
,"/Users/jakepeterson/Sprint4-Demo/server/controllers/parameter_controllers/icao.controller.js": {"path":"/Users/jakepeterson/Sprint4-Demo/server/controllers/parameter_controllers/icao.controller.js","statementMap":{"0":{"start":{"line":1,"column":11},"end":{"line":1,"column":43}},"1":{"start":{"line":2,"column":13},"end":{"line":2,"column":20}},"2":{"start":{"line":5,"column":0},"end":{"line":16,"column":1}},"3":{"start":{"line":6,"column":13},"end":{"line":9,"column":4}},"4":{"start":{"line":10,"column":2},"end":{"line":15,"column":3}},"5":{"start":{"line":11,"column":4},"end":{"line":11,"column":21}},"6":{"start":{"line":12,"column":4},"end":{"line":12,"column":50}},"7":{"start":{"line":14,"column":4},"end":{"line":14,"column":20}},"8":{"start":{"line":18,"column":0},"end":{"line":25,"column":2}},"9":{"start":{"line":19,"column":2},"end":{"line":24,"column":3}},"10":{"start":{"line":20,"column":17},"end":{"line":20,"column":41}},"11":{"start":{"line":21,"column":4},"end":{"line":21,"column":18}},"12":{"start":{"line":23,"column":4},"end":{"line":23,"column":20}},"13":{"start":{"line":27,"column":0},"end":{"line":36,"column":2}},"14":{"start":{"line":28,"column":2},"end":{"line":35,"column":3}},"15":{"start":{"line":29,"column":4},"end":{"line":31,"column":32}},"16":{"start":{"line":32,"column":4},"end":{"line":32,"column":28}},"17":{"start":{"line":34,"column":4},"end":{"line":34,"column":20}},"18":{"start":{"line":37,"column":0},"end":{"line":56,"column":1}},"19":{"start":{"line":38,"column":2},"end":{"line":54,"column":3}},"20":{"start":{"line":39,"column":4},"end":{"line":51,"column":9}},"21":{"start":{"line":41,"column":8},"end":{"line":50,"column":9}},"22":{"start":{"line":42,"column":10},"end":{"line":42,"column":35}},"23":{"start":{"line":43,"column":10},"end":{"line":43,"column":27}},"24":{"start":{"line":44,"column":10},"end":{"line":44,"column":55}},"25":{"start":{"line":46,"column":13},"end":{"line":50,"column":9}},"26":{"start":{"line":47,"column":10},"end":{"line":47,"column":34}},"27":{"start":{"line":48,"column":10},"end":{"line":48,"column":27}},"28":{"start":{"line":49,"column":10},"end":{"line":49,"column":53}},"29":{"start":{"line":53,"column":4},"end":{"line":53,"column":20}}},"fnMap":{"0":{"name":"(anonymous_0)","decl":{"start":{"line":5,"column":18},"end":{"line":5,"column":19}},"loc":{"start":{"line":5,"column":38},"end":{"line":16,"column":1}},"line":5},"1":{"name":"(anonymous_1)","decl":{"start":{"line":18,"column":19},"end":{"line":18,"column":20}},"loc":{"start":{"line":18,"column":39},"end":{"line":25,"column":1}},"line":18},"2":{"name":"(anonymous_2)","decl":{"start":{"line":27,"column":21},"end":{"line":27,"column":22}},"loc":{"start":{"line":27,"column":41},"end":{"line":36,"column":1}},"line":27},"3":{"name":"(anonymous_3)","decl":{"start":{"line":37,"column":25},"end":{"line":37,"column":26}},"loc":{"start":{"line":37,"column":45},"end":{"line":56,"column":1}},"line":37},"4":{"name":"(anonymous_4)","decl":{"start":{"line":40,"column":12},"end":{"line":40,"column":13}},"loc":{"start":{"line":40,"column":32},"end":{"line":51,"column":7}},"line":40}},"branchMap":{"0":{"loc":{"start":{"line":41,"column":8},"end":{"line":50,"column":9}},"type":"if","locations":[{"start":{"line":41,"column":8},"end":{"line":50,"column":9}},{"start":{"line":41,"column":8},"end":{"line":50,"column":9}}],"line":41},"1":{"loc":{"start":{"line":46,"column":13},"end":{"line":50,"column":9}},"type":"if","locations":[{"start":{"line":46,"column":13},"end":{"line":50,"column":9}},{"start":{"line":46,"column":13},"end":{"line":50,"column":9}}],"line":46}},"s":{"0":2,"1":2,"2":2,"3":1,"4":1,"5":1,"6":1,"7":0,"8":2,"9":1,"10":1,"11":1,"12":0,"13":2,"14":1,"15":1,"16":1,"17":0,"18":2,"19":2,"20":2,"21":2,"22":1,"23":1,"24":1,"25":1,"26":1,"27":1,"28":1,"29":0},"f":{"0":1,"1":1,"2":1,"3":2,"4":2},"b":{"0":[1,1],"1":[1,0]},"_coverageSchema":"43e27e138ebf9cfc5966b082cf9a028302ed4184","hash":"04de12df295cc4ca31d662b734ae794542b2c039"}
,"/Users/jakepeterson/Sprint4-Demo/server/controllers/parameter_controllers/msnType.controller.js": {"path":"/Users/jakepeterson/Sprint4-Demo/server/controllers/parameter_controllers/msnType.controller.js","statementMap":{"0":{"start":{"line":1,"column":20},"end":{"line":1,"column":52}},"1":{"start":{"line":2,"column":11},"end":{"line":2,"column":43}},"2":{"start":{"line":3,"column":16},"end":{"line":3,"column":26}},"3":{"start":{"line":6,"column":0},"end":{"line":17,"column":1}},"4":{"start":{"line":7,"column":16},"end":{"line":10,"column":4}},"5":{"start":{"line":11,"column":2},"end":{"line":16,"column":3}},"6":{"start":{"line":12,"column":4},"end":{"line":12,"column":24}},"7":{"start":{"line":13,"column":4},"end":{"line":13,"column":60}},"8":{"start":{"line":15,"column":4},"end":{"line":15,"column":20}},"9":{"start":{"line":19,"column":0},"end":{"line":26,"column":2}},"10":{"start":{"line":20,"column":2},"end":{"line":25,"column":3}},"11":{"start":{"line":21,"column":17},"end":{"line":21,"column":44}},"12":{"start":{"line":22,"column":4},"end":{"line":22,"column":18}},"13":{"start":{"line":24,"column":4},"end":{"line":24,"column":20}},"14":{"start":{"line":28,"column":0},"end":{"line":37,"column":2}},"15":{"start":{"line":29,"column":2},"end":{"line":36,"column":3}},"16":{"start":{"line":30,"column":4},"end":{"line":32,"column":32}},"17":{"start":{"line":33,"column":4},"end":{"line":33,"column":36}},"18":{"start":{"line":35,"column":4},"end":{"line":35,"column":20}},"19":{"start":{"line":38,"column":0},"end":{"line":56,"column":1}},"20":{"start":{"line":39,"column":2},"end":{"line":55,"column":3}},"21":{"start":{"line":40,"column":4},"end":{"line":52,"column":8}},"22":{"start":{"line":42,"column":8},"end":{"line":51,"column":9}},"23":{"start":{"line":43,"column":10},"end":{"line":43,"column":39}},"24":{"start":{"line":44,"column":10},"end":{"line":44,"column":31}},"25":{"start":{"line":45,"column":10},"end":{"line":45,"column":63}},"26":{"start":{"line":47,"column":13},"end":{"line":51,"column":9}},"27":{"start":{"line":48,"column":10},"end":{"line":48,"column":38}},"28":{"start":{"line":49,"column":10},"end":{"line":49,"column":31}},"29":{"start":{"line":50,"column":10},"end":{"line":50,"column":61}},"30":{"start":{"line":54,"column":4},"end":{"line":54,"column":20}}},"fnMap":{"0":{"name":"(anonymous_0)","decl":{"start":{"line":6,"column":21},"end":{"line":6,"column":22}},"loc":{"start":{"line":6,"column":41},"end":{"line":17,"column":1}},"line":6},"1":{"name":"(anonymous_1)","decl":{"start":{"line":19,"column":23},"end":{"line":19,"column":24}},"loc":{"start":{"line":19,"column":43},"end":{"line":26,"column":1}},"line":19},"2":{"name":"(anonymous_2)","decl":{"start":{"line":28,"column":24},"end":{"line":28,"column":25}},"loc":{"start":{"line":28,"column":44},"end":{"line":37,"column":1}},"line":28},"3":{"name":"(anonymous_3)","decl":{"start":{"line":38,"column":28},"end":{"line":38,"column":29}},"loc":{"start":{"line":38,"column":48},"end":{"line":56,"column":1}},"line":38},"4":{"name":"(anonymous_4)","decl":{"start":{"line":41,"column":12},"end":{"line":41,"column":13}},"loc":{"start":{"line":41,"column":36},"end":{"line":52,"column":7}},"line":41}},"branchMap":{"0":{"loc":{"start":{"line":42,"column":8},"end":{"line":51,"column":9}},"type":"if","locations":[{"start":{"line":42,"column":8},"end":{"line":51,"column":9}},{"start":{"line":42,"column":8},"end":{"line":51,"column":9}}],"line":42},"1":{"loc":{"start":{"line":47,"column":13},"end":{"line":51,"column":9}},"type":"if","locations":[{"start":{"line":47,"column":13},"end":{"line":51,"column":9}},{"start":{"line":47,"column":13},"end":{"line":51,"column":9}}],"line":47}},"s":{"0":2,"1":2,"2":2,"3":2,"4":1,"5":1,"6":1,"7":1,"8":0,"9":2,"10":1,"11":1,"12":1,"13":0,"14":2,"15":1,"16":1,"17":1,"18":0,"19":2,"20":2,"21":2,"22":2,"23":1,"24":1,"25":1,"26":1,"27":1,"28":1,"29":1,"30":0},"f":{"0":1,"1":1,"2":1,"3":2,"4":2},"b":{"0":[1,1],"1":[1,0]},"_coverageSchema":"43e27e138ebf9cfc5966b082cf9a028302ed4184","hash":"7961f94046a7d584312ff5a24579ba1aac1d80d9"}
,"/Users/jakepeterson/Sprint4-Demo/server/controllers/parameter_controllers/operation.controller.js": {"path":"/Users/jakepeterson/Sprint4-Demo/server/controllers/parameter_controllers/operation.controller.js","statementMap":{"0":{"start":{"line":1,"column":11},"end":{"line":1,"column":43}},"1":{"start":{"line":2,"column":18},"end":{"line":2,"column":30}},"2":{"start":{"line":5,"column":0},"end":{"line":16,"column":1}},"3":{"start":{"line":6,"column":18},"end":{"line":9,"column":4}},"4":{"start":{"line":10,"column":2},"end":{"line":15,"column":3}},"5":{"start":{"line":11,"column":4},"end":{"line":11,"column":27}},"6":{"start":{"line":12,"column":4},"end":{"line":12,"column":60}},"7":{"start":{"line":14,"column":4},"end":{"line":14,"column":20}},"8":{"start":{"line":18,"column":0},"end":{"line":25,"column":2}},"9":{"start":{"line":19,"column":2},"end":{"line":24,"column":3}},"10":{"start":{"line":20,"column":17},"end":{"line":20,"column":46}},"11":{"start":{"line":21,"column":4},"end":{"line":21,"column":18}},"12":{"start":{"line":23,"column":4},"end":{"line":23,"column":20}},"13":{"start":{"line":27,"column":0},"end":{"line":36,"column":2}},"14":{"start":{"line":28,"column":2},"end":{"line":35,"column":3}},"15":{"start":{"line":29,"column":4},"end":{"line":31,"column":32}},"16":{"start":{"line":32,"column":4},"end":{"line":32,"column":33}},"17":{"start":{"line":34,"column":4},"end":{"line":34,"column":20}},"18":{"start":{"line":37,"column":0},"end":{"line":55,"column":1}},"19":{"start":{"line":38,"column":2},"end":{"line":54,"column":3}},"20":{"start":{"line":39,"column":4},"end":{"line":51,"column":9}},"21":{"start":{"line":41,"column":8},"end":{"line":50,"column":9}},"22":{"start":{"line":42,"column":10},"end":{"line":42,"column":41}},"23":{"start":{"line":43,"column":10},"end":{"line":43,"column":33}},"24":{"start":{"line":44,"column":10},"end":{"line":44,"column":60}},"25":{"start":{"line":46,"column":13},"end":{"line":50,"column":9}},"26":{"start":{"line":47,"column":10},"end":{"line":47,"column":40}},"27":{"start":{"line":48,"column":10},"end":{"line":48,"column":33}},"28":{"start":{"line":49,"column":10},"end":{"line":49,"column":58}},"29":{"start":{"line":53,"column":4},"end":{"line":53,"column":20}}},"fnMap":{"0":{"name":"(anonymous_0)","decl":{"start":{"line":5,"column":23},"end":{"line":5,"column":24}},"loc":{"start":{"line":5,"column":43},"end":{"line":16,"column":1}},"line":5},"1":{"name":"(anonymous_1)","decl":{"start":{"line":18,"column":25},"end":{"line":18,"column":26}},"loc":{"start":{"line":18,"column":45},"end":{"line":25,"column":1}},"line":18},"2":{"name":"(anonymous_2)","decl":{"start":{"line":27,"column":26},"end":{"line":27,"column":27}},"loc":{"start":{"line":27,"column":46},"end":{"line":36,"column":1}},"line":27},"3":{"name":"(anonymous_3)","decl":{"start":{"line":37,"column":30},"end":{"line":37,"column":31}},"loc":{"start":{"line":37,"column":50},"end":{"line":55,"column":1}},"line":37},"4":{"name":"(anonymous_4)","decl":{"start":{"line":40,"column":12},"end":{"line":40,"column":13}},"loc":{"start":{"line":40,"column":38},"end":{"line":51,"column":7}},"line":40}},"branchMap":{"0":{"loc":{"start":{"line":41,"column":8},"end":{"line":50,"column":9}},"type":"if","locations":[{"start":{"line":41,"column":8},"end":{"line":50,"column":9}},{"start":{"line":41,"column":8},"end":{"line":50,"column":9}}],"line":41},"1":{"loc":{"start":{"line":46,"column":13},"end":{"line":50,"column":9}},"type":"if","locations":[{"start":{"line":46,"column":13},"end":{"line":50,"column":9}},{"start":{"line":46,"column":13},"end":{"line":50,"column":9}}],"line":46}},"s":{"0":2,"1":2,"2":2,"3":1,"4":1,"5":1,"6":1,"7":0,"8":2,"9":1,"10":1,"11":1,"12":0,"13":2,"14":1,"15":1,"16":1,"17":0,"18":2,"19":2,"20":2,"21":2,"22":1,"23":1,"24":1,"25":1,"26":1,"27":1,"28":1,"29":0},"f":{"0":1,"1":1,"2":1,"3":2,"4":2},"b":{"0":[1,1],"1":[1,0]},"_coverageSchema":"43e27e138ebf9cfc5966b082cf9a028302ed4184","hash":"2b2bbf888ab0678e546dbc217b99835b2a18658e"}
,"/Users/jakepeterson/Sprint4-Demo/server/controllers/parameter_controllers/squadron.controller.js": {"path":"/Users/jakepeterson/Sprint4-Demo/server/controllers/parameter_controllers/squadron.controller.js","statementMap":{"0":{"start":{"line":1,"column":11},"end":{"line":1,"column":43}},"1":{"start":{"line":2,"column":17},"end":{"line":2,"column":28}},"2":{"start":{"line":5,"column":0},"end":{"line":16,"column":1}},"3":{"start":{"line":6,"column":17},"end":{"line":9,"column":4}},"4":{"start":{"line":10,"column":2},"end":{"line":15,"column":3}},"5":{"start":{"line":11,"column":4},"end":{"line":11,"column":25}},"6":{"start":{"line":12,"column":4},"end":{"line":12,"column":58}},"7":{"start":{"line":14,"column":4},"end":{"line":14,"column":20}},"8":{"start":{"line":18,"column":0},"end":{"line":25,"column":2}},"9":{"start":{"line":19,"column":2},"end":{"line":24,"column":3}},"10":{"start":{"line":20,"column":17},"end":{"line":20,"column":45}},"11":{"start":{"line":21,"column":4},"end":{"line":21,"column":18}},"12":{"start":{"line":23,"column":4},"end":{"line":23,"column":20}},"13":{"start":{"line":27,"column":0},"end":{"line":36,"column":2}},"14":{"start":{"line":28,"column":2},"end":{"line":35,"column":3}},"15":{"start":{"line":29,"column":4},"end":{"line":31,"column":32}},"16":{"start":{"line":32,"column":4},"end":{"line":32,"column":32}},"17":{"start":{"line":34,"column":4},"end":{"line":34,"column":20}},"18":{"start":{"line":37,"column":0},"end":{"line":55,"column":1}},"19":{"start":{"line":38,"column":2},"end":{"line":54,"column":3}},"20":{"start":{"line":39,"column":4},"end":{"line":51,"column":9}},"21":{"start":{"line":41,"column":8},"end":{"line":50,"column":9}},"22":{"start":{"line":42,"column":10},"end":{"line":42,"column":40}},"23":{"start":{"line":43,"column":10},"end":{"line":43,"column":32}},"24":{"start":{"line":44,"column":10},"end":{"line":44,"column":59}},"25":{"start":{"line":46,"column":13},"end":{"line":50,"column":9}},"26":{"start":{"line":47,"column":10},"end":{"line":47,"column":39}},"27":{"start":{"line":48,"column":10},"end":{"line":48,"column":32}},"28":{"start":{"line":49,"column":10},"end":{"line":49,"column":57}},"29":{"start":{"line":53,"column":4},"end":{"line":53,"column":20}}},"fnMap":{"0":{"name":"(anonymous_0)","decl":{"start":{"line":5,"column":22},"end":{"line":5,"column":23}},"loc":{"start":{"line":5,"column":42},"end":{"line":16,"column":1}},"line":5},"1":{"name":"(anonymous_1)","decl":{"start":{"line":18,"column":24},"end":{"line":18,"column":25}},"loc":{"start":{"line":18,"column":44},"end":{"line":25,"column":1}},"line":18},"2":{"name":"(anonymous_2)","decl":{"start":{"line":27,"column":26},"end":{"line":27,"column":27}},"loc":{"start":{"line":27,"column":46},"end":{"line":36,"column":1}},"line":27},"3":{"name":"(anonymous_3)","decl":{"start":{"line":37,"column":29},"end":{"line":37,"column":30}},"loc":{"start":{"line":37,"column":49},"end":{"line":55,"column":1}},"line":37},"4":{"name":"(anonymous_4)","decl":{"start":{"line":40,"column":12},"end":{"line":40,"column":13}},"loc":{"start":{"line":40,"column":37},"end":{"line":51,"column":7}},"line":40}},"branchMap":{"0":{"loc":{"start":{"line":41,"column":8},"end":{"line":50,"column":9}},"type":"if","locations":[{"start":{"line":41,"column":8},"end":{"line":50,"column":9}},{"start":{"line":41,"column":8},"end":{"line":50,"column":9}}],"line":41},"1":{"loc":{"start":{"line":46,"column":13},"end":{"line":50,"column":9}},"type":"if","locations":[{"start":{"line":46,"column":13},"end":{"line":50,"column":9}},{"start":{"line":46,"column":13},"end":{"line":50,"column":9}}],"line":46}},"s":{"0":2,"1":2,"2":2,"3":1,"4":1,"5":1,"6":1,"7":0,"8":2,"9":1,"10":1,"11":1,"12":0,"13":2,"14":1,"15":1,"16":1,"17":0,"18":2,"19":2,"20":2,"21":2,"22":1,"23":1,"24":1,"25":1,"26":1,"27":1,"28":1,"29":0},"f":{"0":1,"1":1,"2":1,"3":2,"4":2},"b":{"0":[1,1],"1":[1,0]},"_coverageSchema":"43e27e138ebf9cfc5966b082cf9a028302ed4184","hash":"13740bf7a59f60fd8089c20709ca3e6aea58f010"}
,"/Users/jakepeterson/Sprint4-Demo/server/models/AirliftMission.model.js": {"path":"/Users/jakepeterson/Sprint4-Demo/server/models/AirliftMission.model.js","statementMap":{"0":{"start":{"line":1,"column":17},"end":{"line":1,"column":36}},"1":{"start":{"line":3,"column":23},"end":{"line":100,"column":1}},"2":{"start":{"line":102,"column":0},"end":{"line":102,"column":32}}},"fnMap":{},"branchMap":{},"s":{"0":10,"1":10,"2":10},"f":{},"b":{},"_coverageSchema":"43e27e138ebf9cfc5966b082cf9a028302ed4184","hash":"2efdd2b32184a1c25fa9cfe8400c2b8c91321936"}
,"/Users/jakepeterson/Sprint4-Demo/server/models/db.model.js": {"path":"/Users/jakepeterson/Sprint4-Demo/server/models/db.model.js","statementMap":{"0":{"start":{"line":1,"column":17},"end":{"line":1,"column":36}},"1":{"start":{"line":2,"column":0},"end":{"line":2,"column":34}},"2":{"start":{"line":4,"column":11},"end":{"line":4,"column":13}},"3":{"start":{"line":6,"column":0},"end":{"line":6,"column":23}},"4":{"start":{"line":8,"column":0},"end":{"line":8,"column":54}},"5":{"start":{"line":11,"column":0},"end":{"line":11,"column":52}},"6":{"start":{"line":12,"column":0},"end":{"line":12,"column":54}},"7":{"start":{"line":13,"column":0},"end":{"line":13,"column":50}},"8":{"start":{"line":14,"column":0},"end":{"line":14,"column":50}},"9":{"start":{"line":15,"column":0},"end":{"line":15,"column":44}},"10":{"start":{"line":16,"column":0},"end":{"line":16,"column":50}},"11":{"start":{"line":17,"column":0},"end":{"line":17,"column":44}},"12":{"start":{"line":18,"column":0},"end":{"line":18,"column":52}},"13":{"start":{"line":19,"column":0},"end":{"line":19,"column":42}},"14":{"start":{"line":21,"column":0},"end":{"line":21,"column":20}}},"fnMap":{},"branchMap":{},"s":{"0":10,"1":10,"2":10,"3":10,"4":10,"5":10,"6":10,"7":10,"8":10,"9":10,"10":10,"11":10,"12":10,"13":10,"14":10},"f":{},"b":{},"_coverageSchema":"43e27e138ebf9cfc5966b082cf9a028302ed4184","hash":"e815e2d8eac564b706100428faa9320036ca0f41"}
,"/Users/jakepeterson/Sprint4-Demo/server/models/feedback.model.js": {"path":"/Users/jakepeterson/Sprint4-Demo/server/models/feedback.model.js","statementMap":{"0":{"start":{"line":1,"column":17},"end":{"line":1,"column":36}},"1":{"start":{"line":4,"column":23},"end":{"line":4,"column":38}},"2":{"start":{"line":7,"column":17},"end":{"line":16,"column":2}},"3":{"start":{"line":18,"column":0},"end":{"line":18,"column":54}}},"fnMap":{},"branchMap":{},"s":{"0":10,"1":10,"2":10,"3":10},"f":{},"b":{},"_coverageSchema":"43e27e138ebf9cfc5966b082cf9a028302ed4184","hash":"265ccac0f5e19b91419bd45e66f768f45b8a4b7c"}
,"/Users/jakepeterson/Sprint4-Demo/server/models/SubModels/aircraft.model.js": {"path":"/Users/jakepeterson/Sprint4-Demo/server/models/SubModels/aircraft.model.js","statementMap":{"0":{"start":{"line":1,"column":17},"end":{"line":1,"column":36}},"1":{"start":{"line":3,"column":17},"end":{"line":9,"column":1}},"2":{"start":{"line":11,"column":0},"end":{"line":11,"column":26}}},"fnMap":{},"branchMap":{},"s":{"0":10,"1":10,"2":10},"f":{},"b":{},"_coverageSchema":"43e27e138ebf9cfc5966b082cf9a028302ed4184","hash":"d7bbb62144a517c0b32137ae90011118eba70301"}
,"/Users/jakepeterson/Sprint4-Demo/server/models/SubModels/base.model.js": {"path":"/Users/jakepeterson/Sprint4-Demo/server/models/SubModels/base.model.js","statementMap":{"0":{"start":{"line":1,"column":17},"end":{"line":1,"column":36}},"1":{"start":{"line":3,"column":13},"end":{"line":9,"column":1}},"2":{"start":{"line":11,"column":0},"end":{"line":11,"column":22}}},"fnMap":{},"branchMap":{},"s":{"0":10,"1":10,"2":10},"f":{},"b":{},"_coverageSchema":"43e27e138ebf9cfc5966b082cf9a028302ed4184","hash":"533655086c4c8cf0ec458bf43d94a184803fd604"}
,"/Users/jakepeterson/Sprint4-Demo/server/models/SubModels/channel.model.js": {"path":"/Users/jakepeterson/Sprint4-Demo/server/models/SubModels/channel.model.js","statementMap":{"0":{"start":{"line":1,"column":17},"end":{"line":1,"column":36}},"1":{"start":{"line":3,"column":16},"end":{"line":9,"column":1}},"2":{"start":{"line":11,"column":0},"end":{"line":11,"column":25}}},"fnMap":{},"branchMap":{},"s":{"0":10,"1":10,"2":10},"f":{},"b":{},"_coverageSchema":"43e27e138ebf9cfc5966b082cf9a028302ed4184","hash":"50d0e7774e39cb1e1db061c1f1a2fde257d2c01b"}
,"/Users/jakepeterson/Sprint4-Demo/server/models/SubModels/icao.model.js": {"path":"/Users/jakepeterson/Sprint4-Demo/server/models/SubModels/icao.model.js","statementMap":{"0":{"start":{"line":1,"column":17},"end":{"line":1,"column":36}},"1":{"start":{"line":3,"column":13},"end":{"line":9,"column":1}},"2":{"start":{"line":11,"column":0},"end":{"line":11,"column":22}}},"fnMap":{},"branchMap":{},"s":{"0":10,"1":10,"2":10},"f":{},"b":{},"_coverageSchema":"43e27e138ebf9cfc5966b082cf9a028302ed4184","hash":"792a9ba1a9ad4f2db592226235404492501015d9"}
,"/Users/jakepeterson/Sprint4-Demo/server/models/SubModels/legType.model.js": {"path":"/Users/jakepeterson/Sprint4-Demo/server/models/SubModels/legType.model.js","statementMap":{"0":{"start":{"line":1,"column":17},"end":{"line":1,"column":36}},"1":{"start":{"line":3,"column":16},"end":{"line":9,"column":1}},"2":{"start":{"line":11,"column":0},"end":{"line":11,"column":25}}},"fnMap":{},"branchMap":{},"s":{"0":10,"1":10,"2":10},"f":{},"b":{},"_coverageSchema":"43e27e138ebf9cfc5966b082cf9a028302ed4184","hash":"ce4cdcb4c74928fdac50d2990f4e01b2dc4d0a62"}
,"/Users/jakepeterson/Sprint4-Demo/server/models/SubModels/msnType.model.js": {"path":"/Users/jakepeterson/Sprint4-Demo/server/models/SubModels/msnType.model.js","statementMap":{"0":{"start":{"line":1,"column":17},"end":{"line":1,"column":36}},"1":{"start":{"line":3,"column":16},"end":{"line":9,"column":1}},"2":{"start":{"line":11,"column":0},"end":{"line":11,"column":25}}},"fnMap":{},"branchMap":{},"s":{"0":10,"1":10,"2":10},"f":{},"b":{},"_coverageSchema":"43e27e138ebf9cfc5966b082cf9a028302ed4184","hash":"8a45342f6355ddc141b55a695901e7b6bb491ded"}
,"/Users/jakepeterson/Sprint4-Demo/server/models/SubModels/operation.model.js": {"path":"/Users/jakepeterson/Sprint4-Demo/server/models/SubModels/operation.model.js","statementMap":{"0":{"start":{"line":1,"column":17},"end":{"line":1,"column":36}},"1":{"start":{"line":3,"column":18},"end":{"line":9,"column":1}},"2":{"start":{"line":11,"column":0},"end":{"line":11,"column":27}}},"fnMap":{},"branchMap":{},"s":{"0":10,"1":10,"2":10},"f":{},"b":{},"_coverageSchema":"43e27e138ebf9cfc5966b082cf9a028302ed4184","hash":"6bc0c61ff747bbc4b89f4acacc12dec2eef1ab93"}
,"/Users/jakepeterson/Sprint4-Demo/server/models/SubModels/squadron.model.js": {"path":"/Users/jakepeterson/Sprint4-Demo/server/models/SubModels/squadron.model.js","statementMap":{"0":{"start":{"line":1,"column":17},"end":{"line":1,"column":36}},"1":{"start":{"line":3,"column":17},"end":{"line":9,"column":1}},"2":{"start":{"line":11,"column":0},"end":{"line":11,"column":26}}},"fnMap":{},"branchMap":{},"s":{"0":10,"1":10,"2":10},"f":{},"b":{},"_coverageSchema":"43e27e138ebf9cfc5966b082cf9a028302ed4184","hash":"f1b467a45889f3f6b6cd89f537dfa27722305570"}
,"/Users/jakepeterson/Sprint4-Demo/server/routes/private.routes.js": {"path":"/Users/jakepeterson/Sprint4-Demo/server/routes/private.routes.js","statementMap":{"0":{"start":{"line":2,"column":17},"end":{"line":2,"column":67}},"1":{"start":{"line":5,"column":29},"end":{"line":5,"column":80}},"2":{"start":{"line":6,"column":27},"end":{"line":6,"column":72}},"3":{"start":{"line":8,"column":27},"end":{"line":8,"column":94}},"4":{"start":{"line":9,"column":28},"end":{"line":9,"column":96}},"5":{"start":{"line":10,"column":26},"end":{"line":10,"column":92}},"6":{"start":{"line":11,"column":23},"end":{"line":11,"column":86}},"7":{"start":{"line":12,"column":26},"end":{"line":12,"column":92}},"8":{"start":{"line":13,"column":23},"end":{"line":13,"column":86}},"9":{"start":{"line":14,"column":27},"end":{"line":14,"column":94}},"10":{"start":{"line":16,"column":17},"end":{"line":16,"column":45}},"11":{"start":{"line":17,"column":25},"end":{"line":17,"column":70}},"12":{"start":{"line":19,"column":0},"end":{"line":119,"column":2}},"13":{"start":{"line":20,"column":2},"end":{"line":26,"column":5}},"14":{"start":{"line":21,"column":4},"end":{"line":24,"column":6}},"15":{"start":{"line":25,"column":4},"end":{"line":25,"column":11}},"16":{"start":{"line":30,"column":2},"end":{"line":30,"column":91}},"17":{"start":{"line":32,"column":2},"end":{"line":32,"column":101}},"18":{"start":{"line":34,"column":2},"end":{"line":34,"column":100}},"19":{"start":{"line":37,"column":2},"end":{"line":37,"column":107}},"20":{"start":{"line":39,"column":2},"end":{"line":39,"column":120}},"21":{"start":{"line":41,"column":2},"end":{"line":41,"column":116}},"22":{"start":{"line":47,"column":2},"end":{"line":47,"column":118}},"23":{"start":{"line":49,"column":2},"end":{"line":49,"column":126}},"24":{"start":{"line":51,"column":2},"end":{"line":51,"column":145}},"25":{"start":{"line":53,"column":2},"end":{"line":53,"column":127}},"26":{"start":{"line":58,"column":2},"end":{"line":58,"column":110}},"27":{"start":{"line":60,"column":2},"end":{"line":60,"column":99}},"28":{"start":{"line":62,"column":2},"end":{"line":62,"column":108}},"29":{"start":{"line":64,"column":2},"end":{"line":64,"column":118}},"30":{"start":{"line":67,"column":2},"end":{"line":67,"column":113}},"31":{"start":{"line":69,"column":2},"end":{"line":69,"column":102}},"32":{"start":{"line":71,"column":2},"end":{"line":71,"column":110}},"33":{"start":{"line":73,"column":2},"end":{"line":73,"column":121}},"34":{"start":{"line":76,"column":2},"end":{"line":76,"column":107}},"35":{"start":{"line":78,"column":2},"end":{"line":78,"column":96}},"36":{"start":{"line":80,"column":2},"end":{"line":80,"column":104}},"37":{"start":{"line":82,"column":2},"end":{"line":82,"column":115}},"38":{"start":{"line":85,"column":2},"end":{"line":85,"column":96}},"39":{"start":{"line":87,"column":2},"end":{"line":87,"column":86}},"40":{"start":{"line":89,"column":2},"end":{"line":89,"column":94}},"41":{"start":{"line":91,"column":2},"end":{"line":91,"column":105}},"42":{"start":{"line":94,"column":2},"end":{"line":94,"column":107}},"43":{"start":{"line":96,"column":2},"end":{"line":96,"column":96}},"44":{"start":{"line":98,"column":2},"end":{"line":98,"column":104}},"45":{"start":{"line":100,"column":2},"end":{"line":100,"column":115}},"46":{"start":{"line":103,"column":2},"end":{"line":103,"column":98}},"47":{"start":{"line":105,"column":2},"end":{"line":105,"column":87}},"48":{"start":{"line":107,"column":2},"end":{"line":107,"column":95}},"49":{"start":{"line":109,"column":2},"end":{"line":109,"column":107}},"50":{"start":{"line":112,"column":2},"end":{"line":112,"column":108}},"51":{"start":{"line":114,"column":2},"end":{"line":114,"column":98}},"52":{"start":{"line":116,"column":2},"end":{"line":116,"column":106}},"53":{"start":{"line":118,"column":2},"end":{"line":118,"column":117}}},"fnMap":{"0":{"name":"(anonymous_0)","decl":{"start":{"line":19,"column":17},"end":{"line":19,"column":18}},"loc":{"start":{"line":19,"column":32},"end":{"line":119,"column":1}},"line":19},"1":{"name":"(anonymous_1)","decl":{"start":{"line":20,"column":10},"end":{"line":20,"column":11}},"loc":{"start":{"line":20,"column":36},"end":{"line":26,"column":3}},"line":20}},"branchMap":{},"s":{"0":1,"1":1,"2":1,"3":1,"4":1,"5":1,"6":1,"7":1,"8":1,"9":1,"10":1,"11":1,"12":1,"13":1,"14":0,"15":0,"16":1,"17":1,"18":1,"19":1,"20":1,"21":1,"22":1,"23":1,"24":1,"25":1,"26":1,"27":1,"28":1,"29":1,"30":1,"31":1,"32":1,"33":1,"34":1,"35":1,"36":1,"37":1,"38":1,"39":1,"40":1,"41":1,"42":1,"43":1,"44":1,"45":1,"46":1,"47":1,"48":1,"49":1,"50":1,"51":1,"52":1,"53":1},"f":{"0":1,"1":0},"b":{},"_coverageSchema":"43e27e138ebf9cfc5966b082cf9a028302ed4184","hash":"afbc8e1851dcecd8e31c23c7fe9d72d8bc1887ee"}
,"/Users/jakepeterson/Sprint4-Demo/server/validations/mission.validations.js": {"path":"/Users/jakepeterson/Sprint4-Demo/server/validations/mission.validations.js","statementMap":{"0":{"start":{"line":1,"column":35},"end":{"line":1,"column":63}},"1":{"start":{"line":3,"column":0},"end":{"line":302,"column":2}},"2":{"start":{"line":296,"column":19},"end":{"line":296,"column":40}},"3":{"start":{"line":297,"column":4},"end":{"line":297,"column":23}},"4":{"start":{"line":298,"column":4},"end":{"line":299,"column":62}},"5":{"start":{"line":299,"column":6},"end":{"line":299,"column":62}},"6":{"start":{"line":300,"column":4},"end":{"line":300,"column":11}}},"fnMap":{"0":{"name":"(anonymous_0)","decl":{"start":{"line":295,"column":2},"end":{"line":295,"column":3}},"loc":{"start":{"line":295,"column":22},"end":{"line":301,"column":3}},"line":295}},"branchMap":{"0":{"loc":{"start":{"line":298,"column":4},"end":{"line":299,"column":62}},"type":"if","locations":[{"start":{"line":298,"column":4},"end":{"line":299,"column":62}},{"start":{"line":298,"column":4},"end":{"line":299,"column":62}}],"line":298}},"s":{"0":2,"1":2,"2":0,"3":0,"4":0,"5":0,"6":0},"f":{"0":0},"b":{"0":[0,0]},"_coverageSchema":"43e27e138ebf9cfc5966b082cf9a028302ed4184","hash":"0f7fb651d743c6b2e25689d84f8b76d9958076cf"}
}
