TN:
SF:/Users/jakepeterson/Sprint4-Demo/server/controllers/feedback.controller.js
FN:5,(anonymous_0)
FN:14,(anonymous_1)
FN:24,(anonymous_2)
FNF:3
FNH:1
FNDA:1,(anonymous_0)
FNDA:0,(anonymous_1)
FNDA:0,(anonymous_2)
DA:1,1
DA:2,1
DA:3,1
DA:5,1
DA:6,1
DA:7,1
DA:8,0
DA:10,0
DA:14,1
DA:15,0
DA:16,0
DA:17,0
DA:18,0
DA:20,0
DA:24,1
DA:25,0
DA:26,0
DA:27,0
DA:28,0
DA:30,0
LF:20
LH:8
BRF:0
BRH:0
end_of_record
TN:
SF:/Users/jakepeterson/Sprint4-Demo/server/models/AirliftMission.model.js
FNF:0
FNH:0
DA:1,1
DA:3,1
DA:102,1
LF:3
LH:3
BRF:0
BRH:0
end_of_record
TN:
SF:/Users/jakepeterson/Sprint4-Demo/server/models/db.model.js
FNF:0
FNH:0
DA:1,1
DA:2,1
DA:4,1
DA:6,1
DA:8,1
DA:11,1
DA:12,1
DA:13,1
DA:14,1
DA:15,1
DA:16,1
DA:17,1
DA:18,1
DA:19,1
DA:21,1
LF:15
LH:15
BRF:0
BRH:0
end_of_record
TN:
SF:/Users/jakepeterson/Sprint4-Demo/server/models/feedback.model.js
FNF:0
FNH:0
DA:1,1
DA:4,1
DA:7,1
DA:18,1
LF:4
LH:4
BRF:0
BRH:0
end_of_record
TN:
SF:/Users/jakepeterson/Sprint4-Demo/server/models/SubModels/aircraft.model.js
FNF:0
FNH:0
DA:1,1
DA:3,1
DA:11,1
LF:3
LH:3
BRF:0
BRH:0
end_of_record
TN:
SF:/Users/jakepeterson/Sprint4-Demo/server/models/SubModels/base.model.js
FNF:0
FNH:0
DA:1,1
DA:3,1
DA:11,1
LF:3
LH:3
BRF:0
BRH:0
end_of_record
TN:
SF:/Users/jakepeterson/Sprint4-Demo/server/models/SubModels/channel.model.js
FNF:0
FNH:0
DA:1,1
DA:3,1
DA:11,1
LF:3
LH:3
BRF:0
BRH:0
end_of_record
TN:
SF:/Users/jakepeterson/Sprint4-Demo/server/models/SubModels/icao.model.js
FNF:0
FNH:0
DA:1,1
DA:3,1
DA:11,1
LF:3
LH:3
BRF:0
BRH:0
end_of_record
TN:
SF:/Users/jakepeterson/Sprint4-Demo/server/models/SubModels/legType.model.js
FNF:0
FNH:0
DA:1,1
DA:3,1
DA:11,1
LF:3
LH:3
BRF:0
BRH:0
end_of_record
TN:
SF:/Users/jakepeterson/Sprint4-Demo/server/models/SubModels/msnType.model.js
FNF:0
FNH:0
DA:1,1
DA:3,1
DA:11,1
LF:3
LH:3
BRF:0
BRH:0
end_of_record
TN:
SF:/Users/jakepeterson/Sprint4-Demo/server/models/SubModels/operation.model.js
FNF:0
FNH:0
DA:1,1
DA:3,1
DA:11,1
LF:3
LH:3
BRF:0
BRH:0
end_of_record
TN:
SF:/Users/jakepeterson/Sprint4-Demo/server/models/SubModels/squadron.model.js
FNF:0
FNH:0
DA:1,1
DA:3,1
DA:11,1
LF:3
LH:3
BRF:0
BRH:0
end_of_record
