TN:
SF:/Users/jakepeterson/Sprint4-Demo/server.js
FN:20,(anonymous_0)
FN:46,(anonymous_1)
FN:49,(anonymous_2)
FN:64,(anonymous_3)
FN:66,(anonymous_4)
FN:73,(anonymous_5)
FN:78,(anonymous_6)
FN:83,(anonymous_7)
FNF:8
FNH:1
FNDA:1,(anonymous_0)
FNDA:0,(anonymous_1)
FNDA:0,(anonymous_2)
FNDA:0,(anonymous_3)
FNDA:0,(anonymous_4)
FNDA:0,(anonymous_5)
FNDA:0,(anonymous_6)
FNDA:0,(anonymous_7)
DA:1,1
DA:2,1
DA:3,1
DA:4,1
DA:5,1
DA:6,1
DA:7,1
DA:8,1
DA:9,1
DA:11,1
DA:13,1
DA:14,1
DA:15,1
DA:16,1
DA:17,1
DA:18,1
DA:20,1
DA:21,1
DA:24,1
DA:26,1
DA:27,1
DA:29,1
DA:32,1
DA:34,1
DA:36,1
DA:37,0
DA:38,0
DA:39,0
DA:47,0
DA:50,0
DA:51,0
DA:53,1
DA:54,0
DA:56,1
DA:57,1
DA:67,0
DA:68,0
DA:73,1
DA:74,0
DA:78,1
DA:79,0
DA:83,1
DA:85,0
DA:86,0
DA:89,0
DA:93,1
LF:46
LH:32
BRDA:36,0,0,0
BRDA:36,0,1,1
BRDA:53,1,0,0
BRDA:53,1,1,1
BRDA:86,2,0,0
BRDA:86,2,1,0
BRDA:89,3,0,0
BRDA:89,3,1,0
BRF:8
BRH:2
end_of_record
TN:
SF:/Users/jakepeterson/Sprint4-Demo/server/config/keycloak.config.js
FN:16,initKeycloak
FN:31,getKeycloak
FNF:2
FNH:2
FNDA:1,initKeycloak
FNDA:2,getKeycloak
DA:1,1
DA:2,1
DA:6,1
DA:17,1
DA:18,0
DA:19,0
DA:22,1
DA:23,0
DA:25,1
DA:26,1
DA:27,1
DA:32,2
DA:33,0
DA:35,2
DA:38,1
LF:15
LH:11
BRDA:17,0,0,0
BRDA:17,0,1,1
BRDA:22,1,0,0
BRDA:22,1,1,1
BRDA:32,2,0,0
BRDA:32,2,1,2
BRF:6
BRH:3
end_of_record
TN:
SF:/Users/jakepeterson/Sprint4-Demo/server/controllers/AirliftMission.controller.js
FN:8,(anonymous_0)
FN:29,(anonymous_1)
FN:39,(anonymous_2)
FN:51,(anonymous_3)
FN:62,(anonymous_4)
FN:72,(anonymous_5)
FN:124,(anonymous_6)
FNF:7
FNH:7
FNDA:1,(anonymous_0)
FNDA:1,(anonymous_1)
FNDA:1,(anonymous_2)
FNDA:1,(anonymous_3)
FNDA:1,(anonymous_4)
FNDA:1,(anonymous_5)
FNDA:1,(anonymous_6)
DA:1,2
DA:2,2
DA:3,2
DA:4,2
DA:5,2
DA:8,2
DA:9,1
DA:10,1
DA:22,1
DA:24,0
DA:29,2
DA:30,1
DA:31,1
DA:32,1
DA:34,0
DA:39,2
DA:40,1
DA:41,1
DA:44,1
DA:46,0
DA:51,2
DA:52,1
DA:53,1
DA:54,1
DA:55,1
DA:57,0
DA:62,2
DA:63,1
DA:64,1
DA:65,1
DA:67,0
DA:72,2
DA:73,1
DA:74,1
DA:75,1
DA:76,1
DA:77,1
DA:79,1
DA:80,1
DA:82,1
DA:94,1
DA:96,0
DA:124,2
DA:125,1
DA:126,1
DA:127,1
DA:128,1
DA:130,1
DA:131,1
DA:133,1
DA:134,1
DA:136,1
DA:137,1
DA:139,1
DA:140,1
DA:142,1
DA:143,1
DA:145,1
DA:146,1
DA:148,1
DA:149,1
DA:151,1
DA:152,1
DA:154,1
DA:155,1
DA:157,1
DA:158,1
DA:234,1
DA:236,0
LF:69
LH:62
BRDA:76,0,0,1
BRDA:76,0,1,0
BRDA:76,1,0,1
BRDA:76,1,1,1
BRDA:79,2,0,1
BRDA:79,2,1,0
BRDA:127,3,0,1
BRDA:127,3,1,0
BRDA:127,4,0,1
BRDA:127,4,1,1
BRDA:130,5,0,1
BRDA:130,5,1,0
BRDA:133,6,0,1
BRDA:133,6,1,0
BRDA:136,7,0,1
BRDA:136,7,1,0
BRDA:139,8,0,1
BRDA:139,8,1,0
BRDA:142,9,0,1
BRDA:142,9,1,0
BRDA:145,10,0,1
BRDA:145,10,1,0
BRDA:148,11,0,1
BRDA:148,11,1,0
BRDA:151,12,0,1
BRDA:151,12,1,0
BRDA:154,13,0,1
BRDA:154,13,1,0
BRF:28
BRH:16
end_of_record
TN:
SF:/Users/jakepeterson/Sprint4-Demo/server/controllers/feedback.controller.js
FN:5,(anonymous_0)
FN:14,(anonymous_1)
FN:24,(anonymous_2)
FNF:3
FNH:3
FNDA:1,(anonymous_0)
FNDA:1,(anonymous_1)
FNDA:1,(anonymous_2)
DA:1,2
DA:2,2
DA:3,2
DA:5,2
DA:6,1
DA:7,1
DA:8,1
DA:10,0
DA:14,2
DA:15,1
DA:16,1
DA:17,1
DA:18,1
DA:20,0
DA:24,2
DA:25,1
DA:26,1
DA:27,1
DA:29,0
LF:19
LH:16
BRF:0
BRH:0
end_of_record
TN:
SF:/Users/jakepeterson/Sprint4-Demo/server/controllers/parameter_controllers/aircraft.controller.js
FN:5,(anonymous_0)
FN:18,(anonymous_1)
FN:27,(anonymous_2)
FN:37,(anonymous_3)
FN:40,(anonymous_4)
FNF:5
FNH:5
FNDA:1,(anonymous_0)
FNDA:1,(anonymous_1)
FNDA:1,(anonymous_2)
FNDA:2,(anonymous_3)
FNDA:2,(anonymous_4)
DA:1,2
DA:2,2
DA:5,2
DA:6,1
DA:10,1
DA:11,1
DA:12,1
DA:14,0
DA:18,2
DA:19,1
DA:20,1
DA:21,1
DA:23,0
DA:27,2
DA:28,1
DA:29,1
DA:32,1
DA:34,0
DA:37,2
DA:38,2
DA:39,2
DA:41,2
DA:42,1
DA:43,1
DA:44,1
DA:46,1
DA:47,1
DA:48,1
DA:49,1
DA:53,0
LF:30
LH:26
BRDA:41,0,0,1
BRDA:41,0,1,1
BRDA:46,1,0,1
BRDA:46,1,1,0
BRF:4
BRH:3
end_of_record
TN:
SF:/Users/jakepeterson/Sprint4-Demo/server/controllers/parameter_controllers/base.controller.js
FN:5,(anonymous_0)
FN:18,(anonymous_1)
FN:27,(anonymous_2)
FN:37,(anonymous_3)
FN:40,(anonymous_4)
FNF:5
FNH:5
FNDA:1,(anonymous_0)
FNDA:1,(anonymous_1)
FNDA:1,(anonymous_2)
FNDA:2,(anonymous_3)
FNDA:2,(anonymous_4)
DA:1,2
DA:2,2
DA:5,2
DA:6,1
DA:10,1
DA:11,1
DA:12,1
DA:14,0
DA:18,2
DA:19,1
DA:20,1
DA:21,1
DA:23,0
DA:27,2
DA:28,1
DA:29,1
DA:32,1
DA:34,0
DA:37,2
DA:38,2
DA:39,2
DA:41,2
DA:42,1
DA:43,1
DA:44,1
DA:46,1
DA:47,1
DA:48,1
DA:49,1
DA:53,0
LF:30
LH:26
BRDA:41,0,0,1
BRDA:41,0,1,1
BRDA:46,1,0,1
BRDA:46,1,1,0
BRF:4
BRH:3
end_of_record
TN:
SF:/Users/jakepeterson/Sprint4-Demo/server/controllers/parameter_controllers/channel.controller.js
FN:5,(anonymous_0)
FN:18,(anonymous_1)
FN:27,(anonymous_2)
FN:37,(anonymous_3)
FN:40,(anonymous_4)
FNF:5
FNH:5
FNDA:1,(anonymous_0)
FNDA:1,(anonymous_1)
FNDA:1,(anonymous_2)
FNDA:2,(anonymous_3)
FNDA:2,(anonymous_4)
DA:1,2
DA:2,2
DA:5,2
DA:6,1
DA:10,1
DA:11,1
DA:12,1
DA:14,0
DA:18,2
DA:19,1
DA:20,1
DA:21,1
DA:23,0
DA:27,2
DA:28,1
DA:29,1
DA:32,1
DA:34,0
DA:37,2
DA:38,2
DA:39,2
DA:41,2
DA:42,1
DA:43,1
DA:44,1
DA:46,1
DA:47,1
DA:48,1
DA:49,1
DA:53,0
LF:30
LH:26
BRDA:41,0,0,1
BRDA:41,0,1,1
BRDA:46,1,0,1
BRDA:46,1,1,0
BRF:4
BRH:3
end_of_record
TN:
SF:/Users/jakepeterson/Sprint4-Demo/server/controllers/parameter_controllers/icao.controller.js
FN:5,(anonymous_0)
FN:18,(anonymous_1)
FN:27,(anonymous_2)
FN:37,(anonymous_3)
FN:40,(anonymous_4)
FNF:5
FNH:5
FNDA:1,(anonymous_0)
FNDA:1,(anonymous_1)
FNDA:1,(anonymous_2)
FNDA:2,(anonymous_3)
FNDA:2,(anonymous_4)
DA:1,2
DA:2,2
DA:5,2
DA:6,1
DA:10,1
DA:11,1
DA:12,1
DA:14,0
DA:18,2
DA:19,1
DA:20,1
DA:21,1
DA:23,0
DA:27,2
DA:28,1
DA:29,1
DA:32,1
DA:34,0
DA:37,2
DA:38,2
DA:39,2
DA:41,2
DA:42,1
DA:43,1
DA:44,1
DA:46,1
DA:47,1
DA:48,1
DA:49,1
DA:53,0
LF:30
LH:26
BRDA:41,0,0,1
BRDA:41,0,1,1
BRDA:46,1,0,1
BRDA:46,1,1,0
BRF:4
BRH:3
end_of_record
TN:
SF:/Users/jakepeterson/Sprint4-Demo/server/controllers/parameter_controllers/msnType.controller.js
FN:5,(anonymous_0)
FN:18,(anonymous_1)
FN:27,(anonymous_2)
FN:37,(anonymous_3)
FN:40,(anonymous_4)
FNF:5
FNH:5
FNDA:1,(anonymous_0)
FNDA:1,(anonymous_1)
FNDA:1,(anonymous_2)
FNDA:2,(anonymous_3)
FNDA:2,(anonymous_4)
DA:1,2
DA:2,2
DA:5,2
DA:6,1
DA:10,1
DA:11,1
DA:12,1
DA:14,0
DA:18,2
DA:19,1
DA:20,1
DA:21,1
DA:23,0
DA:27,2
DA:28,1
DA:29,1
DA:32,1
DA:34,0
DA:37,2
DA:38,2
DA:39,2
DA:41,2
DA:42,1
DA:43,1
DA:44,1
DA:46,1
DA:47,1
DA:48,1
DA:49,1
DA:53,0
LF:30
LH:26
BRDA:41,0,0,1
BRDA:41,0,1,1
BRDA:46,1,0,1
BRDA:46,1,1,0
BRF:4
BRH:3
end_of_record
TN:
SF:/Users/jakepeterson/Sprint4-Demo/server/controllers/parameter_controllers/operation.controller.js
FN:5,(anonymous_0)
FN:18,(anonymous_1)
FN:27,(anonymous_2)
FN:37,(anonymous_3)
FN:40,(anonymous_4)
FNF:5
FNH:5
FNDA:1,(anonymous_0)
FNDA:1,(anonymous_1)
FNDA:1,(anonymous_2)
FNDA:2,(anonymous_3)
FNDA:2,(anonymous_4)
DA:1,2
DA:2,2
DA:5,2
DA:6,1
DA:10,1
DA:11,1
DA:12,1
DA:14,0
DA:18,2
DA:19,1
DA:20,1
DA:21,1
DA:23,0
DA:27,2
DA:28,1
DA:29,1
DA:32,1
DA:34,0
DA:37,2
DA:38,2
DA:39,2
DA:41,2
DA:42,1
DA:43,1
DA:44,1
DA:46,1
DA:47,1
DA:48,1
DA:49,1
DA:53,0
LF:30
LH:26
BRDA:41,0,0,1
BRDA:41,0,1,1
BRDA:46,1,0,1
BRDA:46,1,1,0
BRF:4
BRH:3
end_of_record
TN:
SF:/Users/jakepeterson/Sprint4-Demo/server/controllers/parameter_controllers/squadron.controller.js
FN:5,(anonymous_0)
FN:18,(anonymous_1)
FN:27,(anonymous_2)
FN:37,(anonymous_3)
FN:40,(anonymous_4)
FNF:5
FNH:5
FNDA:1,(anonymous_0)
FNDA:1,(anonymous_1)
FNDA:1,(anonymous_2)
FNDA:2,(anonymous_3)
FNDA:2,(anonymous_4)
DA:1,2
DA:2,2
DA:5,2
DA:6,1
DA:10,1
DA:11,1
DA:12,1
DA:14,0
DA:18,2
DA:19,1
DA:20,1
DA:21,1
DA:23,0
DA:27,2
DA:28,1
DA:29,1
DA:32,1
DA:34,0
DA:37,2
DA:38,2
DA:39,2
DA:41,2
DA:42,1
DA:43,1
DA:44,1
DA:46,1
DA:47,1
DA:48,1
DA:49,1
DA:53,0
LF:30
LH:26
BRDA:41,0,0,1
BRDA:41,0,1,1
BRDA:46,1,0,1
BRDA:46,1,1,0
BRF:4
BRH:3
end_of_record
TN:
SF:/Users/jakepeterson/Sprint4-Demo/server/models/AirliftMission.model.js
FNF:0
FNH:0
DA:1,10
DA:3,10
DA:102,10
LF:3
LH:3
BRF:0
BRH:0
end_of_record
TN:
SF:/Users/jakepeterson/Sprint4-Demo/server/models/db.model.js
FNF:0
FNH:0
DA:1,10
DA:2,10
DA:4,10
DA:6,10
DA:8,10
DA:11,10
DA:12,10
DA:13,10
DA:14,10
DA:15,10
DA:16,10
DA:17,10
DA:18,10
DA:19,10
DA:21,10
LF:15
LH:15
BRF:0
BRH:0
end_of_record
TN:
SF:/Users/jakepeterson/Sprint4-Demo/server/models/feedback.model.js
FNF:0
FNH:0
DA:1,10
DA:4,10
DA:7,10
DA:18,10
LF:4
LH:4
BRF:0
BRH:0
end_of_record
TN:
SF:/Users/jakepeterson/Sprint4-Demo/server/models/SubModels/aircraft.model.js
FNF:0
FNH:0
DA:1,10
DA:3,10
DA:11,10
LF:3
LH:3
BRF:0
BRH:0
end_of_record
TN:
SF:/Users/jakepeterson/Sprint4-Demo/server/models/SubModels/base.model.js
FNF:0
FNH:0
DA:1,10
DA:3,10
DA:11,10
LF:3
LH:3
BRF:0
BRH:0
end_of_record
TN:
SF:/Users/jakepeterson/Sprint4-Demo/server/models/SubModels/channel.model.js
FNF:0
FNH:0
DA:1,10
DA:3,10
DA:11,10
LF:3
LH:3
BRF:0
BRH:0
end_of_record
TN:
SF:/Users/jakepeterson/Sprint4-Demo/server/models/SubModels/icao.model.js
FNF:0
FNH:0
DA:1,10
DA:3,10
DA:11,10
LF:3
LH:3
BRF:0
BRH:0
end_of_record
TN:
SF:/Users/jakepeterson/Sprint4-Demo/server/models/SubModels/legType.model.js
FNF:0
FNH:0
DA:1,10
DA:3,10
DA:11,10
LF:3
LH:3
BRF:0
BRH:0
end_of_record
TN:
SF:/Users/jakepeterson/Sprint4-Demo/server/models/SubModels/msnType.model.js
FNF:0
FNH:0
DA:1,10
DA:3,10
DA:11,10
LF:3
LH:3
BRF:0
BRH:0
end_of_record
TN:
SF:/Users/jakepeterson/Sprint4-Demo/server/models/SubModels/operation.model.js
FNF:0
FNH:0
DA:1,10
DA:3,10
DA:11,10
LF:3
LH:3
BRF:0
BRH:0
end_of_record
TN:
SF:/Users/jakepeterson/Sprint4-Demo/server/models/SubModels/squadron.model.js
FNF:0
FNH:0
DA:1,10
DA:3,10
DA:11,10
LF:3
LH:3
BRF:0
BRH:0
end_of_record
TN:
SF:/Users/jakepeterson/Sprint4-Demo/server/routes/private.routes.js
FN:22,(anonymous_0)
FN:23,(anonymous_1)
FNF:2
FNH:1
FNDA:1,(anonymous_0)
FNDA:0,(anonymous_1)
DA:2,1
DA:5,1
DA:6,1
DA:9,1
DA:10,1
DA:11,1
DA:12,1
DA:13,1
DA:14,1
DA:15,1
DA:18,1
DA:19,1
DA:20,1
DA:22,1
DA:23,1
DA:24,0
DA:28,0
DA:33,1
DA:35,1
DA:37,1
DA:40,1
DA:42,1
DA:44,1
DA:50,1
DA:52,1
DA:54,1
DA:56,1
DA:61,1
DA:63,1
DA:65,1
DA:67,1
DA:70,1
DA:72,1
DA:74,1
DA:76,1
DA:79,1
DA:81,1
DA:83,1
DA:85,1
DA:88,1
DA:90,1
DA:92,1
DA:94,1
DA:97,1
DA:99,1
DA:101,1
DA:103,1
DA:106,1
DA:108,1
DA:110,1
DA:112,1
DA:115,1
DA:117,1
DA:119,1
DA:121,1
LF:55
LH:53
BRF:0
BRH:0
end_of_record
TN:
SF:/Users/jakepeterson/Sprint4-Demo/server/validations/datamg.validations.js
FN:13,(anonymous_0)
FN:41,(anonymous_1)
FN:60,(anonymous_2)
FNF:3
FNH:0
FNDA:0,(anonymous_0)
FNDA:0,(anonymous_1)
FNDA:0,(anonymous_2)
DA:1,1
DA:3,1
DA:14,0
DA:15,0
DA:16,0
DA:17,0
DA:18,0
DA:22,1
DA:42,0
DA:43,0
DA:44,0
DA:45,0
DA:46,0
DA:50,1
DA:61,0
DA:62,0
DA:63,0
DA:64,0
DA:65,0
LF:19
LH:4
BRDA:16,0,0,0
BRDA:16,0,1,0
BRDA:44,1,0,0
BRDA:44,1,1,0
BRDA:63,2,0,0
BRDA:63,2,1,0
BRF:6
BRH:0
end_of_record
TN:
SF:/Users/jakepeterson/Sprint4-Demo/server/validations/feedback.validations.js
FN:58,(anonymous_0)
FN:77,(anonymous_1)
FNF:2
FNH:0
FNDA:0,(anonymous_0)
FNDA:0,(anonymous_1)
DA:1,1
DA:3,1
DA:59,0
DA:60,0
DA:61,0
DA:62,0
DA:63,0
DA:67,1
DA:78,0
DA:79,0
DA:80,0
DA:81,0
DA:82,0
LF:13
LH:3
BRDA:61,0,0,0
BRDA:61,0,1,0
BRDA:80,1,0,0
BRDA:80,1,1,0
BRF:4
BRH:0
end_of_record
TN:
SF:/Users/jakepeterson/Sprint4-Demo/server/validations/mission.validations.js
FN:271,(anonymous_0)
FN:362,(anonymous_1)
FN:381,(anonymous_2)
FN:413,(anonymous_3)
FNF:4
FNH:0
FNDA:0,(anonymous_0)
FNDA:0,(anonymous_1)
FNDA:0,(anonymous_2)
FNDA:0,(anonymous_3)
DA:1,2
DA:3,2
DA:272,0
DA:273,0
DA:274,0
DA:275,0
DA:276,0
DA:280,2
DA:363,0
DA:364,0
DA:365,0
DA:366,0
DA:367,0
DA:371,2
DA:382,0
DA:383,0
DA:384,0
DA:385,0
DA:386,0
DA:390,2
DA:414,0
DA:415,0
DA:416,0
DA:417,0
DA:418,0
LF:25
LH:5
BRDA:274,0,0,0
BRDA:274,0,1,0
BRDA:365,1,0,0
BRDA:365,1,1,0
BRDA:384,2,0,0
BRDA:384,2,1,0
BRDA:416,3,0,0
BRDA:416,3,1,0
BRF:8
BRH:0
end_of_record
